{"C:\\Users\\victo\\Documents\\projects_github\\Gym_execution\\app\\src\\hooks\\useCameraCapture.ts": {"path":"C:\\Users\\victo\\Documents\\projects_github\\Gym_execution\\app\\src\\hooks\\useCameraCapture.ts","statementMap":{"0":{"start":{"line":8,"column":27},"end":{"line":8,"column":30}},"1":{"start":{"line":26,"column":26},"end":{"line":26,"column":42}},"2":{"start":{"line":27,"column":25},"end":{"line":27,"column":83}},"3":{"start":{"line":28,"column":42},"end":{"line":28,"column":64}},"4":{"start":{"line":29,"column":20},"end":{"line":29,"column":51}},"5":{"start":{"line":30,"column":22},"end":{"line":30,"column":73}},"6":{"start":{"line":31,"column":23},"end":{"line":31,"column":36}},"7":{"start":{"line":33,"column":2},"end":{"line":37,"column":38}},"8":{"start":{"line":34,"column":4},"end":{"line":36,"column":5}},"9":{"start":{"line":35,"column":6},"end":{"line":35,"column":26}},"10":{"start":{"line":39,"column":2},"end":{"line":74,"column":47}},"11":{"start":{"line":40,"column":4},"end":{"line":40,"column":29}},"12":{"start":{"line":40,"column":22},"end":{"line":40,"column":29}},"13":{"start":{"line":42,"column":4},"end":{"line":66,"column":27}},"14":{"start":{"line":43,"column":6},"end":{"line":43,"column":61}},"15":{"start":{"line":43,"column":54},"end":{"line":43,"column":61}},"16":{"start":{"line":44,"column":6},"end":{"line":44,"column":34}},"17":{"start":{"line":46,"column":6},"end":{"line":65,"column":11}},"18":{"start":{"line":49,"column":10},"end":{"line":49,"column":29}},"19":{"start":{"line":49,"column":22},"end":{"line":49,"column":29}},"20":{"start":{"line":50,"column":42},"end":{"line":50,"column":102}},"21":{"start":{"line":51,"column":10},"end":{"line":57,"column":13}},"22":{"start":{"line":54,"column":12},"end":{"line":56,"column":13}},"23":{"start":{"line":55,"column":14},"end":{"line":55,"column":86}},"24":{"start":{"line":61,"column":10},"end":{"line":61,"column":84}},"25":{"start":{"line":64,"column":10},"end":{"line":64,"column":39}},"26":{"start":{"line":68,"column":4},"end":{"line":73,"column":6}},"27":{"start":{"line":69,"column":6},"end":{"line":72,"column":7}},"28":{"start":{"line":70,"column":8},"end":{"line":70,"column":43}},"29":{"start":{"line":71,"column":8},"end":{"line":71,"column":35}},"30":{"start":{"line":76,"column":22},"end":{"line":81,"column":8}},"31":{"start":{"line":77,"column":4},"end":{"line":80,"column":5}},"32":{"start":{"line":78,"column":6},"end":{"line":78,"column":41}},"33":{"start":{"line":79,"column":6},"end":{"line":79,"column":33}},"34":{"start":{"line":83,"column":2},"end":{"line":83,"column":67}}},"fnMap":{"0":{"name":"useCameraCapture","decl":{"start":{"line":25,"column":16},"end":{"line":25,"column":32}},"loc":{"start":{"line":25,"column":82},"end":{"line":84,"column":1}},"line":25},"1":{"name":"(anonymous_1)","decl":{"start":{"line":33,"column":12},"end":{"line":33,"column":13}},"loc":{"start":{"line":33,"column":18},"end":{"line":37,"column":3}},"line":33},"2":{"name":"(anonymous_2)","decl":{"start":{"line":39,"column":12},"end":{"line":39,"column":13}},"loc":{"start":{"line":39,"column":18},"end":{"line":74,"column":3}},"line":39},"3":{"name":"(anonymous_3)","decl":{"start":{"line":42,"column":38},"end":{"line":42,"column":39}},"loc":{"start":{"line":42,"column":44},"end":{"line":66,"column":5}},"line":42},"4":{"name":"(anonymous_4)","decl":{"start":{"line":48,"column":14},"end":{"line":48,"column":15}},"loc":{"start":{"line":48,"column":25},"end":{"line":58,"column":9}},"line":48},"5":{"name":"(anonymous_5)","decl":{"start":{"line":51,"column":54},"end":{"line":51,"column":55}},"loc":{"start":{"line":51,"column":60},"end":{"line":57,"column":11}},"line":51},"6":{"name":"(anonymous_6)","decl":{"start":{"line":55,"column":76},"end":{"line":55,"column":77}},"loc":{"start":{"line":55,"column":82},"end":{"line":55,"column":84}},"line":55},"7":{"name":"(anonymous_7)","decl":{"start":{"line":59,"column":15},"end":{"line":59,"column":16}},"loc":{"start":{"line":59,"column":24},"end":{"line":62,"column":9}},"line":59},"8":{"name":"(anonymous_8)","decl":{"start":{"line":63,"column":17},"end":{"line":63,"column":18}},"loc":{"start":{"line":63,"column":23},"end":{"line":65,"column":9}},"line":63},"9":{"name":"(anonymous_9)","decl":{"start":{"line":68,"column":11},"end":{"line":68,"column":12}},"loc":{"start":{"line":68,"column":17},"end":{"line":73,"column":5}},"line":68},"10":{"name":"(anonymous_10)","decl":{"start":{"line":76,"column":34},"end":{"line":76,"column":35}},"loc":{"start":{"line":76,"column":40},"end":{"line":81,"column":3}},"line":76}},"branchMap":{"0":{"loc":{"start":{"line":34,"column":4},"end":{"line":36,"column":5}},"type":"if","locations":[{"start":{"line":34,"column":4},"end":{"line":36,"column":5}},{"start":{},"end":{}}],"line":34},"1":{"loc":{"start":{"line":34,"column":8},"end":{"line":34,"column":67}},"type":"binary-expr","locations":[{"start":{"line":34,"column":8},"end":{"line":34,"column":18}},{"start":{"line":34,"column":22},"end":{"line":34,"column":41}},{"start":{"line":34,"column":45},"end":{"line":34,"column":67}}],"line":34},"2":{"loc":{"start":{"line":40,"column":4},"end":{"line":40,"column":29}},"type":"if","locations":[{"start":{"line":40,"column":4},"end":{"line":40,"column":29}},{"start":{},"end":{}}],"line":40},"3":{"loc":{"start":{"line":43,"column":6},"end":{"line":43,"column":61}},"type":"if","locations":[{"start":{"line":43,"column":6},"end":{"line":43,"column":61}},{"start":{},"end":{}}],"line":43},"4":{"loc":{"start":{"line":43,"column":10},"end":{"line":43,"column":52}},"type":"binary-expr","locations":[{"start":{"line":43,"column":10},"end":{"line":43,"column":30}},{"start":{"line":43,"column":34},"end":{"line":43,"column":52}}],"line":43},"5":{"loc":{"start":{"line":49,"column":10},"end":{"line":49,"column":29}},"type":"if","locations":[{"start":{"line":49,"column":10},"end":{"line":49,"column":29}},{"start":{},"end":{}}],"line":49},"6":{"loc":{"start":{"line":54,"column":12},"end":{"line":56,"column":13}},"type":"if","locations":[{"start":{"line":54,"column":12},"end":{"line":56,"column":13}},{"start":{},"end":{}}],"line":54},"7":{"loc":{"start":{"line":69,"column":6},"end":{"line":72,"column":7}},"type":"if","locations":[{"start":{"line":69,"column":6},"end":{"line":72,"column":7}},{"start":{},"end":{}}],"line":69},"8":{"loc":{"start":{"line":77,"column":4},"end":{"line":80,"column":5}},"type":"if","locations":[{"start":{"line":77,"column":4},"end":{"line":80,"column":5}},{"start":{},"end":{}}],"line":77}},"s":{"0":0,"1":0,"2":0,"3":0,"4":0,"5":0,"6":0,"7":0,"8":0,"9":0,"10":0,"11":0,"12":0,"13":0,"14":0,"15":0,"16":0,"17":0,"18":0,"19":0,"20":0,"21":0,"22":0,"23":0,"24":0,"25":0,"26":0,"27":0,"28":0,"29":0,"30":0,"31":0,"32":0,"33":0,"34":0},"f":{"0":0,"1":0,"2":0,"3":0,"4":0,"5":0,"6":0,"7":0,"8":0,"9":0,"10":0},"b":{"0":[0,0],"1":[0,0,0],"2":[0,0],"3":[0,0],"4":[0,0],"5":[0,0],"6":[0,0],"7":[0,0],"8":[0,0]}}
,"C:\\Users\\victo\\Documents\\projects_github\\Gym_execution\\app\\src\\hooks\\useExerciseCatalog.ts": {"path":"C:\\Users\\victo\\Documents\\projects_github\\Gym_execution\\app\\src\\hooks\\useExerciseCatalog.ts","statementMap":{"0":{"start":{"line":16,"column":36},"end":{"line":16,"column":67}},"1":{"start":{"line":18,"column":2},"end":{"line":30,"column":9}},"2":{"start":{"line":19,"column":17},"end":{"line":19,"column":21}},"3":{"start":{"line":20,"column":18},"end":{"line":22,"column":5}},"4":{"start":{"line":21,"column":6},"end":{"line":21,"column":40}},"5":{"start":{"line":21,"column":18},"end":{"line":21,"column":40}},"6":{"start":{"line":24,"column":4},"end":{"line":24,"column":52}},"7":{"start":{"line":25,"column":4},"end":{"line":25,"column":55}},"8":{"start":{"line":27,"column":4},"end":{"line":29,"column":6}},"9":{"start":{"line":28,"column":6},"end":{"line":28,"column":21}},"10":{"start":{"line":32,"column":2},"end":{"line":32,"column":23}},"11":{"start":{"line":37,"column":2},"end":{"line":40,"column":4}},"12":{"start":{"line":38,"column":10},"end":{"line":38,"column":80}},"13":{"start":{"line":38,"column":57},"end":{"line":38,"column":77}}},"fnMap":{"0":{"name":"useExerciseCatalog","decl":{"start":{"line":15,"column":16},"end":{"line":15,"column":34}},"loc":{"start":{"line":15,"column":64},"end":{"line":33,"column":1}},"line":15},"1":{"name":"(anonymous_1)","decl":{"start":{"line":18,"column":12},"end":{"line":18,"column":13}},"loc":{"start":{"line":18,"column":18},"end":{"line":30,"column":3}},"line":18},"2":{"name":"(anonymous_2)","decl":{"start":{"line":20,"column":18},"end":{"line":20,"column":19}},"loc":{"start":{"line":20,"column":43},"end":{"line":22,"column":5}},"line":20},"3":{"name":"(anonymous_3)","decl":{"start":{"line":24,"column":42},"end":{"line":24,"column":43}},"loc":{"start":{"line":24,"column":48},"end":{"line":24,"column":50}},"line":24},"4":{"name":"(anonymous_4)","decl":{"start":{"line":25,"column":45},"end":{"line":25,"column":46}},"loc":{"start":{"line":25,"column":51},"end":{"line":25,"column":53}},"line":25},"5":{"name":"(anonymous_5)","decl":{"start":{"line":27,"column":11},"end":{"line":27,"column":12}},"loc":{"start":{"line":27,"column":17},"end":{"line":29,"column":5}},"line":27},"6":{"name":"useMuscleGroups","decl":{"start":{"line":36,"column":16},"end":{"line":36,"column":31}},"loc":{"start":{"line":36,"column":65},"end":{"line":41,"column":1}},"line":36},"7":{"name":"(anonymous_7)","decl":{"start":{"line":38,"column":4},"end":{"line":38,"column":5}},"loc":{"start":{"line":38,"column":10},"end":{"line":38,"column":80}},"line":38},"8":{"name":"(anonymous_8)","decl":{"start":{"line":38,"column":43},"end":{"line":38,"column":44}},"loc":{"start":{"line":38,"column":57},"end":{"line":38,"column":77}},"line":38}},"branchMap":{"0":{"loc":{"start":{"line":21,"column":6},"end":{"line":21,"column":40}},"type":"if","locations":[{"start":{"line":21,"column":6},"end":{"line":21,"column":40}},{"start":{},"end":{}}],"line":21}},"s":{"0":0,"1":0,"2":0,"3":0,"4":0,"5":0,"6":0,"7":0,"8":0,"9":0,"10":0,"11":0,"12":0,"13":0},"f":{"0":0,"1":0,"2":0,"3":0,"4":0,"5":0,"6":0,"7":0,"8":0},"b":{"0":[0,0]}}
,"C:\\Users\\victo\\Documents\\projects_github\\Gym_execution\\app\\src\\hooks\\usePoseSession.ts": {"path":"C:\\Users\\victo\\Documents\\projects_github\\Gym_execution\\app\\src\\hooks\\usePoseSession.ts","statementMap":{"0":{"start":{"line":21,"column":28},"end":{"line":21,"column":32}},"1":{"start":{"line":34,"column":30},"end":{"line":34,"column":65}},"2":{"start":{"line":35,"column":28},"end":{"line":35,"column":57}},"3":{"start":{"line":36,"column":36},"end":{"line":36,"column":74}},"4":{"start":{"line":37,"column":34},"end":{"line":37,"column":63}},"5":{"start":{"line":38,"column":32},"end":{"line":38,"column":68}},"6":{"start":{"line":39,"column":34},"end":{"line":39,"column":73}},"7":{"start":{"line":40,"column":20},"end":{"line":40,"column":43}},"8":{"start":{"line":42,"column":16},"end":{"line":48,"column":16}},"9":{"start":{"line":43,"column":4},"end":{"line":43,"column":25}},"10":{"start":{"line":44,"column":4},"end":{"line":44,"column":27}},"11":{"start":{"line":45,"column":4},"end":{"line":45,"column":22}},"12":{"start":{"line":46,"column":4},"end":{"line":46,"column":26}},"13":{"start":{"line":47,"column":4},"end":{"line":47,"column":27}},"14":{"start":{"line":51,"column":23},"end":{"line":59,"column":3}},"15":{"start":{"line":53,"column":6},"end":{"line":53,"column":41}},"16":{"start":{"line":53,"column":34},"end":{"line":53,"column":41}},"17":{"start":{"line":54,"column":20},"end":{"line":54,"column":67}},"18":{"start":{"line":55,"column":6},"end":{"line":55,"column":97}},"19":{"start":{"line":55,"column":67},"end":{"line":55,"column":97}},"20":{"start":{"line":56,"column":6},"end":{"line":56,"column":74}},"21":{"start":{"line":56,"column":17},"end":{"line":56,"column":74}},"22":{"start":{"line":61,"column":17},"end":{"line":71,"column":41}},"23":{"start":{"line":62,"column":4},"end":{"line":62,"column":39}},"24":{"start":{"line":62,"column":32},"end":{"line":62,"column":39}},"25":{"start":{"line":63,"column":23},"end":{"line":63,"column":73}},"26":{"start":{"line":64,"column":4},"end":{"line":64,"column":25}},"27":{"start":{"line":65,"column":4},"end":{"line":65,"column":54}},"28":{"start":{"line":66,"column":4},"end":{"line":66,"column":53}},"29":{"start":{"line":67,"column":4},"end":{"line":67,"column":49}},"30":{"start":{"line":68,"column":4},"end":{"line":68,"column":22}},"31":{"start":{"line":69,"column":4},"end":{"line":69,"column":26}},"32":{"start":{"line":70,"column":4},"end":{"line":70,"column":23}},"33":{"start":{"line":73,"column":2},"end":{"line":73,"column":96}}},"fnMap":{"0":{"name":"usePoseSession","decl":{"start":{"line":33,"column":16},"end":{"line":33,"column":30}},"loc":{"start":{"line":33,"column":85},"end":{"line":74,"column":1}},"line":33},"1":{"name":"(anonymous_1)","decl":{"start":{"line":42,"column":28},"end":{"line":42,"column":29}},"loc":{"start":{"line":42,"column":40},"end":{"line":48,"column":3}},"line":42},"2":{"name":"(anonymous_2)","decl":{"start":{"line":52,"column":4},"end":{"line":52,"column":5}},"loc":{"start":{"line":52,"column":67},"end":{"line":57,"column":5}},"line":52},"3":{"name":"(anonymous_3)","decl":{"start":{"line":61,"column":29},"end":{"line":61,"column":30}},"loc":{"start":{"line":61,"column":35},"end":{"line":71,"column":3}},"line":61}},"branchMap":{"0":{"loc":{"start":{"line":53,"column":6},"end":{"line":53,"column":41}},"type":"if","locations":[{"start":{"line":53,"column":6},"end":{"line":53,"column":41}},{"start":{},"end":{}}],"line":53},"1":{"loc":{"start":{"line":55,"column":6},"end":{"line":55,"column":97}},"type":"if","locations":[{"start":{"line":55,"column":6},"end":{"line":55,"column":97}},{"start":{},"end":{}}],"line":55},"2":{"loc":{"start":{"line":55,"column":10},"end":{"line":55,"column":65}},"type":"binary-expr","locations":[{"start":{"line":55,"column":10},"end":{"line":55,"column":15}},{"start":{"line":55,"column":19},"end":{"line":55,"column":65}}],"line":55},"3":{"loc":{"start":{"line":56,"column":6},"end":{"line":56,"column":74}},"type":"if","locations":[{"start":{"line":56,"column":6},"end":{"line":56,"column":74}},{"start":{},"end":{}}],"line":56},"4":{"loc":{"start":{"line":62,"column":4},"end":{"line":62,"column":39}},"type":"if","locations":[{"start":{"line":62,"column":4},"end":{"line":62,"column":39}},{"start":{},"end":{}}],"line":62}},"s":{"0":1,"1":15,"2":15,"3":15,"4":15,"5":15,"6":15,"7":15,"8":15,"9":3,"10":3,"11":3,"12":3,"13":3,"14":15,"15":2,"16":1,"17":1,"18":1,"19":1,"20":1,"21":1,"22":15,"23":3,"24":1,"25":2,"26":2,"27":2,"28":2,"29":2,"30":2,"31":2,"32":2,"33":15},"f":{"0":15,"1":3,"2":2,"3":3},"b":{"0":[1,1],"1":[1,0],"2":[1,1],"3":[1,0],"4":[1,2]},"_coverageSchema":"1a1c01bbd47fc00a2c39e90264f33305004495a9","hash":"a638851a34cc4f090578dfc9af44bef1fb2d18c3"}
,"C:\\Users\\victo\\Documents\\projects_github\\Gym_execution\\app\\src\\hooks\\useReferenceSequence.ts": {"path":"C:\\Users\\victo\\Documents\\projects_github\\Gym_execution\\app\\src\\hooks\\useReferenceSequence.ts","statementMap":{"0":{"start":{"line":20,"column":24},"end":{"line":20,"column":44}},"1":{"start":{"line":21,"column":28},"end":{"line":21,"column":75}},"2":{"start":{"line":23,"column":28},"end":{"line":23,"column":103}},"3":{"start":{"line":23,"column":57},"end":{"line":23,"column":83}},"4":{"start":{"line":25,"column":2},"end":{"line":42,"column":38}},"5":{"start":{"line":26,"column":17},"end":{"line":26,"column":21}},"6":{"start":{"line":28,"column":4},"end":{"line":37,"column":9}},"7":{"start":{"line":30,"column":8},"end":{"line":30,"column":63}},"8":{"start":{"line":30,"column":20},"end":{"line":30,"column":63}},"9":{"start":{"line":36,"column":8},"end":{"line":36,"column":81}},"10":{"start":{"line":36,"column":20},"end":{"line":36,"column":81}},"11":{"start":{"line":39,"column":4},"end":{"line":41,"column":6}},"12":{"start":{"line":40,"column":6},"end":{"line":40,"column":21}},"13":{"start":{"line":44,"column":2},"end":{"line":44,"column":15}}},"fnMap":{"0":{"name":"useReferenceSequence","decl":{"start":{"line":19,"column":16},"end":{"line":19,"column":36}},"loc":{"start":{"line":19,"column":73},"end":{"line":45,"column":1}},"line":19},"1":{"name":"(anonymous_1)","decl":{"start":{"line":23,"column":43},"end":{"line":23,"column":44}},"loc":{"start":{"line":23,"column":57},"end":{"line":23,"column":83}},"line":23},"2":{"name":"(anonymous_2)","decl":{"start":{"line":25,"column":12},"end":{"line":25,"column":13}},"loc":{"start":{"line":25,"column":18},"end":{"line":42,"column":3}},"line":25},"3":{"name":"(anonymous_3)","decl":{"start":{"line":29,"column":12},"end":{"line":29,"column":13}},"loc":{"start":{"line":29,"column":26},"end":{"line":31,"column":7}},"line":29},"4":{"name":"(anonymous_4)","decl":{"start":{"line":32,"column":13},"end":{"line":32,"column":14}},"loc":{"start":{"line":32,"column":19},"end":{"line":37,"column":7}},"line":32},"5":{"name":"(anonymous_5)","decl":{"start":{"line":39,"column":11},"end":{"line":39,"column":12}},"loc":{"start":{"line":39,"column":17},"end":{"line":41,"column":5}},"line":39}},"branchMap":{"0":{"loc":{"start":{"line":30,"column":8},"end":{"line":30,"column":63}},"type":"if","locations":[{"start":{"line":30,"column":8},"end":{"line":30,"column":63}},{"start":{},"end":{}}],"line":30},"1":{"loc":{"start":{"line":36,"column":8},"end":{"line":36,"column":81}},"type":"if","locations":[{"start":{"line":36,"column":8},"end":{"line":36,"column":81}},{"start":{},"end":{}}],"line":36}},"s":{"0":0,"1":0,"2":0,"3":0,"4":0,"5":0,"6":0,"7":0,"8":0,"9":0,"10":0,"11":0,"12":0,"13":0},"f":{"0":0,"1":0,"2":0,"3":0,"4":0,"5":0},"b":{"0":[0,0],"1":[0,0]}}
,"C:\\Users\\victo\\Documents\\projects_github\\Gym_execution\\app\\src\\hooks\\useSessionSubmit.ts": {"path":"C:\\Users\\victo\\Documents\\projects_github\\Gym_execution\\app\\src\\hooks\\useSessionSubmit.ts","statementMap":{"0":{"start":{"line":30,"column":17},"end":{"line":73,"column":3}},"1":{"start":{"line":32,"column":6},"end":{"line":38,"column":7}},"2":{"start":{"line":33,"column":8},"end":{"line":36,"column":11}},"3":{"start":{"line":37,"column":8},"end":{"line":37,"column":15}},"4":{"start":{"line":40,"column":25},"end":{"line":40,"column":35}},"5":{"start":{"line":43,"column":6},"end":{"line":49,"column":9}},"6":{"start":{"line":44,"column":8},"end":{"line":48,"column":27}},"7":{"start":{"line":52,"column":6},"end":{"line":70,"column":11}},"8":{"start":{"line":54,"column":35},"end":{"line":54,"column":95}},"9":{"start":{"line":54,"column":58},"end":{"line":54,"column":94}},"10":{"start":{"line":55,"column":10},"end":{"line":63,"column":13}},"11":{"start":{"line":66,"column":10},"end":{"line":69,"column":13}},"12":{"start":{"line":75,"column":2},"end":{"line":75,"column":20}}},"fnMap":{"0":{"name":"useSessionSubmit","decl":{"start":{"line":29,"column":16},"end":{"line":29,"column":32}},"loc":{"start":{"line":29,"column":57},"end":{"line":76,"column":1}},"line":29},"1":{"name":"(anonymous_1)","decl":{"start":{"line":31,"column":4},"end":{"line":31,"column":5}},"loc":{"start":{"line":31,"column":114},"end":{"line":71,"column":5}},"line":31},"2":{"name":"(anonymous_2)","decl":{"start":{"line":43,"column":74},"end":{"line":43,"column":75}},"loc":{"start":{"line":43,"column":80},"end":{"line":49,"column":7}},"line":43},"3":{"name":"(anonymous_3)","decl":{"start":{"line":48,"column":17},"end":{"line":48,"column":18}},"loc":{"start":{"line":48,"column":23},"end":{"line":48,"column":25}},"line":48},"4":{"name":"(anonymous_4)","decl":{"start":{"line":53,"column":14},"end":{"line":53,"column":15}},"loc":{"start":{"line":53,"column":28},"end":{"line":64,"column":9}},"line":53},"5":{"name":"(anonymous_5)","decl":{"start":{"line":54,"column":51},"end":{"line":54,"column":52}},"loc":{"start":{"line":54,"column":58},"end":{"line":54,"column":94}},"line":54},"6":{"name":"(anonymous_6)","decl":{"start":{"line":65,"column":15},"end":{"line":65,"column":16}},"loc":{"start":{"line":65,"column":21},"end":{"line":70,"column":9}},"line":65}},"branchMap":{"0":{"loc":{"start":{"line":32,"column":6},"end":{"line":38,"column":7}},"type":"if","locations":[{"start":{"line":32,"column":6},"end":{"line":38,"column":7}},{"start":{},"end":{}}],"line":32}},"s":{"0":0,"1":0,"2":0,"3":0,"4":0,"5":0,"6":0,"7":0,"8":0,"9":0,"10":0,"11":0,"12":0},"f":{"0":0,"1":0,"2":0,"3":0,"4":0,"5":0,"6":0},"b":{"0":[0,0]}}
,"C:\\Users\\victo\\Documents\\projects_github\\Gym_execution\\app\\src\\services\\accessibilityStyles.ts": {"path":"C:\\Users\\victo\\Documents\\projects_github\\Gym_execution\\app\\src\\services\\accessibilityStyles.ts","statementMap":{"0":{"start":{"line":7,"column":41},"end":{"line":7,"column":101}},"1":{"start":{"line":8,"column":38},"end":{"line":8,"column":98}},"2":{"start":{"line":12,"column":2},"end":{"line":12,"column":57}},"3":{"start":{"line":15,"column":25},"end":{"line":15,"column":28}},"4":{"start":{"line":19,"column":2},"end":{"line":19,"column":42}},"5":{"start":{"line":24,"column":2},"end":{"line":24,"column":56}}},"fnMap":{"0":{"name":"getContrastColors","decl":{"start":{"line":11,"column":16},"end":{"line":11,"column":33}},"loc":{"start":{"line":11,"column":73},"end":{"line":13,"column":1}},"line":11},"1":{"name":"getFontScale","decl":{"start":{"line":18,"column":16},"end":{"line":18,"column":28}},"loc":{"start":{"line":18,"column":57},"end":{"line":20,"column":1}},"line":18},"2":{"name":"scaleFontSize","decl":{"start":{"line":23,"column":16},"end":{"line":23,"column":29}},"loc":{"start":{"line":23,"column":76},"end":{"line":25,"column":1}},"line":23}},"branchMap":{"0":{"loc":{"start":{"line":12,"column":9},"end":{"line":12,"column":56}},"type":"cond-expr","locations":[{"start":{"line":12,"column":24},"end":{"line":12,"column":37}},{"start":{"line":12,"column":40},"end":{"line":12,"column":56}}],"line":12},"1":{"loc":{"start":{"line":19,"column":9},"end":{"line":19,"column":41}},"type":"cond-expr","locations":[{"start":{"line":19,"column":21},"end":{"line":19,"column":37}},{"start":{"line":19,"column":40},"end":{"line":19,"column":41}}],"line":19}},"s":{"0":2,"1":2,"2":6,"3":2,"4":4,"5":2},"f":{"0":6,"1":4,"2":2},"b":{"0":[5,1],"1":[2,2]},"_coverageSchema":"1a1c01bbd47fc00a2c39e90264f33305004495a9","hash":"f8a9548d2659b5ebae7445a77f042382a3a79fed"}
,"C:\\Users\\victo\\Documents\\projects_github\\Gym_execution\\app\\src\\services\\achievements.ts": {"path":"C:\\Users\\victo\\Documents\\projects_github\\Gym_execution\\app\\src\\services\\achievements.ts","statementMap":{"0":{"start":{"line":15,"column":24},"end":{"line":15,"column":39}},"1":{"start":{"line":16,"column":20},"end":{"line":16,"column":99}},"2":{"start":{"line":16,"column":80},"end":{"line":16,"column":93}},"3":{"start":{"line":18,"column":2},"end":{"line":25,"column":4}}},"fnMap":{"0":{"name":"computeAchievements","decl":{"start":{"line":14,"column":16},"end":{"line":14,"column":35}},"loc":{"start":{"line":14,"column":106},"end":{"line":26,"column":1}},"line":14},"1":{"name":"(anonymous_1)","decl":{"start":{"line":16,"column":67},"end":{"line":16,"column":68}},"loc":{"start":{"line":16,"column":80},"end":{"line":16,"column":93}},"line":16}},"branchMap":{"0":{"loc":{"start":{"line":16,"column":20},"end":{"line":16,"column":99}},"type":"cond-expr","locations":[{"start":{"line":16,"column":42},"end":{"line":16,"column":95}},{"start":{"line":16,"column":98},"end":{"line":16,"column":99}}],"line":16}},"s":{"0":6,"1":6,"2":28,"3":6},"f":{"0":6,"1":28},"b":{"0":[4,2]},"_coverageSchema":"1a1c01bbd47fc00a2c39e90264f33305004495a9","hash":"b24f2e07dd9f32d8c882e1a30e7a90db0f6fc874"}
,"C:\\Users\\victo\\Documents\\projects_github\\Gym_execution\\app\\src\\services\\apiClient.ts": {"path":"C:\\Users\\victo\\Documents\\projects_github\\Gym_execution\\app\\src\\services\\apiClient.ts","statementMap":{"0":{"start":{"line":1,"column":21},"end":{"line":1,"column":84}},"1":{"start":{"line":2,"column":27},"end":{"line":2,"column":33}},"2":{"start":{"line":6,"column":4},"end":{"line":6,"column":19}},"3":{"start":{"line":7,"column":4},"end":{"line":7,"column":27}},"4":{"start":{"line":19,"column":47},"end":{"line":19,"column":51}},"5":{"start":{"line":20,"column":65},"end":{"line":20,"column":69}},"6":{"start":{"line":23,"column":2},"end":{"line":23,"column":32}},"7":{"start":{"line":30,"column":2},"end":{"line":30,"column":32}},"8":{"start":{"line":34,"column":53},"end":{"line":34,"column":57}},"9":{"start":{"line":44,"column":2},"end":{"line":44,"column":57}},"10":{"start":{"line":44,"column":28},"end":{"line":44,"column":57}},"11":{"start":{"line":45,"column":2},"end":{"line":49,"column":3}},"12":{"start":{"line":46,"column":4},"end":{"line":48,"column":7}},"13":{"start":{"line":47,"column":6},"end":{"line":47,"column":29}},"14":{"start":{"line":50,"column":2},"end":{"line":50,"column":25}},"15":{"start":{"line":54,"column":65},"end":{"line":54,"column":72}},"16":{"start":{"line":56,"column":42},"end":{"line":56,"column":97}},"17":{"start":{"line":57,"column":2},"end":{"line":57,"column":55}},"18":{"start":{"line":57,"column":13},"end":{"line":57,"column":55}},"19":{"start":{"line":59,"column":19},"end":{"line":64,"column":4}},"20":{"start":{"line":66,"column":2},"end":{"line":79,"column":3}},"21":{"start":{"line":67,"column":4},"end":{"line":74,"column":5}},"22":{"start":{"line":68,"column":23},"end":{"line":68,"column":47}},"23":{"start":{"line":69,"column":6},"end":{"line":72,"column":7}},"24":{"start":{"line":71,"column":8},"end":{"line":71,"column":78}},"25":{"start":{"line":73,"column":6},"end":{"line":73,"column":30}},"26":{"start":{"line":76,"column":20},"end":{"line":76,"column":59}},"27":{"start":{"line":76,"column":54},"end":{"line":76,"column":58}},"28":{"start":{"line":77,"column":20},"end":{"line":77,"column":82}},"29":{"start":{"line":78,"column":4},"end":{"line":78,"column":49}},"30":{"start":{"line":81,"column":2},"end":{"line":81,"column":53}},"31":{"start":{"line":81,"column":31},"end":{"line":81,"column":53}},"32":{"start":{"line":82,"column":2},"end":{"line":82,"column":38}},"33":{"start":{"line":86,"column":2},"end":{"line":86,"column":42}}},"fnMap":{"0":{"name":"(anonymous_0)","decl":{"start":{"line":5,"column":2},"end":{"line":5,"column":3}},"loc":{"start":{"line":5,"column":54},"end":{"line":8,"column":3}},"line":5},"1":{"name":"setUnauthorizedHandler","decl":{"start":{"line":22,"column":16},"end":{"line":22,"column":38}},"loc":{"start":{"line":22,"column":75},"end":{"line":24,"column":1}},"line":22},"2":{"name":"setTokenRefreshHandler","decl":{"start":{"line":29,"column":16},"end":{"line":29,"column":38}},"loc":{"start":{"line":29,"column":93},"end":{"line":31,"column":1}},"line":29},"3":{"name":"refreshTokenOnce","decl":{"start":{"line":43,"column":9},"end":{"line":43,"column":25}},"loc":{"start":{"line":43,"column":52},"end":{"line":51,"column":1}},"line":43},"4":{"name":"(anonymous_4)","decl":{"start":{"line":46,"column":52},"end":{"line":46,"column":53}},"loc":{"start":{"line":46,"column":58},"end":{"line":48,"column":5}},"line":46},"5":{"name":"executeRequest","decl":{"start":{"line":53,"column":15},"end":{"line":53,"column":29}},"loc":{"start":{"line":53,"column":101},"end":{"line":83,"column":1}},"line":53},"6":{"name":"(anonymous_6)","decl":{"start":{"line":76,"column":48},"end":{"line":76,"column":49}},"loc":{"start":{"line":76,"column":54},"end":{"line":76,"column":58}},"line":76},"7":{"name":"apiRequest","decl":{"start":{"line":85,"column":16},"end":{"line":85,"column":26}},"loc":{"start":{"line":85,"column":86},"end":{"line":87,"column":1}},"line":85}},"branchMap":{"0":{"loc":{"start":{"line":1,"column":21},"end":{"line":1,"column":84}},"type":"binary-expr","locations":[{"start":{"line":1,"column":21},"end":{"line":1,"column":57}},{"start":{"line":1,"column":61},"end":{"line":1,"column":84}}],"line":1},"1":{"loc":{"start":{"line":44,"column":2},"end":{"line":44,"column":57}},"type":"if","locations":[{"start":{"line":44,"column":2},"end":{"line":44,"column":57}},{"start":{},"end":{}}],"line":44},"2":{"loc":{"start":{"line":45,"column":2},"end":{"line":49,"column":3}},"type":"if","locations":[{"start":{"line":45,"column":2},"end":{"line":49,"column":3}},{"start":{},"end":{}}],"line":45},"3":{"loc":{"start":{"line":53,"column":72},"end":{"line":53,"column":87}},"type":"default-arg","locations":[{"start":{"line":53,"column":82},"end":{"line":53,"column":87}}],"line":53},"4":{"loc":{"start":{"line":54,"column":10},"end":{"line":54,"column":24}},"type":"default-arg","locations":[{"start":{"line":54,"column":19},"end":{"line":54,"column":24}}],"line":54},"5":{"loc":{"start":{"line":57,"column":2},"end":{"line":57,"column":55}},"type":"if","locations":[{"start":{"line":57,"column":2},"end":{"line":57,"column":55}},{"start":{},"end":{}}],"line":57},"6":{"loc":{"start":{"line":62,"column":10},"end":{"line":62,"column":63}},"type":"cond-expr","locations":[{"start":{"line":62,"column":31},"end":{"line":62,"column":51}},{"start":{"line":62,"column":54},"end":{"line":62,"column":63}}],"line":62},"7":{"loc":{"start":{"line":66,"column":2},"end":{"line":79,"column":3}},"type":"if","locations":[{"start":{"line":66,"column":2},"end":{"line":79,"column":3}},{"start":{},"end":{}}],"line":66},"8":{"loc":{"start":{"line":67,"column":4},"end":{"line":74,"column":5}},"type":"if","locations":[{"start":{"line":67,"column":4},"end":{"line":74,"column":5}},{"start":{},"end":{}}],"line":67},"9":{"loc":{"start":{"line":67,"column":8},"end":{"line":67,"column":52}},"type":"binary-expr","locations":[{"start":{"line":67,"column":8},"end":{"line":67,"column":31}},{"start":{"line":67,"column":35},"end":{"line":67,"column":40}},{"start":{"line":67,"column":44},"end":{"line":67,"column":52}}],"line":67},"10":{"loc":{"start":{"line":69,"column":6},"end":{"line":72,"column":7}},"type":"if","locations":[{"start":{"line":69,"column":6},"end":{"line":72,"column":7}},{"start":{},"end":{}}],"line":69},"11":{"loc":{"start":{"line":77,"column":20},"end":{"line":77,"column":82}},"type":"binary-expr","locations":[{"start":{"line":77,"column":20},"end":{"line":77,"column":35}},{"start":{"line":77,"column":39},"end":{"line":77,"column":82}}],"line":77},"12":{"loc":{"start":{"line":81,"column":2},"end":{"line":81,"column":53}},"type":"if","locations":[{"start":{"line":81,"column":2},"end":{"line":81,"column":53}},{"start":{},"end":{}}],"line":81},"13":{"loc":{"start":{"line":85,"column":44},"end":{"line":85,"column":72}},"type":"default-arg","locations":[{"start":{"line":85,"column":70},"end":{"line":85,"column":72}}],"line":85}},"s":{"0":2,"1":2,"2":6,"3":6,"4":2,"5":2,"6":5,"7":5,"8":2,"9":3,"10":1,"11":2,"12":1,"13":1,"14":2,"15":8,"16":8,"17":8,"18":5,"19":8,"20":8,"21":6,"22":3,"23":3,"24":2,"25":1,"26":4,"27":1,"28":4,"29":4,"30":2,"31":0,"32":2,"33":6},"f":{"0":6,"1":5,"2":5,"3":3,"4":1,"5":8,"6":1,"7":6},"b":{"0":[2,2],"1":[1,2],"2":[1,1],"3":[6],"4":[7],"5":[5,3],"6":[1,7],"7":[6,2],"8":[3,3],"9":[6,4,3],"10":[2,1],"11":[4,1],"12":[0,2],"13":[2]},"_coverageSchema":"1a1c01bbd47fc00a2c39e90264f33305004495a9","hash":"cd8c559e87504427392f6aa2a1d899dc1122f1db"}
,"C:\\Users\\victo\\Documents\\projects_github\\Gym_execution\\app\\src\\services\\authService.ts": {"path":"C:\\Users\\victo\\Documents\\projects_github\\Gym_execution\\app\\src\\services\\authService.ts","statementMap":{"0":{"start":{"line":30,"column":2},"end":{"line":30,"column":103}},"1":{"start":{"line":34,"column":2},"end":{"line":34,"column":97}},"2":{"start":{"line":38,"column":2},"end":{"line":41,"column":5}},"3":{"start":{"line":45,"column":2},"end":{"line":48,"column":5}}},"fnMap":{"0":{"name":"register","decl":{"start":{"line":29,"column":16},"end":{"line":29,"column":24}},"loc":{"start":{"line":29,"column":93},"end":{"line":31,"column":1}},"line":29},"1":{"name":"login","decl":{"start":{"line":33,"column":16},"end":{"line":33,"column":21}},"loc":{"start":{"line":33,"column":79},"end":{"line":35,"column":1}},"line":33},"2":{"name":"refreshAccessToken","decl":{"start":{"line":37,"column":16},"end":{"line":37,"column":34}},"loc":{"start":{"line":37,"column":88},"end":{"line":42,"column":1}},"line":37},"3":{"name":"logout","decl":{"start":{"line":44,"column":16},"end":{"line":44,"column":22}},"loc":{"start":{"line":44,"column":60},"end":{"line":49,"column":1}},"line":44}},"branchMap":{},"s":{"0":0,"1":0,"2":0,"3":0},"f":{"0":0,"1":0,"2":0,"3":0},"b":{}}
,"C:\\Users\\victo\\Documents\\projects_github\\Gym_execution\\app\\src\\services\\authStorage.ts": {"path":"C:\\Users\\victo\\Documents\\projects_github\\Gym_execution\\app\\src\\services\\authStorage.ts","statementMap":{"0":{"start":{"line":11,"column":18},"end":{"line":11,"column":46}},"1":{"start":{"line":12,"column":26},"end":{"line":12,"column":55}},"2":{"start":{"line":15,"column":2},"end":{"line":15,"column":52}},"3":{"start":{"line":19,"column":2},"end":{"line":19,"column":45}},"4":{"start":{"line":23,"column":2},"end":{"line":23,"column":48}},"5":{"start":{"line":27,"column":2},"end":{"line":27,"column":60}},"6":{"start":{"line":31,"column":2},"end":{"line":31,"column":53}},"7":{"start":{"line":35,"column":2},"end":{"line":35,"column":56}}},"fnMap":{"0":{"name":"saveToken","decl":{"start":{"line":14,"column":16},"end":{"line":14,"column":25}},"loc":{"start":{"line":14,"column":56},"end":{"line":16,"column":1}},"line":14},"1":{"name":"loadToken","decl":{"start":{"line":18,"column":16},"end":{"line":18,"column":25}},"loc":{"start":{"line":18,"column":52},"end":{"line":20,"column":1}},"line":18},"2":{"name":"clearToken","decl":{"start":{"line":22,"column":16},"end":{"line":22,"column":26}},"loc":{"start":{"line":22,"column":44},"end":{"line":24,"column":1}},"line":22},"3":{"name":"saveRefreshToken","decl":{"start":{"line":26,"column":16},"end":{"line":26,"column":32}},"loc":{"start":{"line":26,"column":63},"end":{"line":28,"column":1}},"line":26},"4":{"name":"loadRefreshToken","decl":{"start":{"line":30,"column":16},"end":{"line":30,"column":32}},"loc":{"start":{"line":30,"column":59},"end":{"line":32,"column":1}},"line":30},"5":{"name":"clearRefreshToken","decl":{"start":{"line":34,"column":16},"end":{"line":34,"column":33}},"loc":{"start":{"line":34,"column":51},"end":{"line":36,"column":1}},"line":34}},"branchMap":{},"s":{"0":0,"1":0,"2":0,"3":0,"4":0,"5":0,"6":0,"7":0},"f":{"0":0,"1":0,"2":0,"3":0,"4":0,"5":0},"b":{}}
,"C:\\Users\\victo\\Documents\\projects_github\\Gym_execution\\app\\src\\services\\bodyCalibration.ts": {"path":"C:\\Users\\victo\\Documents\\projects_github\\Gym_execution\\app\\src\\services\\bodyCalibration.ts","statementMap":{"0":{"start":{"line":5,"column":20},"end":{"line":5,"column":53}},"1":{"start":{"line":19,"column":14},"end":{"line":19,"column":53}},"2":{"start":{"line":20,"column":2},"end":{"line":20,"column":24}},"3":{"start":{"line":20,"column":12},"end":{"line":20,"column":24}},"4":{"start":{"line":21,"column":2},"end":{"line":25,"column":3}},"5":{"start":{"line":22,"column":4},"end":{"line":22,"column":46}},"6":{"start":{"line":24,"column":4},"end":{"line":24,"column":16}},"7":{"start":{"line":30,"column":20},"end":{"line":30,"column":45}},"8":{"start":{"line":31,"column":39},"end":{"line":31,"column":99}},"9":{"start":{"line":32,"column":2},"end":{"line":32,"column":71}},"10":{"start":{"line":33,"column":2},"end":{"line":33,"column":21}},"11":{"start":{"line":37,"column":2},"end":{"line":37,"column":45}}},"fnMap":{"0":{"name":"loadBodyCalibration","decl":{"start":{"line":18,"column":22},"end":{"line":18,"column":41}},"loc":{"start":{"line":18,"column":77},"end":{"line":26,"column":1}},"line":18},"1":{"name":"saveBodyCalibration","decl":{"start":{"line":29,"column":22},"end":{"line":29,"column":41}},"loc":{"start":{"line":29,"column":86},"end":{"line":34,"column":1}},"line":29},"2":{"name":"clearBodyCalibration","decl":{"start":{"line":36,"column":22},"end":{"line":36,"column":42}},"loc":{"start":{"line":36,"column":60},"end":{"line":38,"column":1}},"line":36}},"branchMap":{"0":{"loc":{"start":{"line":20,"column":2},"end":{"line":20,"column":24}},"type":"if","locations":[{"start":{"line":20,"column":2},"end":{"line":20,"column":24}},{"start":{},"end":{}}],"line":20},"1":{"loc":{"start":{"line":31,"column":67},"end":{"line":31,"column":97}},"type":"binary-expr","locations":[{"start":{"line":31,"column":67},"end":{"line":31,"column":92}},{"start":{"line":31,"column":96},"end":{"line":31,"column":97}}],"line":31}},"s":{"0":1,"1":4,"2":4,"3":2,"4":2,"5":2,"6":1,"7":3,"8":3,"9":3,"10":3,"11":1},"f":{"0":4,"1":3,"2":1},"b":{"0":[2,2],"1":[3,1]},"_coverageSchema":"1a1c01bbd47fc00a2c39e90264f33305004495a9","hash":"f3d06e6e074f32d68ceaa405c0e3a247175e3b07"}
,"C:\\Users\\victo\\Documents\\projects_github\\Gym_execution\\app\\src\\services\\colorPalette.ts": {"path":"C:\\Users\\victo\\Documents\\projects_github\\Gym_execution\\app\\src\\services\\colorPalette.ts","statementMap":{"0":{"start":{"line":10,"column":37},"end":{"line":10,"column":99}},"1":{"start":{"line":14,"column":41},"end":{"line":14,"column":103}},"2":{"start":{"line":18,"column":2},"end":{"line":18,"column":64}}},"fnMap":{"0":{"name":"getScoreColors","decl":{"start":{"line":17,"column":16},"end":{"line":17,"column":30}},"loc":{"start":{"line":17,"column":69},"end":{"line":19,"column":1}},"line":17}},"branchMap":{"0":{"loc":{"start":{"line":18,"column":9},"end":{"line":18,"column":63}},"type":"cond-expr","locations":[{"start":{"line":18,"column":26},"end":{"line":18,"column":45}},{"start":{"line":18,"column":48},"end":{"line":18,"column":63}}],"line":18}},"s":{"0":2,"1":2,"2":12},"f":{"0":12},"b":{"0":[3,9]},"_coverageSchema":"1a1c01bbd47fc00a2c39e90264f33305004495a9","hash":"ac2769ac4a2f575759e851bebf4f268c47fa9929"}
,"C:\\Users\\victo\\Documents\\projects_github\\Gym_execution\\app\\src\\services\\exerciseCatalog.ts": {"path":"C:\\Users\\victo\\Documents\\projects_github\\Gym_execution\\app\\src\\services\\exerciseCatalog.ts","statementMap":{"0":{"start":{"line":25,"column":37},"end":{"line":31,"column":1}},"1":{"start":{"line":42,"column":2},"end":{"line":42,"column":84}},"2":{"start":{"line":42,"column":36},"end":{"line":42,"column":62}}},"fnMap":{"0":{"name":"exerciseName","decl":{"start":{"line":41,"column":16},"end":{"line":41,"column":28}},"loc":{"start":{"line":41,"column":90},"end":{"line":43,"column":1}},"line":41},"1":{"name":"(anonymous_1)","decl":{"start":{"line":42,"column":22},"end":{"line":42,"column":23}},"loc":{"start":{"line":42,"column":36},"end":{"line":42,"column":62}},"line":42}},"branchMap":{"0":{"loc":{"start":{"line":41,"column":49},"end":{"line":41,"column":80}},"type":"default-arg","locations":[{"start":{"line":41,"column":71},"end":{"line":41,"column":80}}],"line":41},"1":{"loc":{"start":{"line":42,"column":9},"end":{"line":42,"column":83}},"type":"binary-expr","locations":[{"start":{"line":42,"column":9},"end":{"line":42,"column":69}},{"start":{"line":42,"column":73},"end":{"line":42,"column":83}}],"line":42}},"s":{"0":1,"1":3,"2":7},"f":{"0":3,"1":7},"b":{"0":[2],"1":[3,1]},"_coverageSchema":"1a1c01bbd47fc00a2c39e90264f33305004495a9","hash":"6ac6ae76384a3f190a08d5d8a6b10c33741ee110"}
,"C:\\Users\\victo\\Documents\\projects_github\\Gym_execution\\app\\src\\services\\exerciseCatalogService.ts": {"path":"C:\\Users\\victo\\Documents\\projects_github\\Gym_execution\\app\\src\\services\\exerciseCatalogService.ts","statementMap":{"0":{"start":{"line":14,"column":20},"end":{"line":14,"column":53}},"1":{"start":{"line":17,"column":26},"end":{"line":17,"column":29}},"2":{"start":{"line":34,"column":15},"end":{"line":34,"column":99}},"3":{"start":{"line":35,"column":18},"end":{"line":35,"column":38}},"4":{"start":{"line":39,"column":2},"end":{"line":39,"column":55}},"5":{"start":{"line":39,"column":28},"end":{"line":39,"column":55}},"6":{"start":{"line":41,"column":2},"end":{"line":41,"column":83}},"7":{"start":{"line":42,"column":2},"end":{"line":42,"column":17}},"8":{"start":{"line":47,"column":14},"end":{"line":47,"column":53}},"9":{"start":{"line":48,"column":2},"end":{"line":48,"column":29}},"10":{"start":{"line":48,"column":12},"end":{"line":48,"column":29}},"11":{"start":{"line":49,"column":2},"end":{"line":54,"column":3}},"12":{"start":{"line":50,"column":19},"end":{"line":50,"column":34}},"13":{"start":{"line":51,"column":4},"end":{"line":51,"column":91}},"14":{"start":{"line":53,"column":4},"end":{"line":53,"column":21}},"15":{"start":{"line":58,"column":2},"end":{"line":63,"column":4}}},"fnMap":{"0":{"name":"fetchExerciseCatalog","decl":{"start":{"line":33,"column":22},"end":{"line":33,"column":42}},"loc":{"start":{"line":33,"column":66},"end":{"line":43,"column":1}},"line":33},"1":{"name":"(anonymous_1)","decl":{"start":{"line":41,"column":73},"end":{"line":41,"column":74}},"loc":{"start":{"line":41,"column":79},"end":{"line":41,"column":81}},"line":41},"2":{"name":"loadCachedCatalog","decl":{"start":{"line":46,"column":22},"end":{"line":46,"column":39}},"loc":{"start":{"line":46,"column":63},"end":{"line":55,"column":1}},"line":46},"3":{"name":"toExercise","decl":{"start":{"line":57,"column":9},"end":{"line":57,"column":19}},"loc":{"start":{"line":57,"column":56},"end":{"line":64,"column":1}},"line":57}},"branchMap":{"0":{"loc":{"start":{"line":39,"column":2},"end":{"line":39,"column":55}},"type":"if","locations":[{"start":{"line":39,"column":2},"end":{"line":39,"column":55}},{"start":{},"end":{}}],"line":39},"1":{"loc":{"start":{"line":48,"column":2},"end":{"line":48,"column":29}},"type":"if","locations":[{"start":{"line":48,"column":2},"end":{"line":48,"column":29}},{"start":{},"end":{}}],"line":48},"2":{"loc":{"start":{"line":51,"column":11},"end":{"line":51,"column":90}},"type":"cond-expr","locations":[{"start":{"line":51,"column":57},"end":{"line":51,"column":77}},{"start":{"line":51,"column":81},"end":{"line":51,"column":90}}],"line":51},"3":{"loc":{"start":{"line":51,"column":11},"end":{"line":51,"column":53}},"type":"binary-expr","locations":[{"start":{"line":51,"column":11},"end":{"line":51,"column":32}},{"start":{"line":51,"column":36},"end":{"line":51,"column":53}}],"line":51},"4":{"loc":{"start":{"line":62,"column":23},"end":{"line":62,"column":64}},"type":"binary-expr","locations":[{"start":{"line":62,"column":23},"end":{"line":62,"column":51}},{"start":{"line":62,"column":55},"end":{"line":62,"column":64}}],"line":62}},"s":{"0":1,"1":1,"2":3,"3":3,"4":3,"5":1,"6":2,"7":2,"8":3,"9":3,"10":2,"11":1,"12":1,"13":1,"14":0,"15":2},"f":{"0":3,"1":0,"2":3,"3":2},"b":{"0":[1,2],"1":[2,1],"2":[1,0],"3":[1,1],"4":[2,1]},"_coverageSchema":"1a1c01bbd47fc00a2c39e90264f33305004495a9","hash":"88427dcd2766eb94d0f84df894b76e758e53c9f5"}
,"C:\\Users\\victo\\Documents\\projects_github\\Gym_execution\\app\\src\\services\\exercisePreferencesStorage.ts": {"path":"C:\\Users\\victo\\Documents\\projects_github\\Gym_execution\\app\\src\\services\\exercisePreferencesStorage.ts","statementMap":{"0":{"start":{"line":3,"column":22},"end":{"line":3,"column":57}},"1":{"start":{"line":4,"column":20},"end":{"line":4,"column":53}},"2":{"start":{"line":7,"column":20},"end":{"line":7,"column":21}},"3":{"start":{"line":15,"column":2},"end":{"line":15,"column":35}},"4":{"start":{"line":20,"column":20},"end":{"line":20,"column":51}},"5":{"start":{"line":21,"column":15},"end":{"line":23,"column":32}},"6":{"start":{"line":22,"column":31},"end":{"line":22,"column":48}},"7":{"start":{"line":24,"column":2},"end":{"line":24,"column":66}},"8":{"start":{"line":25,"column":2},"end":{"line":25,"column":14}},"9":{"start":{"line":29,"column":2},"end":{"line":29,"column":33}},"10":{"start":{"line":34,"column":18},"end":{"line":34,"column":47}},"11":{"start":{"line":35,"column":15},"end":{"line":35,"column":95}},"12":{"start":{"line":35,"column":54},"end":{"line":35,"column":71}},"13":{"start":{"line":36,"column":2},"end":{"line":36,"column":64}},"14":{"start":{"line":37,"column":2},"end":{"line":37,"column":14}},"15":{"start":{"line":41,"column":14},"end":{"line":41,"column":45}},"16":{"start":{"line":42,"column":2},"end":{"line":42,"column":22}},"17":{"start":{"line":42,"column":12},"end":{"line":42,"column":22}},"18":{"start":{"line":43,"column":2},"end":{"line":48,"column":3}},"19":{"start":{"line":44,"column":19},"end":{"line":44,"column":34}},"20":{"start":{"line":45,"column":4},"end":{"line":45,"column":100}},"21":{"start":{"line":45,"column":71},"end":{"line":45,"column":93}},"22":{"start":{"line":47,"column":4},"end":{"line":47,"column":14}}},"fnMap":{"0":{"name":"loadFavoriteExerciseIds","decl":{"start":{"line":14,"column":22},"end":{"line":14,"column":45}},"loc":{"start":{"line":14,"column":67},"end":{"line":16,"column":1}},"line":14},"1":{"name":"toggleFavoriteExercise","decl":{"start":{"line":19,"column":22},"end":{"line":19,"column":44}},"loc":{"start":{"line":19,"column":84},"end":{"line":26,"column":1}},"line":19},"2":{"name":"(anonymous_2)","decl":{"start":{"line":22,"column":23},"end":{"line":22,"column":24}},"loc":{"start":{"line":22,"column":31},"end":{"line":22,"column":48}},"line":22},"3":{"name":"loadRecentExerciseIds","decl":{"start":{"line":28,"column":22},"end":{"line":28,"column":43}},"loc":{"start":{"line":28,"column":65},"end":{"line":30,"column":1}},"line":28},"4":{"name":"recordRecentExercise","decl":{"start":{"line":33,"column":22},"end":{"line":33,"column":42}},"loc":{"start":{"line":33,"column":82},"end":{"line":38,"column":1}},"line":33},"5":{"name":"(anonymous_5)","decl":{"start":{"line":35,"column":46},"end":{"line":35,"column":47}},"loc":{"start":{"line":35,"column":54},"end":{"line":35,"column":71}},"line":35},"6":{"name":"loadIdList","decl":{"start":{"line":40,"column":15},"end":{"line":40,"column":25}},"loc":{"start":{"line":40,"column":58},"end":{"line":49,"column":1}},"line":40},"7":{"name":"(anonymous_7)","decl":{"start":{"line":45,"column":49},"end":{"line":45,"column":50}},"loc":{"start":{"line":45,"column":71},"end":{"line":45,"column":93}},"line":45}},"branchMap":{"0":{"loc":{"start":{"line":21,"column":15},"end":{"line":23,"column":32}},"type":"cond-expr","locations":[{"start":{"line":22,"column":6},"end":{"line":22,"column":49}},{"start":{"line":23,"column":6},"end":{"line":23,"column":32}}],"line":21},"1":{"loc":{"start":{"line":42,"column":2},"end":{"line":42,"column":22}},"type":"if","locations":[{"start":{"line":42,"column":2},"end":{"line":42,"column":22}},{"start":{},"end":{}}],"line":42},"2":{"loc":{"start":{"line":45,"column":11},"end":{"line":45,"column":99}},"type":"cond-expr","locations":[{"start":{"line":45,"column":35},"end":{"line":45,"column":94}},{"start":{"line":45,"column":97},"end":{"line":45,"column":99}}],"line":45}},"s":{"0":1,"1":1,"2":1,"3":9,"4":4,"5":4,"6":1,"7":4,"8":4,"9":12,"10":9,"11":9,"12":18,"13":9,"14":9,"15":21,"16":21,"17":6,"18":15,"19":15,"20":14,"21":30,"22":1},"f":{"0":9,"1":4,"2":1,"3":12,"4":9,"5":18,"6":21,"7":30},"b":{"0":[1,3],"1":[6,15],"2":[14,0]},"_coverageSchema":"1a1c01bbd47fc00a2c39e90264f33305004495a9","hash":"b636004de3f3c324177b3e0cd88306fcbb53c33e"}
,"C:\\Users\\victo\\Documents\\projects_github\\Gym_execution\\app\\src\\services\\exportSessions.ts": {"path":"C:\\Users\\victo\\Documents\\projects_github\\Gym_execution\\app\\src\\services\\exportSessions.ts","statementMap":{"0":{"start":{"line":4,"column":2},"end":{"line":6,"column":3}},"1":{"start":{"line":5,"column":4},"end":{"line":5,"column":44}},"2":{"start":{"line":7,"column":2},"end":{"line":7,"column":15}},"3":{"start":{"line":16,"column":17},"end":{"line":16,"column":54}},"4":{"start":{"line":17,"column":15},"end":{"line":24,"column":3}},"5":{"start":{"line":18,"column":4},"end":{"line":23,"column":15}},"6":{"start":{"line":25,"column":2},"end":{"line":25,"column":38}}},"fnMap":{"0":{"name":"csvEscape","decl":{"start":{"line":3,"column":9},"end":{"line":3,"column":18}},"loc":{"start":{"line":3,"column":42},"end":{"line":8,"column":1}},"line":3},"1":{"name":"sessionsToCSV","decl":{"start":{"line":15,"column":16},"end":{"line":15,"column":29}},"loc":{"start":{"line":15,"column":119},"end":{"line":26,"column":1}},"line":15},"2":{"name":"(anonymous_2)","decl":{"start":{"line":17,"column":28},"end":{"line":17,"column":29}},"loc":{"start":{"line":18,"column":4},"end":{"line":23,"column":15}},"line":18}},"branchMap":{"0":{"loc":{"start":{"line":4,"column":2},"end":{"line":6,"column":3}},"type":"if","locations":[{"start":{"line":4,"column":2},"end":{"line":6,"column":3}},{"start":{},"end":{}}],"line":4},"1":{"loc":{"start":{"line":4,"column":6},"end":{"line":4,"column":72}},"type":"binary-expr","locations":[{"start":{"line":4,"column":6},"end":{"line":4,"column":25}},{"start":{"line":4,"column":29},"end":{"line":4,"column":48}},{"start":{"line":4,"column":52},"end":{"line":4,"column":72}}],"line":4},"2":{"loc":{"start":{"line":22,"column":6},"end":{"line":22,"column":64}},"type":"cond-expr","locations":[{"start":{"line":22,"column":34},"end":{"line":22,"column":59}},{"start":{"line":22,"column":62},"end":{"line":22,"column":64}}],"line":22}},"s":{"0":3,"1":1,"2":2,"3":3,"4":3,"5":3,"6":3},"f":{"0":3,"1":3,"2":3},"b":{"0":[1,2],"1":[3,2,2],"2":[2,1]},"_coverageSchema":"1a1c01bbd47fc00a2c39e90264f33305004495a9","hash":"689df141a5834a18f385c1f14896581da2c432b8"}
,"C:\\Users\\victo\\Documents\\projects_github\\Gym_execution\\app\\src\\services\\moveNetAdapter.ts": {"path":"C:\\Users\\victo\\Documents\\projects_github\\Gym_execution\\app\\src\\services\\moveNetAdapter.ts","statementMap":{"0":{"start":{"line":15,"column":35},"end":{"line":33,"column":10}},"1":{"start":{"line":35,"column":33},"end":{"line":35,"column":35}},"2":{"start":{"line":45,"column":56},"end":{"line":63,"column":1}},"3":{"start":{"line":66,"column":2},"end":{"line":66,"column":39}},"4":{"start":{"line":82,"column":32},"end":{"line":82,"column":101}},"5":{"start":{"line":84,"column":2},"end":{"line":89,"column":3}},"6":{"start":{"line":85,"column":21},"end":{"line":85,"column":52}},"7":{"start":{"line":86,"column":4},"end":{"line":86,"column":41}},"8":{"start":{"line":86,"column":32},"end":{"line":86,"column":41}},"9":{"start":{"line":88,"column":4},"end":{"line":88,"column":98}},"10":{"start":{"line":91,"column":2},"end":{"line":91,"column":36}}},"fnMap":{"0":{"name":"placeholderLandmark","decl":{"start":{"line":65,"column":9},"end":{"line":65,"column":28}},"loc":{"start":{"line":65,"column":41},"end":{"line":67,"column":1}},"line":65},"1":{"name":"moveNetToMediaPipeFrame","decl":{"start":{"line":78,"column":16},"end":{"line":78,"column":39}},"loc":{"start":{"line":81,"column":13},"end":{"line":92,"column":1}},"line":81}},"branchMap":{"0":{"loc":{"start":{"line":86,"column":4},"end":{"line":86,"column":41}},"type":"if","locations":[{"start":{"line":86,"column":4},"end":{"line":86,"column":41}},{"start":{},"end":{}}],"line":86},"1":{"loc":{"start":{"line":88,"column":76},"end":{"line":88,"column":95}},"type":"binary-expr","locations":[{"start":{"line":88,"column":76},"end":{"line":88,"column":90}},{"start":{"line":88,"column":94},"end":{"line":88,"column":95}}],"line":88}},"s":{"0":1,"1":1,"2":1,"3":165,"4":5,"5":5,"6":85,"7":85,"8":0,"9":85,"10":5},"f":{"0":165,"1":5},"b":{"0":[0,85],"1":[85,4]},"_coverageSchema":"1a1c01bbd47fc00a2c39e90264f33305004495a9","hash":"2223d89e3490d3ebf986d1b1c046cacf101cf0bf"}
,"C:\\Users\\victo\\Documents\\projects_github\\Gym_execution\\app\\src\\services\\pendingSessionsQueue.ts": {"path":"C:\\Users\\victo\\Documents\\projects_github\\Gym_execution\\app\\src\\services\\pendingSessionsQueue.ts","statementMap":{"0":{"start":{"line":13,"column":20},"end":{"line":13,"column":53}},"1":{"start":{"line":23,"column":29},"end":{"line":23,"column":32}},"2":{"start":{"line":31,"column":16},"end":{"line":31,"column":33}},"3":{"start":{"line":32,"column":2},"end":{"line":32,"column":22}},"4":{"start":{"line":33,"column":2},"end":{"line":33,"column":54}},"5":{"start":{"line":47,"column":16},"end":{"line":47,"column":33}},"6":{"start":{"line":48,"column":2},"end":{"line":48,"column":33}},"7":{"start":{"line":48,"column":26},"end":{"line":48,"column":33}},"8":{"start":{"line":50,"column":38},"end":{"line":50,"column":40}},"9":{"start":{"line":51,"column":2},"end":{"line":70,"column":3}},"10":{"start":{"line":52,"column":4},"end":{"line":69,"column":5}},"11":{"start":{"line":53,"column":6},"end":{"line":59,"column":8}},"12":{"start":{"line":61,"column":6},"end":{"line":67,"column":7}},"13":{"start":{"line":62,"column":8},"end":{"line":65,"column":10}},"14":{"start":{"line":66,"column":8},"end":{"line":66,"column":17}},"15":{"start":{"line":68,"column":6},"end":{"line":68,"column":30}},"16":{"start":{"line":72,"column":2},"end":{"line":72,"column":29}},"17":{"start":{"line":81,"column":2},"end":{"line":81,"column":49}},"18":{"start":{"line":81,"column":36},"end":{"line":81,"column":49}},"19":{"start":{"line":82,"column":2},"end":{"line":82,"column":64}},"20":{"start":{"line":82,"column":51},"end":{"line":82,"column":64}},"21":{"start":{"line":83,"column":2},"end":{"line":83,"column":51}},"22":{"start":{"line":88,"column":16},"end":{"line":88,"column":33}},"23":{"start":{"line":89,"column":2},"end":{"line":89,"column":22}},"24":{"start":{"line":93,"column":14},"end":{"line":93,"column":53}},"25":{"start":{"line":94,"column":2},"end":{"line":94,"column":22}},"26":{"start":{"line":94,"column":12},"end":{"line":94,"column":22}},"27":{"start":{"line":95,"column":2},"end":{"line":100,"column":3}},"28":{"start":{"line":96,"column":19},"end":{"line":96,"column":34}},"29":{"start":{"line":97,"column":4},"end":{"line":97,"column":47}},"30":{"start":{"line":99,"column":4},"end":{"line":99,"column":14}},"31":{"start":{"line":104,"column":2},"end":{"line":104,"column":65}}},"fnMap":{"0":{"name":"enqueuePendingSession","decl":{"start":{"line":30,"column":22},"end":{"line":30,"column":43}},"loc":{"start":{"line":30,"column":84},"end":{"line":34,"column":1}},"line":30},"1":{"name":"drainPendingSessions","decl":{"start":{"line":46,"column":22},"end":{"line":46,"column":42}},"loc":{"start":{"line":46,"column":73},"end":{"line":73,"column":1}},"line":46},"2":{"name":"isPermanentRejection","decl":{"start":{"line":80,"column":9},"end":{"line":80,"column":29}},"loc":{"start":{"line":80,"column":55},"end":{"line":84,"column":1}},"line":80},"3":{"name":"countPendingSessions","decl":{"start":{"line":87,"column":22},"end":{"line":87,"column":42}},"loc":{"start":{"line":87,"column":62},"end":{"line":90,"column":1}},"line":87},"4":{"name":"loadQueue","decl":{"start":{"line":92,"column":15},"end":{"line":92,"column":24}},"loc":{"start":{"line":92,"column":54},"end":{"line":101,"column":1}},"line":92},"5":{"name":"saveQueue","decl":{"start":{"line":103,"column":15},"end":{"line":103,"column":24}},"loc":{"start":{"line":103,"column":65},"end":{"line":105,"column":1}},"line":103}},"branchMap":{"0":{"loc":{"start":{"line":48,"column":2},"end":{"line":48,"column":33}},"type":"if","locations":[{"start":{"line":48,"column":2},"end":{"line":48,"column":33}},{"start":{},"end":{}}],"line":48},"1":{"loc":{"start":{"line":61,"column":6},"end":{"line":67,"column":7}},"type":"if","locations":[{"start":{"line":61,"column":6},"end":{"line":67,"column":7}},{"start":{},"end":{}}],"line":61},"2":{"loc":{"start":{"line":81,"column":2},"end":{"line":81,"column":49}},"type":"if","locations":[{"start":{"line":81,"column":2},"end":{"line":81,"column":49}},{"start":{},"end":{}}],"line":81},"3":{"loc":{"start":{"line":82,"column":2},"end":{"line":82,"column":64}},"type":"if","locations":[{"start":{"line":82,"column":2},"end":{"line":82,"column":64}},{"start":{},"end":{}}],"line":82},"4":{"loc":{"start":{"line":83,"column":9},"end":{"line":83,"column":50}},"type":"binary-expr","locations":[{"start":{"line":83,"column":9},"end":{"line":83,"column":28}},{"start":{"line":83,"column":32},"end":{"line":83,"column":50}}],"line":83},"5":{"loc":{"start":{"line":94,"column":2},"end":{"line":94,"column":22}},"type":"if","locations":[{"start":{"line":94,"column":2},"end":{"line":94,"column":22}},{"start":{},"end":{}}],"line":94},"6":{"loc":{"start":{"line":97,"column":11},"end":{"line":97,"column":46}},"type":"cond-expr","locations":[{"start":{"line":97,"column":35},"end":{"line":97,"column":41}},{"start":{"line":97,"column":44},"end":{"line":97,"column":46}}],"line":97}},"s":{"0":1,"1":1,"2":210,"3":210,"4":210,"5":4,"6":4,"7":0,"8":4,"9":4,"10":4,"11":4,"12":3,"13":1,"14":1,"15":2,"16":4,"17":3,"18":1,"19":2,"20":1,"21":1,"22":7,"23":7,"24":221,"25":221,"26":7,"27":214,"28":214,"29":214,"30":0,"31":214},"f":{"0":210,"1":4,"2":3,"3":7,"4":221,"5":214},"b":{"0":[0,4],"1":[1,2],"2":[1,2],"3":[1,1],"4":[1,1],"5":[7,214],"6":[214,0]},"_coverageSchema":"1a1c01bbd47fc00a2c39e90264f33305004495a9","hash":"fc9e69d1791d17691a8dc903fbf7cf57df0aa222"}
,"C:\\Users\\victo\\Documents\\projects_github\\Gym_execution\\app\\src\\services\\personalGoals.ts": {"path":"C:\\Users\\victo\\Documents\\projects_github\\Gym_execution\\app\\src\\services\\personalGoals.ts","statementMap":{"0":{"start":{"line":3,"column":20},"end":{"line":3,"column":51}},"1":{"start":{"line":13,"column":14},"end":{"line":13,"column":53}},"2":{"start":{"line":14,"column":2},"end":{"line":14,"column":22}},"3":{"start":{"line":14,"column":12},"end":{"line":14,"column":22}},"4":{"start":{"line":15,"column":2},"end":{"line":19,"column":3}},"5":{"start":{"line":16,"column":4},"end":{"line":16,"column":45}},"6":{"start":{"line":18,"column":4},"end":{"line":18,"column":14}},"7":{"start":{"line":24,"column":16},"end":{"line":24,"column":33}},"8":{"start":{"line":25,"column":15},"end":{"line":25,"column":93}},"9":{"start":{"line":25,"column":46},"end":{"line":25,"column":85}},"10":{"start":{"line":26,"column":2},"end":{"line":26,"column":64}},"11":{"start":{"line":27,"column":2},"end":{"line":27,"column":14}},"12":{"start":{"line":31,"column":16},"end":{"line":31,"column":33}},"13":{"start":{"line":32,"column":15},"end":{"line":32,"column":77}},"14":{"start":{"line":32,"column":42},"end":{"line":32,"column":76}},"15":{"start":{"line":33,"column":2},"end":{"line":33,"column":64}},"16":{"start":{"line":34,"column":2},"end":{"line":34,"column":14}},"17":{"start":{"line":47,"column":2},"end":{"line":47,"column":25}},"18":{"start":{"line":47,"column":13},"end":{"line":47,"column":25}},"19":{"start":{"line":48,"column":2},"end":{"line":52,"column":4}}},"fnMap":{"0":{"name":"loadGoals","decl":{"start":{"line":12,"column":22},"end":{"line":12,"column":31}},"loc":{"start":{"line":12,"column":59},"end":{"line":20,"column":1}},"line":12},"1":{"name":"saveGoal","decl":{"start":{"line":23,"column":22},"end":{"line":23,"column":30}},"loc":{"start":{"line":23,"column":76},"end":{"line":28,"column":1}},"line":23},"2":{"name":"(anonymous_2)","decl":{"start":{"line":25,"column":32},"end":{"line":25,"column":33}},"loc":{"start":{"line":25,"column":46},"end":{"line":25,"column":85}},"line":25},"3":{"name":"removeGoal","decl":{"start":{"line":30,"column":22},"end":{"line":30,"column":32}},"loc":{"start":{"line":30,"column":78},"end":{"line":35,"column":1}},"line":30},"4":{"name":"(anonymous_4)","decl":{"start":{"line":32,"column":28},"end":{"line":32,"column":29}},"loc":{"start":{"line":32,"column":42},"end":{"line":32,"column":76}},"line":32},"5":{"name":"computeGoalProgress","decl":{"start":{"line":43,"column":16},"end":{"line":43,"column":35}},"loc":{"start":{"line":46,"column":23},"end":{"line":53,"column":1}},"line":46}},"branchMap":{"0":{"loc":{"start":{"line":14,"column":2},"end":{"line":14,"column":22}},"type":"if","locations":[{"start":{"line":14,"column":2},"end":{"line":14,"column":22}},{"start":{},"end":{}}],"line":14},"1":{"loc":{"start":{"line":47,"column":2},"end":{"line":47,"column":25}},"type":"if","locations":[{"start":{"line":47,"column":2},"end":{"line":47,"column":25}},{"start":{},"end":{}}],"line":47},"2":{"loc":{"start":{"line":49,"column":18},"end":{"line":49,"column":79}},"type":"binary-expr","locations":[{"start":{"line":49,"column":18},"end":{"line":49,"column":42}},{"start":{"line":49,"column":46},"end":{"line":49,"column":79}}],"line":49},"3":{"loc":{"start":{"line":51,"column":6},"end":{"line":51,"column":104}},"type":"binary-expr","locations":[{"start":{"line":51,"column":6},"end":{"line":51,"column":33}},{"start":{"line":51,"column":37},"end":{"line":51,"column":61}},{"start":{"line":51,"column":65},"end":{"line":51,"column":104}}],"line":51}},"s":{"0":1,"1":9,"2":9,"3":4,"4":5,"5":5,"6":1,"7":5,"8":5,"9":2,"10":5,"11":5,"12":1,"13":1,"14":2,"15":1,"16":1,"17":5,"18":1,"19":4},"f":{"0":9,"1":5,"2":2,"3":1,"4":2,"5":5},"b":{"0":[4,5],"1":[1,4],"2":[4,3],"3":[4,3,2]},"_coverageSchema":"1a1c01bbd47fc00a2c39e90264f33305004495a9","hash":"9cb586652684a9220ccd524f78a231585a38a9a9"}
,"C:\\Users\\victo\\Documents\\projects_github\\Gym_execution\\app\\src\\services\\poseDetector.ts": {"path":"C:\\Users\\victo\\Documents\\projects_github\\Gym_execution\\app\\src\\services\\poseDetector.ts","statementMap":{"0":{"start":{"line":15,"column":25},"end":{"line":15,"column":28}},"1":{"start":{"line":16,"column":23},"end":{"line":16,"column":25}},"2":{"start":{"line":19,"column":42},"end":{"line":19,"column":46}},"3":{"start":{"line":22,"column":4},"end":{"line":22,"column":105}},"4":{"start":{"line":32,"column":4},"end":{"line":32,"column":43}},"5":{"start":{"line":32,"column":31},"end":{"line":32,"column":43}},"6":{"start":{"line":34,"column":24},"end":{"line":34,"column":55}},"7":{"start":{"line":35,"column":20},"end":{"line":35,"column":55}},"8":{"start":{"line":42,"column":19},"end":{"line":42,"column":29}},"9":{"start":{"line":43,"column":4},"end":{"line":45,"column":5}},"10":{"start":{"line":44,"column":6},"end":{"line":44,"column":18}},"11":{"start":{"line":47,"column":4},"end":{"line":47,"column":72}},"12":{"start":{"line":51,"column":4},"end":{"line":51,"column":22}},"13":{"start":{"line":56,"column":21},"end":{"line":56,"column":56}},"14":{"start":{"line":57,"column":18},"end":{"line":57,"column":60}},"15":{"start":{"line":58,"column":18},"end":{"line":58,"column":61}},"16":{"start":{"line":60,"column":22},"end":{"line":67,"column":3}},"17":{"start":{"line":72,"column":2},"end":{"line":72,"column":85}},"18":{"start":{"line":74,"column":2},"end":{"line":76,"column":3}},"19":{"start":{"line":75,"column":4},"end":{"line":75,"column":89}},"20":{"start":{"line":78,"column":19},"end":{"line":78,"column":90}},"21":{"start":{"line":81,"column":14},"end":{"line":81,"column":69}},"22":{"start":{"line":82,"column":2},"end":{"line":86,"column":3}},"23":{"start":{"line":82,"column":19},"end":{"line":82,"column":20}},"24":{"start":{"line":82,"column":32},"end":{"line":82,"column":33}},"25":{"start":{"line":83,"column":4},"end":{"line":83,"column":37}},"26":{"start":{"line":84,"column":4},"end":{"line":84,"column":41}},"27":{"start":{"line":85,"column":4},"end":{"line":85,"column":41}},"28":{"start":{"line":87,"column":2},"end":{"line":87,"column":13}},"29":{"start":{"line":98,"column":68},"end":{"line":98,"column":70}},"30":{"start":{"line":99,"column":2},"end":{"line":102,"column":3}},"31":{"start":{"line":99,"column":15},"end":{"line":99,"column":16}},"32":{"start":{"line":100,"column":19},"end":{"line":100,"column":24}},"33":{"start":{"line":101,"column":4},"end":{"line":101,"column":92}},"34":{"start":{"line":103,"column":2},"end":{"line":103,"column":19}},"35":{"start":{"line":106,"column":21},"end":{"line":106,"column":87}},"36":{"start":{"line":107,"column":22},"end":{"line":111,"column":4}},"37":{"start":{"line":108,"column":17},"end":{"line":108,"column":36}},"38":{"start":{"line":109,"column":2},"end":{"line":109,"column":87}},"39":{"start":{"line":109,"column":15},"end":{"line":109,"column":16}},"40":{"start":{"line":109,"column":48},"end":{"line":109,"column":87}},"41":{"start":{"line":110,"column":2},"end":{"line":110,"column":16}},"42":{"start":{"line":115,"column":16},"end":{"line":115,"column":53}},"43":{"start":{"line":116,"column":16},"end":{"line":116,"column":66}},"44":{"start":{"line":118,"column":15},"end":{"line":118,"column":16}},"45":{"start":{"line":119,"column":13},"end":{"line":119,"column":14}},"46":{"start":{"line":120,"column":18},"end":{"line":120,"column":19}},"47":{"start":{"line":121,"column":2},"end":{"line":128,"column":3}},"48":{"start":{"line":121,"column":15},"end":{"line":121,"column":16}},"49":{"start":{"line":122,"column":4},"end":{"line":122,"column":64}},"50":{"start":{"line":123,"column":4},"end":{"line":123,"column":14}},"51":{"start":{"line":124,"column":4},"end":{"line":127,"column":5}},"52":{"start":{"line":125,"column":6},"end":{"line":125,"column":16}},"53":{"start":{"line":126,"column":6},"end":{"line":126,"column":51}},"54":{"start":{"line":129,"column":2},"end":{"line":129,"column":15}}},"fnMap":{"0":{"name":"(anonymous_0)","decl":{"start":{"line":21,"column":2},"end":{"line":21,"column":3}},"loc":{"start":{"line":21,"column":30},"end":{"line":23,"column":3}},"line":21},"1":{"name":"(anonymous_1)","decl":{"start":{"line":31,"column":2},"end":{"line":31,"column":3}},"loc":{"start":{"line":31,"column":89},"end":{"line":48,"column":3}},"line":31},"2":{"name":"(anonymous_2)","decl":{"start":{"line":50,"column":2},"end":{"line":50,"column":3}},"loc":{"start":{"line":50,"column":18},"end":{"line":52,"column":3}},"line":50},"3":{"name":"frameToInputTensor","decl":{"start":{"line":55,"column":15},"end":{"line":55,"column":33}},"loc":{"start":{"line":55,"column":80},"end":{"line":88,"column":1}},"line":55},"4":{"name":"(anonymous_4)","decl":{"start":{"line":72,"column":75},"end":{"line":72,"column":76}},"loc":{"start":{"line":72,"column":81},"end":{"line":72,"column":83}},"line":72},"5":{"name":"parseKeypoints","decl":{"start":{"line":97,"column":9},"end":{"line":97,"column":23}},"loc":{"start":{"line":97,"column":94},"end":{"line":104,"column":1}},"line":97},"6":{"name":"(anonymous_6)","decl":{"start":{"line":107,"column":23},"end":{"line":107,"column":24}},"loc":{"start":{"line":107,"column":29},"end":{"line":111,"column":1}},"line":107},"7":{"name":"base64ToUint8Array","decl":{"start":{"line":114,"column":9},"end":{"line":114,"column":27}},"loc":{"start":{"line":114,"column":56},"end":{"line":130,"column":1}},"line":114}},"branchMap":{"0":{"loc":{"start":{"line":32,"column":4},"end":{"line":32,"column":43}},"type":"if","locations":[{"start":{"line":32,"column":4},"end":{"line":32,"column":43}},{"start":{},"end":{}}],"line":32},"1":{"loc":{"start":{"line":32,"column":8},"end":{"line":32,"column":29}},"type":"binary-expr","locations":[{"start":{"line":32,"column":8},"end":{"line":32,"column":19}},{"start":{"line":32,"column":23},"end":{"line":32,"column":29}}],"line":32},"2":{"loc":{"start":{"line":43,"column":4},"end":{"line":45,"column":5}},"type":"if","locations":[{"start":{"line":43,"column":4},"end":{"line":45,"column":5}},{"start":{},"end":{}}],"line":43},"3":{"loc":{"start":{"line":43,"column":8},"end":{"line":43,"column":79}},"type":"binary-expr","locations":[{"start":{"line":43,"column":8},"end":{"line":43,"column":41}},{"start":{"line":43,"column":45},"end":{"line":43,"column":79}}],"line":43},"4":{"loc":{"start":{"line":74,"column":2},"end":{"line":76,"column":3}},"type":"if","locations":[{"start":{"line":74,"column":2},"end":{"line":76,"column":3}},{"start":{},"end":{}}],"line":74},"5":{"loc":{"start":{"line":124,"column":4},"end":{"line":127,"column":5}},"type":"if","locations":[{"start":{"line":124,"column":4},"end":{"line":127,"column":5}},{"start":{},"end":{}}],"line":124}},"s":{"0":0,"1":0,"2":0,"3":0,"4":0,"5":0,"6":0,"7":0,"8":0,"9":0,"10":0,"11":0,"12":0,"13":0,"14":0,"15":0,"16":0,"17":0,"18":0,"19":0,"20":0,"21":0,"22":0,"23":0,"24":0,"25":0,"26":0,"27":0,"28":0,"29":0,"30":0,"31":0,"32":0,"33":0,"34":0,"35":0,"36":0,"37":0,"38":0,"39":0,"40":0,"41":0,"42":0,"43":0,"44":0,"45":0,"46":0,"47":0,"48":0,"49":0,"50":0,"51":0,"52":0,"53":0,"54":0},"f":{"0":0,"1":0,"2":0,"3":0,"4":0,"5":0,"6":0,"7":0},"b":{"0":[0,0],"1":[0,0],"2":[0,0],"3":[0,0],"4":[0,0],"5":[0,0]}}
,"C:\\Users\\victo\\Documents\\projects_github\\Gym_execution\\app\\src\\services\\poseDetector.web.ts": {"path":"C:\\Users\\victo\\Documents\\projects_github\\Gym_execution\\app\\src\\services\\poseDetector.web.ts","statementMap":{"0":{"start":{"line":12,"column":29},"end":{"line":12,"column":38}},"1":{"start":{"line":13,"column":23},"end":{"line":13,"column":106}},"2":{"start":{"line":15,"column":2},"end":{"line":15,"column":129}},"3":{"start":{"line":18,"column":46},"end":{"line":18,"column":50}},"4":{"start":{"line":21,"column":20},"end":{"line":21,"column":72}},"5":{"start":{"line":22,"column":4},"end":{"line":29,"column":7}},"6":{"start":{"line":38,"column":4},"end":{"line":38,"column":48}},"7":{"start":{"line":38,"column":36},"end":{"line":38,"column":48}},"8":{"start":{"line":40,"column":18},"end":{"line":40,"column":51}},"9":{"start":{"line":41,"column":19},"end":{"line":41,"column":48}},"10":{"start":{"line":42,"column":22},"end":{"line":42,"column":41}},"11":{"start":{"line":43,"column":4},"end":{"line":43,"column":32}},"12":{"start":{"line":43,"column":20},"end":{"line":43,"column":32}},"13":{"start":{"line":45,"column":4},"end":{"line":45,"column":65}},"14":{"start":{"line":49,"column":4},"end":{"line":49,"column":29}},"15":{"start":{"line":50,"column":4},"end":{"line":50,"column":27}},"16":{"start":{"line":55,"column":2},"end":{"line":55,"column":75}},"17":{"start":{"line":59,"column":2},"end":{"line":64,"column":5}},"18":{"start":{"line":60,"column":18},"end":{"line":60,"column":29}},"19":{"start":{"line":61,"column":4},"end":{"line":61,"column":40}},"20":{"start":{"line":61,"column":25},"end":{"line":61,"column":39}},"21":{"start":{"line":62,"column":4},"end":{"line":62,"column":107}},"22":{"start":{"line":62,"column":26},"end":{"line":62,"column":106}},"23":{"start":{"line":63,"column":4},"end":{"line":63,"column":80}}},"fnMap":{"0":{"name":"(anonymous_0)","decl":{"start":{"line":20,"column":2},"end":{"line":20,"column":3}},"loc":{"start":{"line":20,"column":30},"end":{"line":30,"column":3}},"line":20},"1":{"name":"(anonymous_1)","decl":{"start":{"line":37,"column":2},"end":{"line":37,"column":3}},"loc":{"start":{"line":37,"column":89},"end":{"line":46,"column":3}},"line":37},"2":{"name":"(anonymous_2)","decl":{"start":{"line":48,"column":2},"end":{"line":48,"column":3}},"loc":{"start":{"line":48,"column":18},"end":{"line":51,"column":3}},"line":48},"3":{"name":"toLandmark","decl":{"start":{"line":54,"column":9},"end":{"line":54,"column":19}},"loc":{"start":{"line":54,"column":86},"end":{"line":56,"column":1}},"line":54},"4":{"name":"loadImageElement","decl":{"start":{"line":58,"column":9},"end":{"line":58,"column":25}},"loc":{"start":{"line":58,"column":66},"end":{"line":65,"column":1}},"line":58},"5":{"name":"(anonymous_5)","decl":{"start":{"line":59,"column":21},"end":{"line":59,"column":22}},"loc":{"start":{"line":59,"column":42},"end":{"line":64,"column":3}},"line":59},"6":{"name":"(anonymous_6)","decl":{"start":{"line":61,"column":19},"end":{"line":61,"column":20}},"loc":{"start":{"line":61,"column":25},"end":{"line":61,"column":39}},"line":61},"7":{"name":"(anonymous_7)","decl":{"start":{"line":62,"column":20},"end":{"line":62,"column":21}},"loc":{"start":{"line":62,"column":26},"end":{"line":62,"column":106}},"line":62}},"branchMap":{"0":{"loc":{"start":{"line":38,"column":4},"end":{"line":38,"column":48}},"type":"if","locations":[{"start":{"line":38,"column":4},"end":{"line":38,"column":48}},{"start":{},"end":{}}],"line":38},"1":{"loc":{"start":{"line":38,"column":8},"end":{"line":38,"column":34}},"type":"binary-expr","locations":[{"start":{"line":38,"column":8},"end":{"line":38,"column":24}},{"start":{"line":38,"column":28},"end":{"line":38,"column":34}}],"line":38},"2":{"loc":{"start":{"line":43,"column":4},"end":{"line":43,"column":32}},"type":"if","locations":[{"start":{"line":43,"column":4},"end":{"line":43,"column":32}},{"start":{},"end":{}}],"line":43},"3":{"loc":{"start":{"line":63,"column":16},"end":{"line":63,"column":79}},"type":"cond-expr","locations":[{"start":{"line":63,"column":42},"end":{"line":63,"column":45}},{"start":{"line":63,"column":48},"end":{"line":63,"column":79}}],"line":63}},"s":{"0":0,"1":0,"2":0,"3":0,"4":0,"5":0,"6":0,"7":0,"8":0,"9":0,"10":0,"11":0,"12":0,"13":0,"14":0,"15":0,"16":0,"17":0,"18":0,"19":0,"20":0,"21":0,"22":0,"23":0},"f":{"0":0,"1":0,"2":0,"3":0,"4":0,"5":0,"6":0,"7":0},"b":{"0":[0,0],"1":[0,0],"2":[0,0],"3":[0,0]}}
,"C:\\Users\\victo\\Documents\\projects_github\\Gym_execution\\app\\src\\services\\poseScoring.ts": {"path":"C:\\Users\\victo\\Documents\\projects_github\\Gym_execution\\app\\src\\services\\poseScoring.ts","statementMap":{"0":{"start":{"line":24,"column":76},"end":{"line":31,"column":1}},"1":{"start":{"line":35,"column":13},"end":{"line":35,"column":43}},"2":{"start":{"line":36,"column":13},"end":{"line":36,"column":43}},"3":{"start":{"line":37,"column":14},"end":{"line":37,"column":39}},"4":{"start":{"line":38,"column":15},"end":{"line":38,"column":37}},"5":{"start":{"line":39,"column":15},"end":{"line":39,"column":37}},"6":{"start":{"line":40,"column":2},"end":{"line":40,"column":41}},"7":{"start":{"line":40,"column":32},"end":{"line":40,"column":41}},"8":{"start":{"line":41,"column":14},"end":{"line":41,"column":60}},"9":{"start":{"line":42,"column":2},"end":{"line":42,"column":42}},"10":{"start":{"line":46,"column":17},"end":{"line":46,"column":34}},"11":{"start":{"line":47,"column":2},"end":{"line":53,"column":3}},"12":{"start":{"line":48,"column":25},"end":{"line":48,"column":44}},"13":{"start":{"line":49,"column":14},"end":{"line":49,"column":33}},"14":{"start":{"line":50,"column":14},"end":{"line":50,"column":33}},"15":{"start":{"line":51,"column":14},"end":{"line":51,"column":33}},"16":{"start":{"line":52,"column":4},"end":{"line":52,"column":58}},"17":{"start":{"line":54,"column":2},"end":{"line":54,"column":16}},"18":{"start":{"line":69,"column":28},"end":{"line":69,"column":69}},"19":{"start":{"line":72,"column":17},"end":{"line":72,"column":57}},"20":{"start":{"line":73,"column":2},"end":{"line":73,"column":28}},"21":{"start":{"line":73,"column":14},"end":{"line":73,"column":28}},"22":{"start":{"line":75,"column":17},"end":{"line":75,"column":56}},"23":{"start":{"line":76,"column":2},"end":{"line":76,"column":51}},"24":{"start":{"line":77,"column":2},"end":{"line":77,"column":16}},"25":{"start":{"line":81,"column":15},"end":{"line":81,"column":54}},"26":{"start":{"line":82,"column":21},"end":{"line":82,"column":79}},"27":{"start":{"line":82,"column":47},"end":{"line":82,"column":75}},"28":{"start":{"line":83,"column":2},"end":{"line":83,"column":45}},"29":{"start":{"line":88,"column":2},"end":{"line":88,"column":45}},"30":{"start":{"line":88,"column":34},"end":{"line":88,"column":45}},"31":{"start":{"line":89,"column":15},"end":{"line":89,"column":52}},"32":{"start":{"line":90,"column":2},"end":{"line":90,"column":83}},"33":{"start":{"line":90,"column":56},"end":{"line":90,"column":81}},"34":{"start":{"line":102,"column":12},"end":{"line":102,"column":26}},"35":{"start":{"line":103,"column":12},"end":{"line":103,"column":25}},"36":{"start":{"line":105,"column":12},"end":{"line":105,"column":48}},"37":{"start":{"line":106,"column":14},"end":{"line":106,"column":22}},"38":{"start":{"line":108,"column":13},"end":{"line":108,"column":46}},"39":{"start":{"line":109,"column":13},"end":{"line":109,"column":46}},"40":{"start":{"line":110,"column":2},"end":{"line":110,"column":14}},"41":{"start":{"line":112,"column":2},"end":{"line":125,"column":3}},"42":{"start":{"line":112,"column":15},"end":{"line":112,"column":16}},"43":{"start":{"line":113,"column":4},"end":{"line":113,"column":19}},"44":{"start":{"line":114,"column":17},"end":{"line":114,"column":35}},"45":{"start":{"line":115,"column":17},"end":{"line":115,"column":35}},"46":{"start":{"line":116,"column":4},"end":{"line":120,"column":5}},"47":{"start":{"line":116,"column":17},"end":{"line":116,"column":21}},"48":{"start":{"line":117,"column":16},"end":{"line":117,"column":66}},"49":{"start":{"line":118,"column":19},"end":{"line":118,"column":62}},"50":{"start":{"line":119,"column":6},"end":{"line":119,"column":25}},"51":{"start":{"line":122,"column":16},"end":{"line":122,"column":20}},"52":{"start":{"line":123,"column":4},"end":{"line":123,"column":16}},"53":{"start":{"line":124,"column":4},"end":{"line":124,"column":15}},"54":{"start":{"line":127,"column":2},"end":{"line":127,"column":34}},"55":{"start":{"line":131,"column":12},"end":{"line":131,"column":26}},"56":{"start":{"line":132,"column":12},"end":{"line":132,"column":31}},"57":{"start":{"line":133,"column":2},"end":{"line":133,"column":42}},"58":{"start":{"line":133,"column":26},"end":{"line":133,"column":42}},"59":{"start":{"line":137,"column":20},"end":{"line":137,"column":25}},"60":{"start":{"line":138,"column":25},"end":{"line":138,"column":81}},"61":{"start":{"line":140,"column":2},"end":{"line":140,"column":53}},"62":{"start":{"line":143,"column":41},"end":{"line":143,"column":43}},"63":{"start":{"line":146,"column":21},"end":{"line":146,"column":55}},"64":{"start":{"line":147,"column":26},"end":{"line":147,"column":65}},"65":{"start":{"line":149,"column":22},"end":{"line":149,"column":69}},"66":{"start":{"line":150,"column":2},"end":{"line":150,"column":46}},"67":{"start":{"line":150,"column":37},"end":{"line":150,"column":46}},"68":{"start":{"line":152,"column":21},"end":{"line":152,"column":80}},"69":{"start":{"line":153,"column":16},"end":{"line":153,"column":38}},"70":{"start":{"line":154,"column":2},"end":{"line":154,"column":55}},"71":{"start":{"line":159,"column":89},"end":{"line":163,"column":1}},"72":{"start":{"line":165,"column":43},"end":{"line":165,"column":45}},"73":{"start":{"line":173,"column":2},"end":{"line":173,"column":39}},"74":{"start":{"line":173,"column":27},"end":{"line":173,"column":39}},"75":{"start":{"line":175,"column":17},"end":{"line":175,"column":47}},"76":{"start":{"line":176,"column":18},"end":{"line":177,"column":70}},"77":{"start":{"line":177,"column":4},"end":{"line":177,"column":70}},"78":{"start":{"line":177,"column":34},"end":{"line":177,"column":50}},"79":{"start":{"line":179,"column":18},"end":{"line":179,"column":55}},"80":{"start":{"line":180,"column":2},"end":{"line":187,"column":3}},"81":{"start":{"line":183,"column":17},"end":{"line":183,"column":33}},"82":{"start":{"line":184,"column":18},"end":{"line":184,"column":35}},"83":{"start":{"line":185,"column":17},"end":{"line":185,"column":41}},"84":{"start":{"line":186,"column":4},"end":{"line":186,"column":71}},"85":{"start":{"line":189,"column":25},"end":{"line":191,"column":3}},"86":{"start":{"line":193,"column":2},"end":{"line":193,"column":37}},"87":{"start":{"line":196,"column":33},"end":{"line":196,"column":35}},"88":{"start":{"line":197,"column":31},"end":{"line":197,"column":35}},"89":{"start":{"line":200,"column":2},"end":{"line":200,"column":37}},"90":{"start":{"line":200,"column":27},"end":{"line":200,"column":37}},"91":{"start":{"line":202,"column":17},"end":{"line":202,"column":47}},"92":{"start":{"line":203,"column":15},"end":{"line":203,"column":62}},"93":{"start":{"line":205,"column":32},"end":{"line":205,"column":36}},"94":{"start":{"line":206,"column":18},"end":{"line":206,"column":42}},"95":{"start":{"line":207,"column":2},"end":{"line":214,"column":3}},"96":{"start":{"line":208,"column":19},"end":{"line":208,"column":44}},"97":{"start":{"line":208,"column":37},"end":{"line":208,"column":43}},"98":{"start":{"line":209,"column":18},"end":{"line":209,"column":59}},"99":{"start":{"line":210,"column":4},"end":{"line":213,"column":5}},"100":{"start":{"line":211,"column":6},"end":{"line":211,"column":24}},"101":{"start":{"line":212,"column":6},"end":{"line":212,"column":22}},"102":{"start":{"line":215,"column":2},"end":{"line":215,"column":25}},"103":{"start":{"line":21
[...]
n":4},"end":{"line":38,"column":98}},"13":{"start":{"line":41,"column":2},"end":{"line":41,"column":52}},"14":{"start":{"line":42,"column":2},"end":{"line":42,"column":26}}},"fnMap":{"0":{"name":"buildResultShareText","decl":{"start":{"line":19,"column":16},"end":{"line":19,"column":36}},"loc":{"start":{"line":19,"column":68},"end":{"line":43,"column":1}},"line":19}},"branchMap":{"0":{"loc":{"start":{"line":22,"column":2},"end":{"line":24,"column":3}},"type":"if","locations":[{"start":{"line":22,"column":2},"end":{"line":24,"column":3}},{"start":{},"end":{}}],"line":22},"1":{"loc":{"start":{"line":22,"column":6},"end":{"line":22,"column":48}},"type":"binary-expr","locations":[{"start":{"line":22,"column":6},"end":{"line":22,"column":27}},{"start":{"line":22,"column":31},"end":{"line":22,"column":48}}],"line":22},"2":{"loc":{"start":{"line":25,"column":2},"end":{"line":27,"column":3}},"type":"if","locations":[{"start":{"line":25,"column":2},"end":{"line":27,"column":3}},{"start":{},"end":{}}],"line":25},"3":{"loc":{"start":{"line":28,"column":2},"end":{"line":30,"column":3}},"type":"if","locations":[{"start":{"line":28,"column":2},"end":{"line":30,"column":3}},{"start":{},"end":{}}],"line":28},"4":{"loc":{"start":{"line":31,"column":2},"end":{"line":33,"column":3}},"type":"if","locations":[{"start":{"line":31,"column":2},"end":{"line":33,"column":3}},{"start":{},"end":{}}],"line":31},"5":{"loc":{"start":{"line":34,"column":2},"end":{"line":36,"column":3}},"type":"if","locations":[{"start":{"line":34,"column":2},"end":{"line":36,"column":3}},{"start":{},"end":{}}],"line":34},"6":{"loc":{"start":{"line":37,"column":2},"end":{"line":39,"column":3}},"type":"if","locations":[{"start":{"line":37,"column":2},"end":{"line":39,"column":3}},{"start":{},"end":{}}],"line":37}},"s":{"0":3,"1":3,"2":1,"3":3,"4":1,"5":3,"6":1,"7":3,"8":1,"9":3,"10":1,"11":3,"12":1,"13":3,"14":3},"f":{"0":3},"b":{"0":[1,2],"1":[3,2],"2":[1,2],"3":[1,2],"4":[1,2],"5":[1,2],"6":[1,2]},"_coverageSchema":"1a1c01bbd47fc00a2c39e90264f33305004495a9","hash":"3135ef6ff6e781e7bfce2751aef91b17580e9734"}
,"C:\\Users\\victo\\Documents\\projects_github\\Gym_execution\\app\\src\\services\\sessionInsights.ts": {"path":"C:\\Users\\victo\\Documents\\projects_github\\Gym_execution\\app\\src\\services\\sessionInsights.ts","statementMap":{"0":{"start":{"line":13,"column":19},"end":{"line":13,"column":83}},"1":{"start":{"line":13,"column":48},"end":{"line":13,"column":82}},"2":{"start":{"line":14,"column":2},"end":{"line":14,"column":41}},"3":{"start":{"line":14,"column":29},"end":{"line":14,"column":41}},"4":{"start":{"line":16,"column":20},"end":{"line":16,"column":73}},"5":{"start":{"line":16,"column":58},"end":{"line":16,"column":71}},"6":{"start":{"line":17,"column":18},"end":{"line":17,"column":115}},"7":{"start":{"line":17,"column":44},"end":{"line":17,"column":61}},"8":{"start":{"line":17,"column":100},"end":{"line":17,"column":114}},"9":{"start":{"line":18,"column":23},"end":{"line":18,"column":71}},"10":{"start":{"line":20,"column":2},"end":{"line":20,"column":37}},"11":{"start":{"line":33,"column":2},"end":{"line":38,"column":4}},"12":{"start":{"line":42,"column":41},"end":{"line":42,"column":43}},"13":{"start":{"line":45,"column":33},"end":{"line":45,"column":34}},"14":{"start":{"line":63,"column":2},"end":{"line":63,"column":44}},"15":{"start":{"line":63,"column":32},"end":{"line":63,"column":44}},"16":{"start":{"line":65,"column":24},"end":{"line":69,"column":50}},"17":{"start":{"line":66,"column":25},"end":{"line":66,"column":88}},"18":{"start":{"line":67,"column":20},"end":{"line":67,"column":89}},"19":{"start":{"line":69,"column":22},"end":{"line":69,"column":49}},"20":{"start":{"line":71,"column":2},"end":{"line":71,"column":46}},"21":{"start":{"line":71,"column":34},"end":{"line":71,"column":46}},"22":{"start":{"line":73,"column":32},"end":{"line":73,"column":109}},"23":{"start":{"line":73,"column":70},"end":{"line":73,"column":82}},"24":{"start":{"line":74,"column":2},"end":{"line":74,"column":46}},"25":{"start":{"line":74,"column":34},"end":{"line":74,"column":46}},"26":{"start":{"line":76,"column":26},"end":{"line":76,"column":111}},"27":{"start":{"line":77,"column":2},"end":{"line":77,"column":63}},"28":{"start":{"line":77,"column":51},"end":{"line":77,"column":63}},"29":{"start":{"line":79,"column":2},"end":{"line":79,"column":52}}},"fnMap":{"0":{"name":"computePersonalRecord","decl":{"start":{"line":12,"column":16},"end":{"line":12,"column":37}},"loc":{"start":{"line":12,"column":116},"end":{"line":21,"column":1}},"line":12},"1":{"name":"(anonymous_1)","decl":{"start":{"line":13,"column":35},"end":{"line":13,"column":36}},"loc":{"start":{"line":13,"column":48},"end":{"line":13,"column":82}},"line":13},"2":{"name":"(anonymous_2)","decl":{"start":{"line":16,"column":45},"end":{"line":16,"column":46}},"loc":{"start":{"line":16,"column":58},"end":{"line":16,"column":71}},"line":16},"3":{"name":"(anonymous_3)","decl":{"start":{"line":17,"column":31},"end":{"line":17,"column":32}},"loc":{"start":{"line":17,"column":44},"end":{"line":17,"column":61}},"line":17},"4":{"name":"(anonymous_4)","decl":{"start":{"line":17,"column":70},"end":{"line":17,"column":71}},"loc":{"start":{"line":17,"column":100},"end":{"line":17,"column":114}},"line":17},"5":{"name":"detectNewRecords","decl":{"start":{"line":29,"column":16},"end":{"line":29,"column":32}},"loc":{"start":{"line":32,"column":14},"end":{"line":39,"column":1}},"line":32},"6":{"name":"detectOverload","decl":{"start":{"line":58,"column":16},"end":{"line":58,"column":30}},"loc":{"start":{"line":62,"column":26},"end":{"line":80,"column":1}},"line":62},"7":{"name":"(anonymous_7)","decl":{"start":{"line":66,"column":12},"end":{"line":66,"column":13}},"loc":{"start":{"line":66,"column":25},"end":{"line":66,"column":88}},"line":66},"8":{"name":"(anonymous_8)","decl":{"start":{"line":67,"column":10},"end":{"line":67,"column":11}},"loc":{"start":{"line":67,"column":20},"end":{"line":67,"column":89}},"line":67},"9":{"name":"(anonymous_9)","decl":{"start":{"line":69,"column":9},"end":{"line":69,"column":10}},"loc":{"start":{"line":69,"column":22},"end":{"line":69,"column":49}},"line":69},"10":{"name":"(anonymous_10)","decl":{"start":{"line":73,"column":53},"end":{"line":73,"column":54}},"loc":{"start":{"line":73,"column":70},"end":{"line":73,"column":82}},"line":73}},"branchMap":{"0":{"loc":{"start":{"line":14,"column":2},"end":{"line":14,"column":41}},"type":"if","locations":[{"start":{"line":14,"column":2},"end":{"line":14,"column":41}},{"start":{},"end":{}}],"line":14},"1":{"loc":{"start":{"line":18,"column":23},"end":{"line":18,"column":71}},"type":"cond-expr","locations":[{"start":{"line":18,"column":44},"end":{"line":18,"column":64}},{"start":{"line":18,"column":67},"end":{"line":18,"column":71}}],"line":18},"2":{"loc":{"start":{"line":34,"column":11},"end":{"line":34,"column":66}},"type":"binary-expr","locations":[{"start":{"line":34,"column":11},"end":{"line":34,"column":28}},{"start":{"line":34,"column":32},"end":{"line":34,"column":66}}],"line":34},"3":{"loc":{"start":{"line":36,"column":6},"end":{"line":37,"column":103}},"type":"binary-expr","locations":[{"start":{"line":36,"column":6},"end":{"line":36,"column":30}},{"start":{"line":37,"column":7},"end":{"line":37,"column":24}},{"start":{"line":37,"column":28},"end":{"line":37,"column":58}},{"start":{"line":37,"column":62},"end":{"line":37,"column":102}}],"line":36},"4":{"loc":{"start":{"line":63,"column":2},"end":{"line":63,"column":44}},"type":"if","locations":[{"start":{"line":63,"column":2},"end":{"line":63,"column":44}},{"start":{},"end":{}}],"line":63},"5":{"loc":{"start":{"line":66,"column":25},"end":{"line":66,"column":88}},"type":"binary-expr","locations":[{"start":{"line":66,"column":25},"end":{"line":66,"column":59}},{"start":{"line":66,"column":63},"end":{"line":66,"column":88}}],"line":66},"6":{"loc":{"start":{"line":71,"column":2},"end":{"line":71,"column":46}},"type":"if","locations":[{"start":{"line":71,"column":2},"end":{"line":71,"column":46}},{"start":{},"end":{}}],"line":71},"7":{"loc":{"start":{"line":74,"column":2},"end":{"line":74,"column":46}},"type":"if","locations":[{"start":{"line":74,"column":2},"end":{"line":74,"column":46}},{"start":{},"end":{}}],"line":74},"8":{"loc":{"start":{"line":77,"column":2},"end":{"line":77,"column":63}},"type":"if","locations":[{"start":{"line":77,"column":2},"end":{"line":77,"column":63}},{"start":{},"end":{}}],"line":77}},"s":{"0":4,"1":7,"2":4,"3":2,"4":2,"5":5,"6":2,"7":5,"8":5,"9":2,"10":2,"11":5,"12":1,"13":1,"14":5,"15":1,"16":4,"17":11,"18":7,"19":9,"20":4,"21":1,"22":3,"23":9,"24":3,"25":0,"26":3,"27":3,"28":1,"29":2},"f":{"0":4,"1":7,"2":5,"3":5,"4":5,"5":5,"6":5,"7":11,"8":7,"9":9,"10":9},"b":{"0":[2,2],"1":[1,1],"2":[5,3],"3":[5,4,3,3],"4":[1,4],"5":[11,10],"6":[1,3],"7":[0,3],"8":[1,2]},"_coverageSchema":"1a1c01bbd47fc00a2c39e90264f33305004495a9","hash":"878695ce131399cc68f40e0959254bc7e545ac54"}
,"C:\\Users\\victo\\Documents\\projects_github\\Gym_execution\\app\\src\\services\\sessionsService.ts": {"path":"C:\\Users\\victo\\Documents\\projects_github\\Gym_execution\\app\\src\\services\\sessionsService.ts","statementMap":{"0":{"start":{"line":20,"column":34},"end":{"line":20,"column":36}},"1":{"start":{"line":26,"column":53},"end":{"line":26,"column":60}},"2":{"start":{"line":27,"column":2},"end":{"line":27,"column":101}},"3":{"start":{"line":36,"column":19},"end":{"line":36,"column":22}},"4":{"start":{"line":37,"column":39},"end":{"line":37,"column":41}},"5":{"start":{"line":38,"column":15},"end":{"line":38,"column":16}},"6":{"start":{"line":40,"column":2},"end":{"line":45,"column":3}},"7":{"start":{"line":41,"column":17},"end":{"line":41,"column":73}},"8":{"start":{"line":42,"column":4},"end":{"line":42,"column":22}},"9":{"start":{"line":43,"column":4},"end":{"line":43,"column":43}},"10":{"start":{"line":43,"column":32},"end":{"line":43,"column":43}},"11":{"start":{"line":44,"column":4},"end":{"line":44,"column":23}},"12":{"start":{"line":53,"column":2},"end":{"line":53,"column":64}},"13":{"start":{"line":72,"column":2},"end":{"line":72,"column":80}},"14":{"start":{"line":82,"column":2},"end":{"line":92,"column":5}}},"fnMap":{"0":{"name":"listMySessions","decl":{"start":{"line":22,"column":16},"end":{"line":22,"column":30}},"loc":{"start":{"line":25,"column":36},"end":{"line":28,"column":1}},"line":25},"1":{"name":"listAllMySessions","decl":{"start":{"line":35,"column":22},"end":{"line":35,"column":39}},"loc":{"start":{"line":35,"column":89},"end":{"line":46,"column":1}},"line":35},"2":{"name":"getMyStats","decl":{"start":{"line":52,"column":16},"end":{"line":52,"column":26}},"loc":{"start":{"line":52,"column":65},"end":{"line":54,"column":1}},"line":52},"3":{"name":"buildIdempotencyKey","decl":{"start":{"line":66,"column":16},"end":{"line":66,"column":35}},"loc":{"start":{"line":71,"column":10},"end":{"line":73,"column":1}},"line":71},"4":{"name":"recordSession","decl":{"start":{"line":75,"column":16},"end":{"line":75,"column":29}},"loc":{"start":{"line":81,"column":34},"end":{"line":93,"column":1}},"line":81}},"branchMap":{"0":{"loc":{"start":{"line":24,"column":2},"end":{"line":24,"column":51}},"type":"default-arg","locations":[{"start":{"line":24,"column":49},"end":{"line":24,"column":51}}],"line":24},"1":{"loc":{"start":{"line":26,"column":10},"end":{"line":26,"column":20}},"type":"default-arg","locations":[{"start":{"line":26,"column":19},"end":{"line":26,"column":20}}],"line":26},"2":{"loc":{"start":{"line":26,"column":22},"end":{"line":26,"column":48}},"type":"default-arg","locations":[{"start":{"line":26,"column":30},"end":{"line":26,"column":48}}],"line":26},"3":{"loc":{"start":{"line":43,"column":4},"end":{"line":43,"column":43}},"type":"if","locations":[{"start":{"line":43,"column":4},"end":{"line":43,"column":43}},{"start":{},"end":{}}],"line":43},"4":{"loc":{"start":{"line":72,"column":63},"end":{"line":72,"column":77}},"type":"binary-expr","locations":[{"start":{"line":72,"column":63},"end":{"line":72,"column":71}},{"start":{"line":72,"column":75},"end":{"line":72,"column":77}}],"line":72},"5":{"loc":{"start":{"line":90,"column":17},"end":{"line":90,"column":33}},"type":"binary-expr","locations":[{"start":{"line":90,"column":17},"end":{"line":90,"column":25}},{"start":{"line":90,"column":29},"end":{"line":90,"column":33}}],"line":90}},"s":{"0":0,"1":0,"2":0,"3":0,"4":0,"5":0,"6":0,"7":0,"8":0,"9":0,"10":0,"11":0,"12":0,"13":0,"14":0},"f":{"0":0,"1":0,"2":0,"3":0,"4":0},"b":{"0":[0],"1":[0],"2":[0],"3":[0,0],"4":[0,0],"5":[0,0]}}
,"C:\\Users\\victo\\Documents\\projects_github\\Gym_execution\\app\\src\\services\\theme.ts": {"path":"C:\\Users\\victo\\Documents\\projects_github\\Gym_execution\\app\\src\\services\\theme.ts","statementMap":{"0":{"start":{"line":27,"column":14},"end":{"line":37,"column":1}},"1":{"start":{"line":41,"column":13},"end":{"line":51,"column":1}},"2":{"start":{"line":66,"column":15},"end":{"line":66,"column":50}},"3":{"start":{"line":67,"column":22},"end":{"line":67,"column":64}},"4":{"start":{"line":69,"column":2},"end":{"line":83,"column":3}},"5":{"start":{"line":70,"column":21},"end":{"line":70,"column":44}},"6":{"start":{"line":71,"column":4},"end":{"line":82,"column":6}},"7":{"start":{"line":85,"column":2},"end":{"line":85,"column":67}}},"fnMap":{"0":{"name":"getTheme","decl":{"start":{"line":65,"column":16},"end":{"line":65,"column":24}},"loc":{"start":{"line":65,"column":58},"end":{"line":86,"column":1}},"line":65}},"branchMap":{"0":{"loc":{"start":{"line":66,"column":15},"end":{"line":66,"column":50}},"type":"cond-expr","locations":[{"start":{"line":66,"column":38},"end":{"line":66,"column":42}},{"start":{"line":66,"column":45},"end":{"line":66,"column":50}}],"line":66},"1":{"loc":{"start":{"line":69,"column":2},"end":{"line":83,"column":3}},"type":"if","locations":[{"start":{"line":69,"column":2},"end":{"line":83,"column":3}},{"start":{},"end":{}}],"line":69}},"s":{"0":1,"1":1,"2":10,"3":10,"4":10,"5":4,"6":4,"7":6},"f":{"0":10},"b":{"0":[5,5],"1":[4,6]},"_coverageSchema":"1a1c01bbd47fc00a2c39e90264f33305004495a9","hash":"aae4b84269f88dfaf01676ee152b62830cdfdf2e"}
,"C:\\Users\\victo\\Documents\\projects_github\\Gym_execution\\app\\src\\services\\trainingReport.ts": {"path":"C:\\Users\\victo\\Documents\\projects_github\\Gym_execution\\app\\src\\services\\trainingReport.ts","statementMap":{"0":{"start":{"line":18,"column":17},"end":{"line":18,"column":30}},"1":{"start":{"line":19,"column":2},"end":{"line":19,"column":42}},"2":{"start":{"line":21,"column":17},"end":{"line":24,"column":4}},"3":{"start":{"line":22,"column":23},"end":{"line":22,"column":52}},"4":{"start":{"line":23,"column":4},"end":{"line":23,"column":53}},"5":{"start":{"line":26,"column":24},"end":{"line":26,"column":90}},"6":{"start":{"line":26,"column":56},"end":{"line":26,"column":86}},"7":{"start":{"line":28,"column":4},"end":{"line":28,"column":114}},"8":{"start":{"line":28,"column":67},"end":{"line":28,"column":86}},"9":{"start":{"line":30,"column":2},"end":{"line":30,"column":71}},"10":{"start":{"line":37,"column":2},"end":{"line":40,"column":83}},"11":{"start":{"line":38,"column":20},"end":{"line":38,"column":89}},"12":{"start":{"line":40,"column":23},"end":{"line":40,"column":80}}},"fnMap":{"0":{"name":"computePeriodReport","decl":{"start":{"line":13,"column":16},"end":{"line":13,"column":35}},"loc":{"start":{"line":17,"column":16},"end":{"line":31,"column":1}},"line":17},"1":{"name":"(anonymous_1)","decl":{"start":{"line":21,"column":33},"end":{"line":21,"column":34}},"loc":{"start":{"line":21,"column":46},"end":{"line":24,"column":3}},"line":21},"2":{"name":"(anonymous_2)","decl":{"start":{"line":26,"column":38},"end":{"line":26,"column":39}},"loc":{"start":{"line":26,"column":56},"end":{"line":26,"column":86}},"line":26},"3":{"name":"(anonymous_3)","decl":{"start":{"line":28,"column":49},"end":{"line":28,"column":50}},"loc":{"start":{"line":28,"column":67},"end":{"line":28,"column":86}},"line":28},"4":{"name":"computeScoreSeries","decl":{"start":{"line":36,"column":16},"end":{"line":36,"column":34}},"loc":{"start":{"line":36,"column":96},"end":{"line":41,"column":1}},"line":36},"5":{"name":"(anonymous_5)","decl":{"start":{"line":38,"column":10},"end":{"line":38,"column":11}},"loc":{"start":{"line":38,"column":20},"end":{"line":38,"column":89}},"line":38},"6":{"name":"(anonymous_6)","decl":{"start":{"line":40,"column":9},"end":{"line":40,"column":10}},"loc":{"start":{"line":40,"column":23},"end":{"line":40,"column":80}},"line":40}},"branchMap":{"0":{"loc":{"start":{"line":16,"column":2},"end":{"line":16,"column":24}},"type":"default-arg","locations":[{"start":{"line":16,"column":14},"end":{"line":16,"column":24}}],"line":16},"1":{"loc":{"start":{"line":23,"column":11},"end":{"line":23,"column":52}},"type":"binary-expr","locations":[{"start":{"line":23,"column":11},"end":{"line":23,"column":31}},{"start":{"line":23,"column":35},"end":{"line":23,"column":52}}],"line":23},"2":{"loc":{"start":{"line":26,"column":63},"end":{"line":26,"column":85}},"type":"binary-expr","locations":[{"start":{"line":26,"column":63},"end":{"line":26,"column":80}},{"start":{"line":26,"column":84},"end":{"line":26,"column":85}}],"line":26},"3":{"loc":{"start":{"line":28,"column":4},"end":{"line":28,"column":114}},"type":"cond-expr","locations":[{"start":{"line":28,"column":24},"end":{"line":28,"column":107}},{"start":{"line":28,"column":110},"end":{"line":28,"column":114}}],"line":28},"4":{"loc":{"start":{"line":36,"column":70},"end":{"line":36,"column":80}},"type":"default-arg","locations":[{"start":{"line":36,"column":78},"end":{"line":36,"column":80}}],"line":36}},"s":{"0":3,"1":3,"2":3,"3":4,"4":4,"5":3,"6":3,"7":3,"8":3,"9":3,"10":2,"11":4,"12":2},"f":{"0":3,"1":4,"2":3,"3":3,"4":2,"5":4,"6":2},"b":{"0":[0],"1":[4,3],"2":[3,1],"3":[2,1],"4":[1]},"_coverageSchema":"1a1c01bbd47fc00a2c39e90264f33305004495a9","hash":"a07d8fd71d2974152d714f746ce600e1d339fb40"}
,"C:\\Users\\victo\\Documents\\projects_github\\Gym_execution\\app\\src\\services\\userService.ts": {"path":"C:\\Users\\victo\\Documents\\projects_github\\Gym_execution\\app\\src\\services\\userService.ts","statementMap":{"0":{"start":{"line":13,"column":2},"end":{"line":13,"column":56}},"1":{"start":{"line":19,"column":2},"end":{"line":19,"column":88}},"2":{"start":{"line":27,"column":2},"end":{"line":27,"column":68}}},"fnMap":{"0":{"name":"getMyProfile","decl":{"start":{"line":12,"column":16},"end":{"line":12,"column":28}},"loc":{"start":{"line":12,"column":65},"end":{"line":14,"column":1}},"line":12},"1":{"name":"updateMyProfile","decl":{"start":{"line":18,"column":16},"end":{"line":18,"column":31}},"loc":{"start":{"line":18,"column":92},"end":{"line":20,"column":1}},"line":18},"2":{"name":"deleteMyAccount","decl":{"start":{"line":26,"column":16},"end":{"line":26,"column":31}},"loc":{"start":{"line":26,"column":62},"end":{"line":28,"column":1}},"line":26}},"branchMap":{},"s":{"0":0,"1":0,"2":0},"f":{"0":0,"1":0,"2":0},"b":{}}
,"C:\\Users\\victo\\Documents\\projects_github\\Gym_execution\\app\\src\\services\\warmupTips.ts": {"path":"C:\\Users\\victo\\Documents\\projects_github\\Gym_execution\\app\\src\\services\\warmupTips.ts","statementMap":{"0":{"start":{"line":9,"column":44},"end":{"line":15,"column":1}},"1":{"start":{"line":17,"column":27},"end":{"line":17,"column":97}},"2":{"start":{"line":20,"column":2},"end":{"line":20,"column":55}}},"fnMap":{"0":{"name":"getWarmupTip","decl":{"start":{"line":19,"column":16},"end":{"line":19,"column":28}},"loc":{"start":{"line":19,"column":57},"end":{"line":21,"column":1}},"line":19}},"branchMap":{"0":{"loc":{"start":{"line":20,"column":9},"end":{"line":20,"column":54}},"type":"binary-expr","locations":[{"start":{"line":20,"column":9},"end":{"line":20,"column":32}},{"start":{"line":20,"column":36},"end":{"line":20,"column":54}}],"line":20}},"s":{"0":0,"1":0,"2":0},"f":{"0":0},"b":{"0":[0,0]}}
}
