{"C:\\Users\\victo\\Documents\\projects_github\\Gym_execution\\app\\src\\hooks\\useAuth.tsx": {"path":"C:\\Users\\victo\\Documents\\projects_github\\Gym_execution\\app\\src\\hooks\\useAuth.tsx","statementMap":{"0":{"start":{"line":23,"column":20},"end":{"line":23,"column":64}},"1":{"start":{"line":35,"column":30},"end":{"line":35,"column":61}},"2":{"start":{"line":36,"column":28},"end":{"line":36,"column":57}},"3":{"start":{"line":37,"column":42},"end":{"line":37,"column":71}},"4":{"start":{"line":39,"column":2},"end":{"line":45,"column":9}},"5":{"start":{"line":40,"column":4},"end":{"line":44,"column":7}},"6":{"start":{"line":41,"column":6},"end":{"line":41,"column":28}},"7":{"start":{"line":42,"column":6},"end":{"line":42,"column":37}},"8":{"start":{"line":43,"column":6},"end":{"line":43,"column":56}},"9":{"start":{"line":47,"column":23},"end":{"line":52,"column":8}},"10":{"start":{"line":48,"column":4},"end":{"line":48,"column":59}},"11":{"start":{"line":49,"column":4},"end":{"line":49,"column":19}},"12":{"start":{"line":50,"column":4},"end":{"line":50,"column":26}},"13":{"start":{"line":51,"column":4},"end":{"line":51,"column":27}},"14":{"start":{"line":54,"column":29},"end":{"line":66,"column":34}},"15":{"start":{"line":55,"column":4},"end":{"line":55,"column":35}},"16":{"start":{"line":55,"column":23},"end":{"line":55,"column":35}},"17":{"start":{"line":56,"column":4},"end":{"line":65,"column":5}},"18":{"start":{"line":57,"column":58},"end":{"line":57,"column":108}},"19":{"start":{"line":58,"column":6},"end":{"line":58,"column":81}},"20":{"start":{"line":59,"column":6},"end":{"line":59,"column":29}},"21":{"start":{"line":60,"column":6},"end":{"line":60,"column":34}},"22":{"start":{"line":61,"column":6},"end":{"line":61,"column":26}},"23":{"start":{"line":63,"column":6},"end":{"line":63,"column":27}},"24":{"start":{"line":64,"column":6},"end":{"line":64,"column":18}},"25":{"start":{"line":68,"column":2},"end":{"line":71,"column":27}},"26":{"start":{"line":69,"column":4},"end":{"line":69,"column":47}},"27":{"start":{"line":70,"column":4},"end":{"line":70,"column":46}},"28":{"start":{"line":70,"column":17},"end":{"line":70,"column":45}},"29":{"start":{"line":73,"column":2},"end":{"line":78,"column":21}},"30":{"start":{"line":74,"column":4},"end":{"line":76,"column":7}},"31":{"start":{"line":75,"column":6},"end":{"line":75,"column":37}},"32":{"start":{"line":77,"column":4},"end":{"line":77,"column":46}},"33":{"start":{"line":77,"column":17},"end":{"line":77,"column":45}},"34":{"start":{"line":80,"column":17},"end":{"line":86,"column":8}},"35":{"start":{"line":81,"column":44},"end":{"line":81,"column":84}},"36":{"start":{"line":82,"column":4},"end":{"line":82,"column":82}},"37":{"start":{"line":83,"column":4},"end":{"line":83,"column":27}},"38":{"start":{"line":84,"column":4},"end":{"line":84,"column":35}},"39":{"start":{"line":85,"column":4},"end":{"line":85,"column":26}},"40":{"start":{"line":88,"column":17},"end":{"line":94,"column":3}},"41":{"start":{"line":90,"column":6},"end":{"line":90,"column":56}},"42":{"start":{"line":91,"column":6},"end":{"line":91,"column":36}},"43":{"start":{"line":96,"column":18},"end":{"line":102,"column":34}},"44":{"start":{"line":97,"column":4},"end":{"line":100,"column":5}},"45":{"start":{"line":99,"column":6},"end":{"line":99,"column":55}},"46":{"start":{"line":101,"column":4},"end":{"line":101,"column":25}},"47":{"start":{"line":110,"column":16},"end":{"line":113,"column":3}},"48":{"start":{"line":111,"column":11},"end":{"line":111,"column":53}},"49":{"start":{"line":115,"column":2},"end":{"line":115,"column":79}},"50":{"start":{"line":119,"column":18},"end":{"line":119,"column":41}},"51":{"start":{"line":120,"column":2},"end":{"line":120,"column":92}},"52":{"start":{"line":120,"column":24},"end":{"line":120,"column":92}},"53":{"start":{"line":121,"column":2},"end":{"line":121,"column":17}}},"fnMap":{"0":{"name":"AuthProvider","decl":{"start":{"line":34,"column":16},"end":{"line":34,"column":28}},"loc":{"start":{"line":34,"column":68},"end":{"line":116,"column":1}},"line":34},"1":{"name":"(anonymous_1)","decl":{"start":{"line":39,"column":12},"end":{"line":39,"column":13}},"loc":{"start":{"line":39,"column":18},"end":{"line":45,"column":3}},"line":39},"2":{"name":"(anonymous_2)","decl":{"start":{"line":40,"column":56},"end":{"line":40,"column":57}},"loc":{"start":{"line":40,"column":90},"end":{"line":44,"column":5}},"line":40},"3":{"name":"(anonymous_3)","decl":{"start":{"line":47,"column":35},"end":{"line":47,"column":36}},"loc":{"start":{"line":47,"column":47},"end":{"line":52,"column":3}},"line":47},"4":{"name":"(anonymous_4)","decl":{"start":{"line":54,"column":41},"end":{"line":54,"column":42}},"loc":{"start":{"line":54,"column":77},"end":{"line":66,"column":3}},"line":54},"5":{"name":"(anonymous_5)","decl":{"start":{"line":68,"column":12},"end":{"line":68,"column":13}},"loc":{"start":{"line":68,"column":18},"end":{"line":71,"column":3}},"line":68},"6":{"name":"(anonymous_6)","decl":{"start":{"line":70,"column":11},"end":{"line":70,"column":12}},"loc":{"start":{"line":70,"column":17},"end":{"line":70,"column":45}},"line":70},"7":{"name":"(anonymous_7)","decl":{"start":{"line":73,"column":12},"end":{"line":73,"column":13}},"loc":{"start":{"line":73,"column":18},"end":{"line":78,"column":3}},"line":73},"8":{"name":"(anonymous_8)","decl":{"start":{"line":74,"column":27},"end":{"line":74,"column":28}},"loc":{"start":{"line":74,"column":33},"end":{"line":76,"column":5}},"line":74},"9":{"name":"(anonymous_9)","decl":{"start":{"line":75,"column":27},"end":{"line":75,"column":28}},"loc":{"start":{"line":75,"column":33},"end":{"line":75,"column":35}},"line":75},"10":{"name":"(anonymous_10)","decl":{"start":{"line":77,"column":11},"end":{"line":77,"column":12}},"loc":{"start":{"line":77,"column":17},"end":{"line":77,"column":45}},"line":77},"11":{"name":"(anonymous_11)","decl":{"start":{"line":80,"column":29},"end":{"line":80,"column":30}},"loc":{"start":{"line":80,"column":72},"end":{"line":86,"column":3}},"line":80},"12":{"name":"(anonymous_12)","decl":{"start":{"line":89,"column":4},"end":{"line":89,"column":5}},"loc":{"start":{"line":89,"column":61},"end":{"line":92,"column":5}},"line":89},"13":{"name":"(anonymous_13)","decl":{"start":{"line":96,"column":30},"end":{"line":96,"column":31}},"loc":{"start":{"line":96,"column":42},"end":{"line":102,"column":3}},"line":96},"14":{"name":"(anonymous_14)","decl":{"start":{"line":99,"column":45},"end":{"line":99,"column":46}},"loc":{"start":{"line":99,"column":51},"end":{"line":99,"column":53}},"line":99},"15":{"name":"(anonymous_15)","decl":{"start":{"line":111,"column":4},"end":{"line":111,"column":5}},"loc":{"start":{"line":111,"column":11},"end":{"line":111,"column":53}},"line":111},"16":{"name":"useAuth","decl":{"start":{"line":118,"column":16},"end":{"line":118,"column":23}},"loc":{"start":{"line":118,"column":44},"end":{"line":122,"column":1}},"line":118}},"branchMap":{"0":{"loc":{"start":{"line":43,"column":16},"end":{"line":43,"column":54}},"type":"cond-expr","locations":[{"start":{"line":43,"column":30},"end":{"line":43,"column":40}},{"start":{"line":43,"column":43},"end":{"line":43,"column":54}}],"line":43},"1":{"loc":{"start":{"line":55,"column":4},"end":{"line":55,"column":35}},"type":"if","locations":[{"start":{"line":55,"column":4},"end":{"line":55,"column":35}},{"start":{},"end":{}}],"line":55},"2":{"loc":{"start":{"line":97,"column":4},"end":{"line":100,"column":5}},"type":"if","locations":[{"start":{"line":97,"column":4},"end":{"line":100,"column":5}},{"start":{},"end":{}}],"line":97},"3":{"loc":{"start":{"line":120,"column":2},"end":{"line":120,"column":92}},"type":"if","locations":[{"start":{"line":120,"column":2},"end":{"line":120,"column":92}},{"start":{},"end":{}}],"line":120}},"s":{"0":0,"1":0,"2":0,"3":0,"4":0,"5":0,"6":0,"7":0,"8":0,"9":0,"10":0,"11":0,"12":0,"13":0,"14":0,"15":0,"16":0,"17":0,"18":0,"19":0,"20":0,"21":0,"22":0,"23":0,"24":0,"25":0,"26":0,"27":0,"28":0,"29":0,"30":0,"31":0,"32":0,"33":0,"34":0,"35":0,"36":0,"37":0,"38":0,"39":0,"40":0,"41":0,"42":0,"43":0,"44":0,"45":0,"46":0,"47":0,"48":0,"49":0,"50":0,"51":0,"52":0,"53":0},"f":{"0":0,"1":0,"2":0,"3":0,"4":0,"5":0,"6":0,"7":0,"8":0,"9":0,"10":0,"11":0,"12":0,"13":0,"14":0,"15":0,"16":0},"b":{"0":[0,0],"1":[0,0],"2":[0,0],"3":[0,0]}}
,"C:\\Users\\victo\\Documents\\projects_github\\Gym_execution\\app\\src\\hooks\\useCameraCapture.ts": {"path":"C:\\Users\\victo\\Documents\\projects_github\\Gym_execution\\app\\src\\hooks\\useCameraCapture.ts","statementMap":{"0":{"start":{"line":8,"column":27},"end":{"line":8,"column":30}},"1":{"start":{"line":26,"column":26},"end":{"line":26,"column":42}},"2":{"start":{"line":27,"column":25},"end":{"line":27,"column":83}},"3":{"start":{"line":28,"column":42},"end":{"line":28,"column":64}},"4":{"start":{"line":29,"column":20},"end":{"line":29,"column":51}},"5":{"start":{"line":30,"column":22},"end":{"line":30,"column":73}},"6":{"start":{"line":31,"column":23},"end":{"line":31,"column":36}},"7":{"start":{"line":33,"column":2},"end":{"line":37,"column":38}},"8":{"start":{"line":34,"column":4},"end":{"line":36,"column":5}},"9":{"start":{"line":35,"column":6},"end":{"line":35,"column":26}},"10":{"start":{"line":39,"column":2},"end":{"line":74,"column":47}},"11":{"start":{"line":40,"column":4},"end":{"line":40,"column":29}},"12":{"start":{"line":40,"column":22},"end":{"line":40,"column":29}},"13":{"start":{"line":42,"column":4},"end":{"line":66,"column":27}},"14":{"start":{"line":43,"column":6},"end":{"line":43,"column":61}},"15":{"start":{"line":43,"column":54},"end":{"line":43,"column":61}},"16":{"start":{"line":44,"column":6},"end":{"line":44,"column":34}},"17":{"start":{"line":46,"column":6},"end":{"line":65,"column":11}},"18":{"start":{"line":49,"column":10},"end":{"line":49,"column":29}},"19":{"start":{"line":49,"column":22},"end":{"line":49,"column":29}},"20":{"start":{"line":50,"column":42},"end":{"line":50,"column":102}},"21":{"start":{"line":51,"column":10},"end":{"line":57,"column":13}},"22":{"start":{"line":54,"column":12},"end":{"line":56,"column":13}},"23":{"start":{"line":55,"column":14},"end":{"line":55,"column":86}},"24":{"start":{"line":61,"column":10},"end":{"line":61,"column":84}},"25":{"start":{"line":64,"column":10},"end":{"line":64,"column":39}},"26":{"start":{"line":68,"column":4},"end":{"line":73,"column":6}},"27":{"start":{"line":69,"column":6},"end":{"line":72,"column":7}},"28":{"start":{"line":70,"column":8},"end":{"line":70,"column":43}},"29":{"start":{"line":71,"column":8},"end":{"line":71,"column":35}},"30":{"start":{"line":76,"column":22},"end":{"line":81,"column":8}},"31":{"start":{"line":77,"column":4},"end":{"line":80,"column":5}},"32":{"start":{"line":78,"column":6},"end":{"line":78,"column":41}},"33":{"start":{"line":79,"column":6},"end":{"line":79,"column":33}},"34":{"start":{"line":83,"column":2},"end":{"line":83,"column":67}}},"fnMap":{"0":{"name":"useCameraCapture","decl":{"start":{"line":25,"column":16},"end":{"line":25,"column":32}},"loc":{"start":{"line":25,"column":82},"end":{"line":84,"column":1}},"line":25},"1":{"name":"(anonymous_1)","decl":{"start":{"line":33,"column":12},"end":{"line":33,"column":13}},"loc":{"start":{"line":33,"column":18},"end":{"line":37,"column":3}},"line":33},"2":{"name":"(anonymous_2)","decl":{"start":{"line":39,"column":12},"end":{"line":39,"column":13}},"loc":{"start":{"line":39,"column":18},"end":{"line":74,"column":3}},"line":39},"3":{"name":"(anonymous_3)","decl":{"start":{"line":42,"column":38},"end":{"line":42,"column":39}},"loc":{"start":{"line":42,"column":44},"end":{"line":66,"column":5}},"line":42},"4":{"name":"(anonymous_4)","decl":{"start":{"line":48,"column":14},"end":{"line":48,"column":15}},"loc":{"start":{"line":48,"column":25},"end":{"line":58,"column":9}},"line":48},"5":{"name":"(anonymous_5)","decl":{"start":{"line":51,"column":54},"end":{"line":51,"column":55}},"loc":{"start":{"line":51,"column":60},"end":{"line":57,"column":11}},"line":51},"6":{"name":"(anonymous_6)","decl":{"start":{"line":55,"column":76},"end":{"line":55,"column":77}},"loc":{"start":{"line":55,"column":82},"end":{"line":55,"column":84}},"line":55},"7":{"name":"(anonymous_7)","decl":{"start":{"line":59,"column":15},"end":{"line":59,"column":16}},"loc":{"start":{"line":59,"column":24},"end":{"line":62,"column":9}},"line":59},"8":{"name":"(anonymous_8)","decl":{"start":{"line":63,"column":17},"end":{"line":63,"column":18}},"loc":{"start":{"line":63,"column":23},"end":{"line":65,"column":9}},"line":63},"9":{"name":"(anonymous_9)","decl":{"start":{"line":68,"column":11},"end":{"line":68,"column":12}},"loc":{"start":{"line":68,"column":17},"end":{"line":73,"column":5}},"line":68},"10":{"name":"(anonymous_10)","decl":{"start":{"line":76,"column":34},"end":{"line":76,"column":35}},"loc":{"start":{"line":76,"column":40},"end":{"line":81,"column":3}},"line":76}},"branchMap":{"0":{"loc":{"start":{"line":34,"column":4},"end":{"line":36,"column":5}},"type":"if","locations":[{"start":{"line":34,"column":4},"end":{"line":36,"column":5}},{"start":{},"end":{}}],"line":34},"1":{"loc":{"start":{"line":34,"column":8},"end":{"line":34,"column":67}},"type":"binary-expr","locations":[{"start":{"line":34,"column":8},"end":{"line":34,"column":18}},{"start":{"line":34,"column":22},"end":{"line":34,"column":41}},{"start":{"line":34,"column":45},"end":{"line":34,"column":67}}],"line":34},"2":{"loc":{"start":{"line":40,"column":4},"end":{"line":40,"column":29}},"type":"if","locations":[{"start":{"line":40,"column":4},"end":{"line":40,"column":29}},{"start":{},"end":{}}],"line":40},"3":{"loc":{"start":{"line":43,"column":6},"end":{"line":43,"column":61}},"type":"if","locations":[{"start":{"line":43,"column":6},"end":{"line":43,"column":61}},{"start":{},"end":{}}],"line":43},"4":{"loc":{"start":{"line":43,"column":10},"end":{"line":43,"column":52}},"type":"binary-expr","locations":[{"start":{"line":43,"column":10},"end":{"line":43,"column":30}},{"start":{"line":43,"column":34},"end":{"line":43,"column":52}}],"line":43},"5":{"loc":{"start":{"line":49,"column":10},"end":{"line":49,"column":29}},"type":"if","locations":[{"start":{"line":49,"column":10},"end":{"line":49,"column":29}},{"start":{},"end":{}}],"line":49},"6":{"loc":{"start":{"line":54,"column":12},"end":{"line":56,"column":13}},"type":"if","locations":[{"start":{"line":54,"column":12},"end":{"line":56,"column":13}},{"start":{},"end":{}}],"line":54},"7":{"loc":{"start":{"line":69,"column":6},"end":{"line":72,"column":7}},"type":"if","locations":[{"start":{"line":69,"column":6},"end":{"line":72,"column":7}},{"start":{},"end":{}}],"line":69},"8":{"loc":{"start":{"line":77,"column":4},"end":{"line":80,"column":5}},"type":"if","locations":[{"start":{"line":77,"column":4},"end":{"line":80,"column":5}},{"start":{},"end":{}}],"line":77}},"s":{"0":0,"1":0,"2":0,"3":0,"4":0,"5":0,"6":0,"7":0,"8":0,"9":0,"10":0,"11":0,"12":0,"13":0,"14":0,"15":0,"16":0,"17":0,"18":0,"19":0,"20":0,"21":0,"22":0,"23":0,"24":0,"25":0,"26":0,"27":0,"28":0,"29":0,"30":0,"31":0,"32":0,"33":0,"34":0},"f":{"0":0,"1":0,"2":0,"3":0,"4":0,"5":0,"6":0,"7":0,"8":0,"9":0,"10":0},"b":{"0":[0,0],"1":[0,0,0],"2":[0,0],"3":[0,0],"4":[0,0],"5":[0,0],"6":[0,0],"7":[0,0],"8":[0,0]}}
,"C:\\Users\\victo\\Documents\\projects_github\\Gym_execution\\app\\src\\hooks\\useExerciseCatalog.ts": {"path":"C:\\Users\\victo\\Documents\\projects_github\\Gym_execution\\app\\src\\hooks\\useExerciseCatalog.ts","statementMap":{"0":{"start":{"line":16,"column":36},"end":{"line":16,"column":67}},"1":{"start":{"line":18,"column":2},"end":{"line":30,"column":9}},"2":{"start":{"line":19,"column":17},"end":{"line":19,"column":21}},"3":{"start":{"line":20,"column":18},"end":{"line":22,"column":5}},"4":{"start":{"line":21,"column":6},"end":{"line":21,"column":40}},"5":{"start":{"line":21,"column":18},"end":{"line":21,"column":40}},"6":{"start":{"line":24,"column":4},"end":{"line":24,"column":52}},"7":{"start":{"line":25,"column":4},"end":{"line":25,"column":55}},"8":{"start":{"line":27,"column":4},"end":{"line":29,"column":6}},"9":{"start":{"line":28,"column":6},"end":{"line":28,"column":21}},"10":{"start":{"line":32,"column":2},"end":{"line":32,"column":23}},"11":{"start":{"line":37,"column":2},"end":{"line":40,"column":4}},"12":{"start":{"line":38,"column":10},"end":{"line":38,"column":80}},"13":{"start":{"line":38,"column":57},"end":{"line":38,"column":77}}},"fnMap":{"0":{"name":"useExerciseCatalog","decl":{"start":{"line":15,"column":16},"end":{"line":15,"column":34}},"loc":{"start":{"line":15,"column":64},"end":{"line":33,"column":1}},"line":15},"1":{"name":"(anonymous_1)","decl":{"start":{"line":18,"column":12},"end":{"line":18,"column":13}},"loc":{"start":{"line":18,"column":18},"end":{"line":30,"column":3}},"line":18},"2":{"name":"(anonymous_2)","decl":{"start":{"line":20,"column":18},"end":{"line":20,"column":19}},"loc":{"start":{"line":20,"column":43},"end":{"line":22,"column":5}},"line":20},"3":{"name":"(anonymous_3)","decl":{"start":{"line":24,"column":42},"end":{"line":24,"column":43}},"loc":{"start":{"line":24,"column":48},"end":{"line":24,"column":50}},"line":24},"4":{"name":"(anonymous_4)","decl":{"start":{"line":25,"column":45},"end":{"line":25,"column":46}},"loc":{"start":{"line":25,"column":51},"end":{"line":25,"column":53}},"line":25},"5":{"name":"(anonymous_5)","decl":{"start":{"line":27,"column":11},"end":{"line":27,"column":12}},"loc":{"start":{"line":27,"column":17},"end":{"line":29,"column":5}},"line":27},"6":{"name":"useMuscleGroups","decl":{"start":{"line":36,"column":16},"end":{"line":36,"column":31}},"loc":{"start":{"line":36,"column":65},"end":{"line":41,"column":1}},"line":36},"7":{"name":"(anonymous_7)","decl":{"start":{"line":38,"column":4},"end":{"line":38,"column":5}},"loc":{"start":{"line":38,"column":10},"end":{"line":38,"column":80}},"line":38},"8":{"name":"(anonymous_8)","decl":{"start":{"line":38,"column":43},"end":{"line":38,"column":44}},"loc":{"start":{"line":38,"column":57},"end":{"line":38,"column":77}},"line":38}},"branchMap":{"0":{"loc":{"start":{"line":21,"column":6},"end":{"line":21,"column":40}},"type":"if","locations":[{"start":{"line":21,"column":6},"end":{"line":21,"column":40}},{"start":{},"end":{}}],"line":21}},"s":{"0":33,"1":33,"2":9,"3":9,"4":10,"5":10,"6":9,"7":9,"8":9,"9":0,"10":33,"11":33,"12":10,"13":46},"f":{"0":33,"1":9,"2":10,"3":0,"4":8,"5":0,"6":33,"7":10,"8":46},"b":{"0":[10,0]},"_coverageSchema":"1a1c01bbd47fc00a2c39e90264f33305004495a9","hash":"997353eb24bffb7d6524223db18f161cdc43fa57"}
,"C:\\Users\\victo\\Documents\\projects_github\\Gym_execution\\app\\src\\hooks\\usePoseSession.ts": {"path":"C:\\Users\\victo\\Documents\\projects_github\\Gym_execution\\app\\src\\hooks\\usePoseSession.ts","statementMap":{"0":{"start":{"line":21,"column":28},"end":{"line":21,"column":32}},"1":{"start":{"line":34,"column":30},"end":{"line":34,"column":65}},"2":{"start":{"line":35,"column":28},"end":{"line":35,"column":57}},"3":{"start":{"line":36,"column":36},"end":{"line":36,"column":74}},"4":{"start":{"line":37,"column":34},"end":{"line":37,"column":63}},"5":{"start":{"line":38,"column":32},"end":{"line":38,"column":68}},"6":{"start":{"line":39,"column":34},"end":{"line":39,"column":73}},"7":{"start":{"line":40,"column":20},"end":{"line":40,"column":43}},"8":{"start":{"line":42,"column":16},"end":{"line":48,"column":16}},"9":{"start":{"line":43,"column":4},"end":{"line":43,"column":25}},"10":{"start":{"line":44,"column":4},"end":{"line":44,"column":27}},"11":{"start":{"line":45,"column":4},"end":{"line":45,"column":22}},"12":{"start":{"line":46,"column":4},"end":{"line":46,"column":26}},"13":{"start":{"line":47,"column":4},"end":{"line":47,"column":27}},"14":{"start":{"line":51,"column":23},"end":{"line":59,"column":3}},"15":{"start":{"line":53,"column":6},"end":{"line":53,"column":41}},"16":{"start":{"line":53,"column":34},"end":{"line":53,"column":41}},"17":{"start":{"line":54,"column":20},"end":{"line":54,"column":67}},"18":{"start":{"line":55,"column":6},"end":{"line":55,"column":97}},"19":{"start":{"line":55,"column":67},"end":{"line":55,"column":97}},"20":{"start":{"line":56,"column":6},"end":{"line":56,"column":74}},"21":{"start":{"line":56,"column":17},"end":{"line":56,"column":74}},"22":{"start":{"line":61,"column":17},"end":{"line":71,"column":41}},"23":{"start":{"line":62,"column":4},"end":{"line":62,"column":39}},"24":{"start":{"line":62,"column":32},"end":{"line":62,"column":39}},"25":{"start":{"line":63,"column":23},"end":{"line":63,"column":73}},"26":{"start":{"line":64,"column":4},"end":{"line":64,"column":25}},"27":{"start":{"line":65,"column":4},"end":{"line":65,"column":54}},"28":{"start":{"line":66,"column":4},"end":{"line":66,"column":53}},"29":{"start":{"line":67,"column":4},"end":{"line":67,"column":49}},"30":{"start":{"line":68,"column":4},"end":{"line":68,"column":22}},"31":{"start":{"line":69,"column":4},"end":{"line":69,"column":26}},"32":{"start":{"line":70,"column":4},"end":{"line":70,"column":23}},"33":{"start":{"line":73,"column":2},"end":{"line":73,"column":96}}},"fnMap":{"0":{"name":"usePoseSession","decl":{"start":{"line":33,"column":16},"end":{"line":33,"column":30}},"loc":{"start":{"line":33,"column":85},"end":{"line":74,"column":1}},"line":33},"1":{"name":"(anonymous_1)","decl":{"start":{"line":42,"column":28},"end":{"line":42,"column":29}},"loc":{"start":{"line":42,"column":40},"end":{"line":48,"column":3}},"line":42},"2":{"name":"(anonymous_2)","decl":{"start":{"line":52,"column":4},"end":{"line":52,"column":5}},"loc":{"start":{"line":52,"column":67},"end":{"line":57,"column":5}},"line":52},"3":{"name":"(anonymous_3)","decl":{"start":{"line":61,"column":29},"end":{"line":61,"column":30}},"loc":{"start":{"line":61,"column":35},"end":{"line":71,"column":3}},"line":61}},"branchMap":{"0":{"loc":{"start":{"line":53,"column":6},"end":{"line":53,"column":41}},"type":"if","locations":[{"start":{"line":53,"column":6},"end":{"line":53,"column":41}},{"start":{},"end":{}}],"line":53},"1":{"loc":{"start":{"line":55,"column":6},"end":{"line":55,"column":97}},"type":"if","locations":[{"start":{"line":55,"column":6},"end":{"line":55,"column":97}},{"start":{},"end":{}}],"line":55},"2":{"loc":{"start":{"line":55,"column":10},"end":{"line":55,"column":65}},"type":"binary-expr","locations":[{"start":{"line":55,"column":10},"end":{"line":55,"column":15}},{"start":{"line":55,"column":19},"end":{"line":55,"column":65}}],"line":55},"3":{"loc":{"start":{"line":56,"column":6},"end":{"line":56,"column":74}},"type":"if","locations":[{"start":{"line":56,"column":6},"end":{"line":56,"column":74}},{"start":{},"end":{}}],"line":56},"4":{"loc":{"start":{"line":62,"column":4},"end":{"line":62,"column":39}},"type":"if","locations":[{"start":{"line":62,"column":4},"end":{"line":62,"column":39}},{"start":{},"end":{}}],"line":62}},"s":{"0":1,"1":15,"2":15,"3":15,"4":15,"5":15,"6":15,"7":15,"8":15,"9":3,"10":3,"11":3,"12":3,"13":3,"14":15,"15":2,"16":1,"17":1,"18":1,"19":1,"20":1,"21":1,"22":15,"23":3,"24":1,"25":2,"26":2,"27":2,"28":2,"29":2,"30":2,"31":2,"32":2,"33":15},"f":{"0":15,"1":3,"2":2,"3":3},"b":{"0":[1,1],"1":[1,0],"2":[1,1],"3":[1,0],"4":[1,2]},"_coverageSchema":"1a1c01bbd47fc00a2c39e90264f33305004495a9","hash":"a638851a34cc4f090578dfc9af44bef1fb2d18c3"}
,"C:\\Users\\victo\\Documents\\projects_github\\Gym_execution\\app\\src\\hooks\\usePreferences.tsx": {"path":"C:\\Users\\victo\\Documents\\projects_github\\Gym_execution\\app\\src\\hooks\\usePreferences.tsx","statementMap":{"0":{"start":{"line":16,"column":27},"end":{"line":16,"column":78}},"1":{"start":{"line":29,"column":40},"end":{"line":29,"column":82}},"2":{"start":{"line":31,"column":2},"end":{"line":39,"column":9}},"3":{"start":{"line":32,"column":17},"end":{"line":32,"column":21}},"4":{"start":{"line":33,"column":4},"end":{"line":35,"column":7}},"5":{"start":{"line":34,"column":6},"end":{"line":34,"column":41}},"6":{"start":{"line":34,"column":18},"end":{"line":34,"column":41}},"7":{"start":{"line":36,"column":4},"end":{"line":38,"column":6}},"8":{"start":{"line":37,"column":6},"end":{"line":37,"column":21}},"9":{"start":{"line":41,"column":28},"end":{"line":49,"column":8}},"10":{"start":{"line":42,"column":4},"end":{"line":48,"column":7}},"11":{"start":{"line":43,"column":19},"end":{"line":43,"column":45}},"12":{"start":{"line":46,"column":6},"end":{"line":46,"column":44}},"13":{"start":{"line":47,"column":6},"end":{"line":47,"column":18}},"14":{"start":{"line":51,"column":16},"end":{"line":54,"column":3}},"15":{"start":{"line":52,"column":11},"end":{"line":52,"column":75}},"16":{"start":{"line":56,"column":2},"end":{"line":56,"column":93}},"17":{"start":{"line":60,"column":18},"end":{"line":60,"column":48}},"18":{"start":{"line":61,"column":2},"end":{"line":61,"column":106}},"19":{"start":{"line":61,"column":24},"end":{"line":61,"column":106}},"20":{"start":{"line":62,"column":2},"end":{"line":62,"column":17}},"21":{"start":{"line":67,"column":2},"end":{"line":67,"column":32}}},"fnMap":{"0":{"name":"PreferencesProvider","decl":{"start":{"line":28,"column":16},"end":{"line":28,"column":35}},"loc":{"start":{"line":28,"column":75},"end":{"line":57,"column":1}},"line":28},"1":{"name":"(anonymous_1)","decl":{"start":{"line":31,"column":12},"end":{"line":31,"column":13}},"loc":{"start":{"line":31,"column":18},"end":{"line":39,"column":3}},"line":31},"2":{"name":"(anonymous_2)","decl":{"start":{"line":33,"column":27},"end":{"line":33,"column":28}},"loc":{"start":{"line":33,"column":39},"end":{"line":35,"column":5}},"line":33},"3":{"name":"(anonymous_3)","decl":{"start":{"line":36,"column":11},"end":{"line":36,"column":12}},"loc":{"start":{"line":36,"column":17},"end":{"line":38,"column":5}},"line":36},"4":{"name":"(anonymous_4)","decl":{"start":{"line":41,"column":40},"end":{"line":41,"column":41}},"loc":{"start":{"line":41,"column":75},"end":{"line":49,"column":3}},"line":41},"5":{"name":"(anonymous_5)","decl":{"start":{"line":42,"column":19},"end":{"line":42,"column":20}},"loc":{"start":{"line":42,"column":32},"end":{"line":48,"column":5}},"line":42},"6":{"name":"(anonymous_6)","decl":{"start":{"line":46,"column":34},"end":{"line":46,"column":35}},"loc":{"start":{"line":46,"column":40},"end":{"line":46,"column":42}},"line":46},"7":{"name":"(anonymous_7)","decl":{"start":{"line":52,"column":4},"end":{"line":52,"column":5}},"loc":{"start":{"line":52,"column":11},"end":{"line":52,"column":75}},"line":52},"8":{"name":"usePreferences","decl":{"start":{"line":59,"column":16},"end":{"line":59,"column":30}},"loc":{"start":{"line":59,"column":58},"end":{"line":63,"column":1}},"line":59},"9":{"name":"useTheme","decl":{"start":{"line":66,"column":16},"end":{"line":66,"column":24}},"loc":{"start":{"line":66,"column":34},"end":{"line":68,"column":1}},"line":66}},"branchMap":{"0":{"loc":{"start":{"line":34,"column":6},"end":{"line":34,"column":41}},"type":"if","locations":[{"start":{"line":34,"column":6},"end":{"line":34,"column":41}},{"start":{},"end":{}}],"line":34},"1":{"loc":{"start":{"line":61,"column":2},"end":{"line":61,"column":106}},"type":"if","locations":[{"start":{"line":61,"column":2},"end":{"line":61,"column":106}},{"start":{},"end":{}}],"line":61}},"s":{"0":6,"1":57,"2":57,"3":50,"4":50,"5":50,"6":50,"7":50,"8":0,"9":57,"10":5,"11":5,"12":5,"13":5,"14":57,"15":57,"16":57,"17":128,"18":128,"19":0,"20":128,"21":102},"f":{"0":57,"1":50,"2":50,"3":0,"4":5,"5":5,"6":0,"7":57,"8":128,"9":102},"b":{"0":[50,0],"1":[0,128]},"_coverageSchema":"1a1c01bbd47fc00a2c39e90264f33305004495a9","hash":"941d24a3ccddd8d340cc44a88a79d0e5f7b9191c"}
,"C:\\Users\\victo\\Documents\\projects_github\\Gym_execution\\app\\src\\hooks\\useReferenceSequence.ts": {"path":"C:\\Users\\victo\\Documents\\projects_github\\Gym_execution\\app\\src\\hooks\\useReferenceSequence.ts","statementMap":{"0":{"start":{"line":20,"column":24},"end":{"line":20,"column":44}},"1":{"start":{"line":21,"column":28},"end":{"line":21,"column":75}},"2":{"start":{"line":23,"column":28},"end":{"line":23,"column":103}},"3":{"start":{"line":23,"column":57},"end":{"line":23,"column":83}},"4":{"start":{"line":25,"column":2},"end":{"line":42,"column":38}},"5":{"start":{"line":26,"column":17},"end":{"line":26,"column":21}},"6":{"start":{"line":28,"column":4},"end":{"line":37,"column":9}},"7":{"start":{"line":30,"column":8},"end":{"line":30,"column":63}},"8":{"start":{"line":30,"column":20},"end":{"line":30,"column":63}},"9":{"start":{"line":36,"column":8},"end":{"line":36,"column":81}},"10":{"start":{"line":36,"column":20},"end":{"line":36,"column":81}},"11":{"start":{"line":39,"column":4},"end":{"line":41,"column":6}},"12":{"start":{"line":40,"column":6},"end":{"line":40,"column":21}},"13":{"start":{"line":44,"column":2},"end":{"line":44,"column":15}}},"fnMap":{"0":{"name":"useReferenceSequence","decl":{"start":{"line":19,"column":16},"end":{"line":19,"column":36}},"loc":{"start":{"line":19,"column":73},"end":{"line":45,"column":1}},"line":19},"1":{"name":"(anonymous_1)","decl":{"start":{"line":23,"column":43},"end":{"line":23,"column":44}},"loc":{"start":{"line":23,"column":57},"end":{"line":23,"column":83}},"line":23},"2":{"name":"(anonymous_2)","decl":{"start":{"line":25,"column":12},"end":{"line":25,"column":13}},"loc":{"start":{"line":25,"column":18},"end":{"line":42,"column":3}},"line":25},"3":{"name":"(anonymous_3)","decl":{"start":{"line":29,"column":12},"end":{"line":29,"column":13}},"loc":{"start":{"line":29,"column":26},"end":{"line":31,"column":7}},"line":29},"4":{"name":"(anonymous_4)","decl":{"start":{"line":32,"column":13},"end":{"line":32,"column":14}},"loc":{"start":{"line":32,"column":19},"end":{"line":37,"column":7}},"line":32},"5":{"name":"(anonymous_5)","decl":{"start":{"line":39,"column":11},"end":{"line":39,"column":12}},"loc":{"start":{"line":39,"column":17},"end":{"line":41,"column":5}},"line":39}},"branchMap":{"0":{"loc":{"start":{"line":30,"column":8},"end":{"line":30,"column":63}},"type":"if","locations":[{"start":{"line":30,"column":8},"end":{"line":30,"column":63}},{"start":{},"end":{}}],"line":30},"1":{"loc":{"start":{"line":36,"column":8},"end":{"line":36,"column":81}},"type":"if","locations":[{"start":{"line":36,"column":8},"end":{"line":36,"column":81}},{"start":{},"end":{}}],"line":36}},"s":{"0":0,"1":0,"2":0,"3":0,"4":0,"5":0,"6":0,"7":0,"8":0,"9":0,"10":0,"11":0,"12":0,"13":0},"f":{"0":0,"1":0,"2":0,"3":0,"4":0,"5":0},"b":{"0":[0,0],"1":[0,0]}}
,"C:\\Users\\victo\\Documents\\projects_github\\Gym_execution\\app\\src\\hooks\\useSessionSubmit.ts": {"path":"C:\\Users\\victo\\Documents\\projects_github\\Gym_execution\\app\\src\\hooks\\useSessionSubmit.ts","statementMap":{"0":{"start":{"line":30,"column":17},"end":{"line":73,"column":3}},"1":{"start":{"line":32,"column":6},"end":{"line":38,"column":7}},"2":{"start":{"line":33,"column":8},"end":{"line":36,"column":11}},"3":{"start":{"line":37,"column":8},"end":{"line":37,"column":15}},"4":{"start":{"line":40,"column":25},"end":{"line":40,"column":35}},"5":{"start":{"line":43,"column":6},"end":{"line":49,"column":9}},"6":{"start":{"line":44,"column":8},"end":{"line":48,"column":27}},"7":{"start":{"line":52,"column":6},"end":{"line":70,"column":11}},"8":{"start":{"line":54,"column":35},"end":{"line":54,"column":95}},"9":{"start":{"line":54,"column":58},"end":{"line":54,"column":94}},"10":{"start":{"line":55,"column":10},"end":{"line":63,"column":13}},"11":{"start":{"line":66,"column":10},"end":{"line":69,"column":13}},"12":{"start":{"line":75,"column":2},"end":{"line":75,"column":20}}},"fnMap":{"0":{"name":"useSessionSubmit","decl":{"start":{"line":29,"column":16},"end":{"line":29,"column":32}},"loc":{"start":{"line":29,"column":57},"end":{"line":76,"column":1}},"line":29},"1":{"name":"(anonymous_1)","decl":{"start":{"line":31,"column":4},"end":{"line":31,"column":5}},"loc":{"start":{"line":31,"column":114},"end":{"line":71,"column":5}},"line":31},"2":{"name":"(anonymous_2)","decl":{"start":{"line":43,"column":74},"end":{"line":43,"column":75}},"loc":{"start":{"line":43,"column":80},"end":{"line":49,"column":7}},"line":43},"3":{"name":"(anonymous_3)","decl":{"start":{"line":48,"column":17},"end":{"line":48,"column":18}},"loc":{"start":{"line":48,"column":23},"end":{"line":48,"column":25}},"line":48},"4":{"name":"(anonymous_4)","decl":{"start":{"line":53,"column":14},"end":{"line":53,"column":15}},"loc":{"start":{"line":53,"column":28},"end":{"line":64,"column":9}},"line":53},"5":{"name":"(anonymous_5)","decl":{"start":{"line":54,"column":51},"end":{"line":54,"column":52}},"loc":{"start":{"line":54,"column":58},"end":{"line":54,"column":94}},"line":54},"6":{"name":"(anonymous_6)","decl":{"start":{"line":65,"column":15},"end":{"line":65,"column":16}},"loc":{"start":{"line":65,"column":21},"end":{"line":70,"column":9}},"line":65}},"branchMap":{"0":{"loc":{"start":{"line":32,"column":6},"end":{"line":38,"column":7}},"type":"if","locations":[{"start":{"line":32,"column":6},"end":{"line":38,"column":7}},{"start":{},"end":{}}],"line":32}},"s":{"0":0,"1":0,"2":0,"3":0,"4":0,"5":0,"6":0,"7":0,"8":0,"9":0,"10":0,"11":0,"12":0},"f":{"0":0,"1":0,"2":0,"3":0,"4":0,"5":0,"6":0},"b":{"0":[0,0]}}
,"C:\\Users\\victo\\Documents\\projects_github\\Gym_execution\\app\\src\\navigation\\AppNavigator.tsx": {"path":"C:\\Users\\victo\\Documents\\projects_github\\Gym_execution\\app\\src\\navigation\\AppNavigator.tsx","statementMap":{"0":{"start":{"line":50,"column":20},"end":{"line":50,"column":70}},"1":{"start":{"line":51,"column":27},"end":{"line":51,"column":84}},"2":{"start":{"line":54,"column":2},"end":{"line":59,"column":4}},"3":{"start":{"line":63,"column":2},"end":{"line":76,"column":4}},"4":{"start":{"line":92,"column":2},"end":{"line":104,"column":4}},"5":{"start":{"line":108,"column":21},"end":{"line":108,"column":30}},"6":{"start":{"line":109,"column":16},"end":{"line":109,"column":26}},"7":{"start":{"line":111,"column":2},"end":{"line":117,"column":3}},"8":{"start":{"line":112,"column":4},"end":{"line":116,"column":6}},"9":{"start":{"line":119,"column":2},"end":{"line":123,"column":4}}},"fnMap":{"0":{"name":"PublicNavigator","decl":{"start":{"line":53,"column":9},"end":{"line":53,"column":24}},"loc":{"start":{"line":53,"column":27},"end":{"line":60,"column":1}},"line":53},"1":{"name":"AuthenticatedNavigator","decl":{"start":{"line":62,"column":9},"end":{"line":62,"column":31}},"loc":{"start":{"line":62,"column":34},"end":{"line":77,"column":1}},"line":62},"2":{"name":"toNavigationTheme","decl":{"start":{"line":91,"column":9},"end":{"line":91,"column":26}},"loc":{"start":{"line":91,"column":58},"end":{"line":105,"column":1}},"line":91},"3":{"name":"AppNavigator","decl":{"start":{"line":107,"column":16},"end":{"line":107,"column":28}},"loc":{"start":{"line":107,"column":31},"end":{"line":124,"column":1}},"line":107}},"branchMap":{"0":{"loc":{"start":{"line":111,"column":2},"end":{"line":117,"column":3}},"type":"if","locations":[{"start":{"line":111,"column":2},"end":{"line":117,"column":3}},{"start":{},"end":{}}],"line":111},"1":{"loc":{"start":{"line":121,"column":7},"end":{"line":121,"column":79}},"type":"cond-expr","locations":[{"start":{"line":121,"column":31},"end":{"line":121,"column":57}},{"start":{"line":121,"column":60},"end":{"line":121,"column":79}}],"line":121}},"s":{"0":0,"1":0,"2":0,"3":0,"4":0,"5":0,"6":0,"7":0,"8":0,"9":0},"f":{"0":0,"1":0,"2":0,"3":0},"b":{"0":[0,0],"1":[0,0]}}
,"C:\\Users\\victo\\Documents\\projects_github\\Gym_execution\\app\\src\\screens\\CalibrationScreen.tsx": {"path":"C:\\Users\\victo\\Documents\\projects_github\\Gym_execution\\app\\src\\screens\\CalibrationScreen.tsx","statementMap":{"0":{"start":{"line":21,"column":16},"end":{"line":21,"column":26}},"1":{"start":{"line":22,"column":42},"end":{"line":22,"column":64}},"2":{"start":{"line":23,"column":20},"end":{"line":23,"column":51}},"3":{"start":{"line":24,"column":30},"end":{"line":24,"column":61}},"4":{"start":{"line":25,"column":40},"end":{"line":25,"column":78}},"5":{"start":{"line":27,"column":2},"end":{"line":31,"column":38}},"6":{"start":{"line":28,"column":4},"end":{"line":30,"column":5}},"7":{"start":{"line":29,"column":6},"end":{"line":29,"column":26}},"8":{"start":{"line":33,"column":2},"end":{"line":43,"column":4}},"9":{"start":{"line":35,"column":19},"end":{"line":35,"column":23}},"10":{"start":{"line":36,"column":6},"end":{"line":38,"column":9}},"11":{"start":{"line":37,"column":8},"end":{"line":37,"column":43}},"12":{"start":{"line":37,"column":20},"end":{"line":37,"column":43}},"13":{"start":{"line":39,"column":6},"end":{"line":41,"column":8}},"14":{"start":{"line":40,"column":8},"end":{"line":40,"column":23}},"15":{"start":{"line":46,"column":4},"end":{"line":46,"column":35}},"16":{"start":{"line":46,"column":28},"end":{"line":46,"column":35}},"17":{"start":{"line":47,"column":4},"end":{"line":47,"column":27}},"18":{"start":{"line":48,"column":21},"end":{"line":48,"column":47}},"19":{"start":{"line":49,"column":4},"end":{"line":70,"column":5}},"20":{"start":{"line":50,"column":6},"end":{"line":50,"column":28}},"21":{"start":{"line":51,"column":20},"end":{"line":51,"column":100}},"22":{"start":{"line":52,"column":6},"end":{"line":55,"column":7}},"23":{"start":{"line":53,"column":8},"end":{"line":53,"column":27}},"24":{"start":{"line":54,"column":8},"end":{"line":54,"column":15}},"25":{"start":{"line":56,"column":20},"end":{"line":56,"column":60}},"26":{"start":{"line":57,"column":6},"end":{"line":59,"column":7}},"27":{"start":{"line":58,"column":8},"end":{"line":58,"column":80}},"28":{"start":{"line":60,"column":6},"end":{"line":63,"column":7}},"29":{"start":{"line":61,"column":8},"end":{"line":61,"column":27}},"30":{"start":{"line":62,"column":8},"end":{"line":62,"column":15}},"31":{"start":{"line":64,"column":6},"end":{"line":64,"column":55}},"32":{"start":{"line":65,"column":6},"end":{"line":65,"column":24}},"33":{"start":{"line":67,"column":6},"end":{"line":67,"column":25}},"34":{"start":{"line":69,"column":6},"end":{"line":69,"column":25}},"35":{"start":{"line":74,"column":4},"end":{"line":74,"column":33}},"36":{"start":{"line":75,"column":4},"end":{"line":75,"column":25}},"37":{"start":{"line":78,"column":2},"end":{"line":84,"column":3}},"38":{"start":{"line":79,"column":4},"end":{"line":83,"column":6}},"39":{"start":{"line":86,"column":2},"end":{"line":101,"column":3}},"40":{"start":{"line":87,"column":4},"end":{"line":100,"column":6}},"41":{"start":{"line":95,"column":96},"end":{"line":95,"column":118}},"42":{"start":{"line":103,"column":2},"end":{"line":128,"column":4}},"43":{"start":{"line":131,"column":15},"end":{"line":141,"column":2}}},"fnMap":{"0":{"name":"CalibrationScreen","decl":{"start":{"line":20,"column":16},"end":{"line":20,"column":33}},"loc":{"start":{"line":20,"column":36},"end":{"line":129,"column":1}},"line":20},"1":{"name":"(anonymous_1)","decl":{"start":{"line":27,"column":12},"end":{"line":27,"column":13}},"loc":{"start":{"line":27,"column":18},"end":{"line":31,"column":3}},"line":27},"2":{"name":"(anonymous_2)","decl":{"start":{"line":34,"column":16},"end":{"line":34,"column":17}},"loc":{"start":{"line":34,"column":22},"end":{"line":42,"column":5}},"line":34},"3":{"name":"(anonymous_3)","decl":{"start":{"line":36,"column":33},"end":{"line":36,"column":34}},"loc":{"start":{"line":36,"column":45},"end":{"line":38,"column":7}},"line":36},"4":{"name":"(anonymous_4)","decl":{"start":{"line":39,"column":13},"end":{"line":39,"column":14}},"loc":{"start":{"line":39,"column":19},"end":{"line":41,"column":7}},"line":39},"5":{"name":"handleCapture","decl":{"start":{"line":45,"column":17},"end":{"line":45,"column":30}},"loc":{"start":{"line":45,"column":33},"end":{"line":71,"column":3}},"line":45},"6":{"name":"(anonymous_6)","decl":{"start":{"line":58,"column":70},"end":{"line":58,"column":71}},"loc":{"start":{"line":58,"column":76},"end":{"line":58,"column":78}},"line":58},"7":{"name":"handleClear","decl":{"start":{"line":73,"column":17},"end":{"line":73,"column":28}},"loc":{"start":{"line":73,"column":31},"end":{"line":76,"column":3}},"line":73},"8":{"name":"(anonymous_8)","decl":{"start":{"line":95,"column":90},"end":{"line":95,"column":91}},"loc":{"start":{"line":95,"column":96},"end":{"line":95,"column":118}},"line":95}},"branchMap":{"0":{"loc":{"start":{"line":28,"column":4},"end":{"line":30,"column":5}},"type":"if","locations":[{"start":{"line":28,"column":4},"end":{"line":30,"column":5}},{"start":{},"end":{}}],"line":28},"1":{"loc":{"start":{"line":28,"column":8},"end":{"line":28,"column":67}},"type":"binary-expr","locations":[{"start":{"line":28,"column":8},"end":{"line":28,"column":18}},{"start":{"line":28,"column":22},"end":{"line":28,"column":41}},{"start":{"line":28,"column":45},"end":{"line":28,"column":67}}],"line":28},"2":{"loc":{"start":{"line":37,"column":8},"end":{"line":37,"column":43}},"type":"if","locations":[{"start":{"line":37,"column":8},"end":{"line":37,"column":43}},{"start":{},"end":{}}],"line":37},"3":{"loc":{"start":{"line":46,"column":4},"end":{"line":46,"column":35}},"type":"if","locations":[{"start":{"line":46,"column":4},"end":{"line":46,"column":35}},{"start":{},"end":{}}],"line":46},"4":{"loc":{"start":{"line":52,"column":6},"end":{"line":55,"column":7}},"type":"if","locations":[{"start":{"line":52,"column":6},"end":{"line":55,"column":7}},{"start":{},"end":{}}],"line":52},"5":{"loc":{"start":{"line":57,"column":6},"end":{"line":59,"column":7}},"type":"if","locations":[{"start":{"line":57,"column":6},"end":{"line":59,"column":7}},{"start":{},"end":{}}],"line":57},"6":{"loc":{"start":{"line":60,"column":6},"end":{"line":63,"column":7}},"type":"if","locations":[{"start":{"line":60,"column":6},"end":{"line":63,"column":7}},{"start":{},"end":{}}],"line":60},"7":{"loc":{"start":{"line":78,"column":2},"end":{"line":84,"column":3}},"type":"if","locations":[{"start":{"line":78,"column":2},"end":{"line":84,"column":3}},{"start":{},"end":{}}],"line":78},"8":{"loc":{"start":{"line":86,"column":2},"end":{"line":101,"column":3}},"type":"if","locations":[{"start":{"line":86,"column":2},"end":{"line":101,"column":3}},{"start":{},"end":{}}],"line":86},"9":{"loc":{"start":{"line":90,"column":9},"end":{"line":98,"column":9}},"type":"cond-expr","locations":[{"start":{"line":91,"column":10},"end":{"line":93,"column":22}},{"start":{"line":95,"column":10},"end":{"line":97,"column":22}}],"line":90},"10":{"loc":{"start":{"line":109,"column":7},"end":{"line":111,"column":7}},"type":"binary-expr","locations":[{"start":{"line":109,"column":7},"end":{"line":109,"column":18}},{"start":{"line":110,"column":8},"end":{"line":110,"column":138}}],"line":109},"11":{"loc":{"start":{"line":112,"column":7},"end":{"line":114,"column":7}},"type":"binary-expr","locations":[{"start":{"line":112,"column":7},"end":{"line":112,"column":25}},{"start":{"line":113,"column":8},"end":{"line":113,"column":141}}],"line":112},"12":{"loc":{"start":{"line":116,"column":50},"end":{"line":116,"column":105}},"type":"cond-expr","locations":[{"start":{"line":116,"column":75},"end":{"line":116,"column":89}},{"start":{"line":116,"column":92},"end":{"line":116,"column":105}}],"line":116},"13":{"loc":{"start":{"line":120,"column":71},"end":{"line":120,"column":124}},"type":"cond-expr","locations":[{"start":{"line":120,"column":96},"end":{"line":120,"column":111}},{"start":{"line":120,"column":114},"end":{"line":120,"column":124}}],"line":120},"14":{"loc":{"start":{"line":122,"column":7},"end":{"line":126,"column":7}},"type":"binary-expr","locations":[{"start":{"line":122,"column":7},"end":{"line":122,"column":18}},{"start":{"line":123,"column":8},"end":{"line":125,"column":20}}],"line":122}},"s":{"0":0,"1":0,"2":0,"3":0,"4":0,"5":0,"6":0,"7":0,"8":0,"9":0,"10":0,"11":0,"12":0,"13":0,"14":0,"15":0,"16":0,"17":0,"18":0,"19":0,"20":0,"21":0,"22":0,"23":0,"24":0,"25":0,"26":0,"27":0,"28":0,"29":0,"30":0,"31":0,"32":0,"33":0,"34":0,"35":0,"36":0,"37":0,"38":0,"39":0,"40":0,"41":0,"42":0,"43":0},"f":{"0":0,"1":0,"2":0,"3":0,"4":0,"5":0,"6":0,"7":0,"8":0},"b":{"0":[0,0],"1":[0,0,0],"2":[0,0],"3":[0,0],"4":[0,0],"5":[0,0],"6":[0,0],"7":[0,0],"8":[0,0],"9":[0,0],"10":[0,0],"11":[0,0],"12":[0,0],"13":[0,0],"14":[0,0]}}
,"C:\\Users\\victo\\Documents\\projects_github\\Gym_execution\\app\\src\\screens\\ExecutionScreen.tsx": {"path":"C:\\Users\\victo\\Documents\\projects_github\\Gym_execution\\app\\src\\screens\\ExecutionScreen.tsx","statementMap":{"0":{"start":{"line":19,"column":30},"end":{"line":19,"column":33}},"1":{"start":{"line":22,"column":21},"end":{"line":22,"column":51}},"2":{"start":{"line":23,"column":2},"end":{"line":23,"column":31}},"3":{"start":{"line":23,"column":19},"end":{"line":23,"column":31}},"4":{"start":{"line":24,"column":16},"end":{"line":24,"column":34}},"5":{"start":{"line":25,"column":2},"end":{"line":25,"column":61}},"6":{"start":{"line":29,"column":25},"end":{"line":29,"column":37}},"7":{"start":{"line":30,"column":20},"end":{"line":30,"column":29}},"8":{"start":{"line":31,"column":33},"end":{"line":31,"column":49}},"9":{"start":{"line":33,"column":19},"end":{"line":33,"column":64}},"10":{"start":{"line":33,"column":33},"end":{"line":33,"column":59}},"11":{"start":{"line":34,"column":20},"end":{"line":34,"column":73}},"12":{"start":{"line":34,"column":34},"end":{"line":34,"column":58}},"13":{"start":{"line":38,"column":20},"end":{"line":38,"column":52}},"14":{"start":{"line":39,"column":26},"end":{"line":39,"column":88}},"15":{"start":{"line":42,"column":4},"end":{"line":42,"column":45}},"16":{"start":{"line":44,"column":40},"end":{"line":44,"column":52}},"17":{"start":{"line":47,"column":68},"end":{"line":50,"column":3}},"18":{"start":{"line":53,"column":21},"end":{"line":53,"column":49}},"19":{"start":{"line":55,"column":19},"end":{"line":55,"column":79}},"20":{"start":{"line":55,"column":37},"end":{"line":55,"column":79}},"21":{"start":{"line":60,"column":2},"end":{"line":63,"column":25}},"22":{"start":{"line":61,"column":4},"end":{"line":61,"column":46}},"23":{"start":{"line":61,"column":38},"end":{"line":61,"column":46}},"24":{"start":{"line":65,"column":2},"end":{"line":68,"column":55}},"25":{"start":{"line":66,"column":4},"end":{"line":66,"column":92}},"26":{"start":{"line":66,"column":51},"end":{"line":66,"column":92}},"27":{"start":{"line":71,"column":4},"end":{"line":71,"column":18}},"28":{"start":{"line":72,"column":4},"end":{"line":72,"column":13}},"29":{"start":{"line":75,"column":2},"end":{"line":88,"column":22}},"30":{"start":{"line":76,"column":4},"end":{"line":76,"column":56}},"31":{"start":{"line":76,"column":49},"end":{"line":76,"column":56}},"32":{"start":{"line":77,"column":4},"end":{"line":86,"column":7}},"33":{"start":{"line":90,"column":2},"end":{"line":98,"column":3}},"34":{"start":{"line":91,"column":4},"end":{"line":97,"column":6}},"35":{"start":{"line":100,"column":2},"end":{"line":120,"column":3}},"36":{"start":{"line":101,"column":4},"end":{"line":119,"column":6}},"37":{"start":{"line":108,"column":70},"end":{"line":108,"column":92}},"38":{"start":{"line":122,"column":2},"end":{"line":131,"column":3}},"39":{"start":{"line":123,"column":4},"end":{"line":130,"column":6}},"40":{"start":{"line":133,"column":2},"end":{"line":198,"column":4}},"41":{"start":{"line":203,"column":30},"end":{"line":203,"column":32}},"42":{"start":{"line":205,"column":15},"end":{"line":223,"column":2}}},"fnMap":{"0":{"name":"parseWeightKg","decl":{"start":{"line":21,"column":9},"end":{"line":21,"column":22}},"loc":{"start":{"line":21,"column":53},"end":{"line":26,"column":1}},"line":21},"1":{"name":"ExecutionScreen","decl":{"start":{"line":28,"column":16},"end":{"line":28,"column":31}},"loc":{"start":{"line":28,"column":62},"end":{"line":199,"column":1}},"line":28},"2":{"name":"(anonymous_2)","decl":{"start":{"line":33,"column":27},"end":{"line":33,"column":28}},"loc":{"start":{"line":33,"column":33},"end":{"line":33,"column":59}},"line":33},"3":{"name":"(anonymous_3)","decl":{"start":{"line":34,"column":28},"end":{"line":34,"column":29}},"loc":{"start":{"line":34,"column":34},"end":{"line":34,"column":58}},"line":34},"4":{"name":"(anonymous_4)","decl":{"start":{"line":55,"column":19},"end":{"line":55,"column":20}},"loc":{"start":{"line":55,"column":37},"end":{"line":55,"column":79}},"line":55},"5":{"name":"(anonymous_5)","decl":{"start":{"line":60,"column":12},"end":{"line":60,"column":13}},"loc":{"start":{"line":60,"column":18},"end":{"line":63,"column":3}},"line":60},"6":{"name":"(anonymous_6)","decl":{"start":{"line":65,"column":12},"end":{"line":65,"column":13}},"loc":{"start":{"line":65,"column":18},"end":{"line":68,"column":3}},"line":65},"7":{"name":"handleFinish","decl":{"start":{"line":70,"column":11},"end":{"line":70,"column":23}},"loc":{"start":{"line":70,"column":26},"end":{"line":73,"column":3}},"line":70},"8":{"name":"(anonymous_8)","decl":{"start":{"line":75,"column":12},"end":{"line":75,"column":13}},"loc":{"start":{"line":75,"column":18},"end":{"line":88,"column":3}},"line":75},"9":{"name":"(anonymous_9)","decl":{"start":{"line":108,"column":64},"end":{"line":108,"column":65}},"loc":{"start":{"line":108,"column":70},"end":{"line":108,"column":92}},"line":108}},"branchMap":{"0":{"loc":{"start":{"line":23,"column":2},"end":{"line":23,"column":31}},"type":"if","locations":[{"start":{"line":23,"column":2},"end":{"line":23,"column":31}},{"start":{},"end":{}}],"line":23},"1":{"loc":{"start":{"line":25,"column":9},"end":{"line":25,"column":60}},"type":"cond-expr","locations":[{"start":{"line":25,"column":48},"end":{"line":25,"column":53}},{"start":{"line":25,"column":56},"end":{"line":25,"column":60}}],"line":25},"2":{"loc":{"start":{"line":25,"column":9},"end":{"line":25,"column":45}},"type":"binary-expr","locations":[{"start":{"line":25,"column":9},"end":{"line":25,"column":31}},{"start":{"line":25,"column":35},"end":{"line":25,"column":45}}],"line":25},"3":{"loc":{"start":{"line":39,"column":26},"end":{"line":39,"column":88}},"type":"cond-expr","locations":[{"start":{"line":39,"column":57},"end":{"line":39,"column":73}},{"start":{"line":39,"column":76},"end":{"line":39,"column":88}}],"line":39},"4":{"loc":{"start":{"line":61,"column":4},"end":{"line":61,"column":46}},"type":"if","locations":[{"start":{"line":61,"column":4},"end":{"line":61,"column":46}},{"start":{},"end":{}}],"line":61},"5":{"loc":{"start":{"line":66,"column":4},"end":{"line":66,"column":92}},"type":"if","locations":[{"start":{"line":66,"column":4},"end":{"line":66,"column":92}},{"start":{},"end":{}}],"line":66},"6":{"loc":{"start":{"line":66,"column":8},"end":{"line":66,"column":49}},"type":"binary-expr","locations":[{"start":{"line":66,"column":8},"end":{"line":66,"column":16}},{"start":{"line":66,"column":20},"end":{"line":66,"column":49}}],"line":66},"7":{"loc":{"start":{"line":76,"column":4},"end":{"line":76,"column":56}},"type":"if","locations":[{"start":{"line":76,"column":4},"end":{"line":76,"column":56}},{"start":{},"end":{}}],"line":76},"8":{"loc":{"start":{"line":76,"column":8},"end":{"line":76,"column":47}},"type":"binary-expr","locations":[{"start":{"line":76,"column":8},"end":{"line":76,"column":29}},{"start":{"line":76,"column":33},"end":{"line":76,"column":47}}],"line":76},"9":{"loc":{"start":{"line":85,"column":28},"end":{"line":85,"column":87}},"type":"cond-expr","locations":[{"start":{"line":85,"column":59},"end":{"line":85,"column":80}},{"start":{"line":85,"column":83},"end":{"line":85,"column":87}}],"line":85},"10":{"loc":{"start":{"line":90,"column":2},"end":{"line":98,"column":3}},"type":"if","locations":[{"start":{"line":90,"column":2},"end":{"line":98,"column":3}},{"start":{},"end":{}}],"line":90},"11":{"loc":{"start":{"line":100,"column":2},"end":{"line":120,"column":3}},"type":"if","locations":[{"start":{"line":100,"column":2},"end":{"line":120,"column":3}},{"start":{},"end":{}}],"line":100},"12":{"loc":{"start":{"line":108,"column":19},"end":{"line":108,"column":92}},"type":"cond-expr","locations":[{"start":{"line":108,"column":44},"end":{"line":108,"column":61}},{"start":{"line":108,"column":64},"end":{"line":108,"column":92}}],"line":108},"13":{"loc":{"start":{"line":111,"column":12},"end":{"line":111,"column":98}},"type":"cond-expr","locations":[{"start":{"line":111,"column":37},"end":{"line":111,"column":67}},{"start":{"line":111,"column":70},"end":{"line":111,"column":98}}],"line":111},"14":{"loc":{"start":{"line":115,"column":13},"end":{"line":115,"column":89}},"type":"cond-expr","locations":[{"start":{"line":115,"column":38},"end":{"line":115,"column":58}},{"start":{"line":115,"column":61},"end":{"line":115,"column":89}}],"line":115},"15":{"loc":{"start":{"line":122,"column":2},"end":{"line":131,"column":3}},"type":"if","locations":[{"start":{"line":122,"column":2},"end":{"line":131,"column":3}},{"start":{},"end":{}}],"line":122},"16":{"loc":{"start":{"line":145,"column":9},"end":{"line":145,"column":74}},"type":"binary-expr","locations":[{"start":{"line":145,"column":9},"end":{"line":145,"column":29}},{"start":{"line":145,"column":33},"end":{"line":145,"column":74}}],"line":145},"17":{"loc":{"start":{"line":146,"column":9},"end":{"line":146,"column":71}},"type":"binary-expr","locations":[{"start":{"line":146,"column":9},"end":{"line":146,"column":31}},{"start":{"line":146,"column":35},"end":{"line":146,"column":71}}],"line":146},"18":{"loc":{"start":{"line":147,"column":9},"end":{"line":147,"column":59}},"type":"binary-expr","locations":[{"start":{"line":147,"column":9},"end":{"line":147,"column":30}},{"start":{"line":147,"column":34},"end":{"line":147,"column":59}}],"line":147},"19":{"loc":{"start":{"line":152,"column":7},"end":{"line":154,"column":7}},"type":"binary-expr","locations":[{"start":{"line":152,"column":7},"end":{"line":152,"column":27}},{"start":{"line":153,"column":8},"end":{"line":153,"column":111}}],"line":152},"20":{"loc":{"start":{"line":155,"column":7},"end":{"line":162,"column":7}},"type":"binary-expr","locations":[{"start":{"line":155,"column":7},"end":{"line":155,"column":29}},{"start":{"line":155,"column":33},"end":{"line":155,"column":41}},{"start":{"line":156,"column":8},"end":{"line":161,"column":15}}],"line":155},"21":{"loc":{"start":{"line":179,"column":7},"end":{"line":183,"column":7}},"type":"binary-expr","locations":[{"start":{"line":179,"column":7},"end":{"line":179,"column":28}},{"start":{"line":180,"column":8},"end":{"line":182,"column":15}}],"line":179},"22":{"loc":{"start":{"line":187,"column":29},"end":{"line":187,"column":84}},"type":"cond-expr","locations":[{"start":{"line":187,"column":54},"end":{"line":187,"column":67}},{"start":{"line":187,"column":70},"end":{"line":187,"column":84}}],"line":187}},"s":{"0":0,"1":0,"2":0,"3":0,"4":0,"5":0,"6":0,"7":0,"8":0,"9":0,"10":0,"11":0,"12":0,"13":0,"14":0,"15":0,"16":0,"17":0,"18":0,"19":0,"20":0,"21":0,"22":0,"23":0,"24":0,"25":0,"26":0,"27":0,"28":0,"29":0,"30":0,"31":0,"32":0,"33":0,"34":0,"35":0,"36":0,"37":0,"38":0,"39":0,"40":0,"41":0,"42":0},"f":{"0":0,"1":0,"2":0,"3":0,"4":0,"5":0,"6":0,"7":0,"8":0,"9":0},"b":{"0":[0,0],"1":[0,0],"2":[0,0],"3":[0,0],"4":[0,0],"5":[0,0],"6":[0,0],"7":[0,0],"8":[0,0],"9":[0,0],"10":[0,0],"11":[0,0],"12":[0,0],"13":[0,0],"14":[0,0],"15":[0,0],"16":[0,0],"17":[0,0],"18":[0,0],"19":[0,0],"20":[0,0,0],"21":[0,0],"22":[0,0]}}
,"C:\\Users\\victo\\Documents\\projects_github\\Gym_execution\\app\\src\\screens\\ExerciseListScreen.tsx": {"path":"C:\\Users\\victo\\Documents\\projects_github\\Gym_execution\\app\\src\\screens\\ExerciseListScreen.tsx","statementMap":{"0":{"start":{"line":19,"column":19},"end":{"line":19,"column":26}},"1":{"start":{"line":24,"column":16},"end":{"line":24,"column":26}},"2":{"start":{"line":25,"column":33},"end":{"line":25,"column":53}},"3":{"start":{"line":26,"column":23},"end":{"line":26,"column":64}},"4":{"start":{"line":28,"column":44},"end":{"line":28,"column":64}},"5":{"start":{"line":29,"column":40},"end":{"line":29,"column":62}},"6":{"start":{"line":30,"column":36},"end":{"line":30,"column":58}},"7":{"start":{"line":32,"column":2},"end":{"line":37,"column":4}},"8":{"start":{"line":34,"column":6},"end":{"line":34,"column":53}},"9":{"start":{"line":35,"column":6},"end":{"line":35,"column":49}},"10":{"start":{"line":40,"column":4},"end":{"line":40,"column":113}},"11":{"start":{"line":40,"column":74},"end":{"line":40,"column":112}},"12":{"start":{"line":42,"column":26},"end":{"line":44,"column":59}},"13":{"start":{"line":43,"column":17},"end":{"line":43,"column":63}},"14":{"start":{"line":43,"column":44},"end":{"line":43,"column":62}},"15":{"start":{"line":44,"column":48},"end":{"line":44,"column":58}},"16":{"start":{"line":46,"column":28},"end":{"line":46,"column":91}},"17":{"start":{"line":46,"column":57},"end":{"line":46,"column":90}},"18":{"start":{"line":49,"column":4},"end":{"line":49,"column":56}},"19":{"start":{"line":50,"column":4},"end":{"line":50,"column":53}},"20":{"start":{"line":54,"column":4},"end":{"line":54,"column":60}},"21":{"start":{"line":57,"column":2},"end":{"line":135,"column":4}},"22":{"start":{"line":61,"column":32},"end":{"line":61,"column":39}},"23":{"start":{"line":69,"column":20},"end":{"line":71,"column":32}},"24":{"start":{"line":69,"column":122},"end":{"line":69,"column":147}},"25":{"start":{"line":81,"column":20},"end":{"line":83,"column":32}},"26":{"start":{"line":81,"column":122},"end":{"line":81,"column":147}},"27":{"start":{"line":92,"column":18},"end":{"line":100,"column":30}},"28":{"start":{"line":95,"column":35},"end":{"line":95,"column":58}},"29":{"start":{"line":107,"column":10},"end":{"line":131,"column":17}},"30":{"start":{"line":110,"column":29},"end":{"line":110,"column":50}},"31":{"start":{"line":120,"column":29},"end":{"line":120,"column":58}},"32":{"start":{"line":138,"column":15},"end":{"line":157,"column":2}}},"fnMap":{"0":{"name":"ExerciseListScreen","decl":{"start":{"line":21,"column":16},"end":{"line":21,"column":34}},"loc":{"start":{"line":21,"column":58},"end":{"line":136,"column":1}},"line":21},"1":{"name":"(anonymous_1)","decl":{"start":{"line":33,"column":16},"end":{"line":33,"column":17}},"loc":{"start":{"line":33,"column":22},"end":{"line":36,"column":5}},"line":33},"2":{"name":"(anonymous_2)","decl":{"start":{"line":40,"column":60},"end":{"line":40,"column":61}},"loc":{"start":{"line":40,"column":74},"end":{"line":40,"column":112}},"line":40},"3":{"name":"(anonymous_3)","decl":{"start":{"line":43,"column":9},"end":{"line":43,"column":10}},"loc":{"start":{"line":43,"column":17},"end":{"line":43,"column":63}},"line":43},"4":{"name":"(anonymous_4)","decl":{"start":{"line":43,"column":30},"end":{"line":43,"column":31}},"loc":{"start":{"line":43,"column":44},"end":{"line":43,"column":62}},"line":43},"5":{"name":"(anonymous_5)","decl":{"start":{"line":44,"column":12},"end":{"line":44,"column":13}},"loc":{"start":{"line":44,"column":48},"end":{"line":44,"column":58}},"line":44},"6":{"name":"(anonymous_6)","decl":{"start":{"line":46,"column":43},"end":{"line":46,"column":44}},"loc":{"start":{"line":46,"column":57},"end":{"line":46,"column":90}},"line":46},"7":{"name":"openExercise","decl":{"start":{"line":48,"column":11},"end":{"line":48,"column":23}},"loc":{"start":{"line":48,"column":44},"end":{"line":51,"column":3}},"line":48},"8":{"name":"handleToggleFavorite","decl":{"start":{"line":53,"column":11},"end":{"line":53,"column":31}},"loc":{"start":{"line":53,"column":52},"end":{"line":55,"column":3}},"line":53},"9":{"name":"(anonymous_9)","decl":{"start":{"line":61,"column":22},"end":{"line":61,"column":23}},"loc":{"start":{"line":61,"column":32},"end":{"line":61,"column":39}},"line":61},"10":{"name":"(anonymous_10)","decl":{"start":{"line":68,"column":39},"end":{"line":68,"column":40}},"loc":{"start":{"line":69,"column":20},"end":{"line":71,"column":32}},"line":69},"11":{"name":"(anonymous_11)","decl":{"start":{"line":69,"column":116},"end":{"line":69,"column":117}},"loc":{"start":{"line":69,"column":122},"end":{"line":69,"column":147}},"line":69},"12":{"name":"(anonymous_12)","decl":{"start":{"line":80,"column":41},"end":{"line":80,"column":42}},"loc":{"start":{"line":81,"column":20},"end":{"line":83,"column":32}},"line":81},"13":{"name":"(anonymous_13)","decl":{"start":{"line":81,"column":116},"end":{"line":81,"column":117}},"loc":{"start":{"line":81,"column":122},"end":{"line":81,"column":147}},"line":81},"14":{"name":"(anonymous_14)","decl":{"start":{"line":91,"column":34},"end":{"line":91,"column":35}},"loc":{"start":{"line":92,"column":18},"end":{"line":100,"column":30}},"line":92},"15":{"name":"(anonymous_15)","decl":{"start":{"line":95,"column":29},"end":{"line":95,"column":30}},"loc":{"start":{"line":95,"column":35},"end":{"line":95,"column":58}},"line":95},"16":{"name":"(anonymous_16)","decl":{"start":{"line":106,"column":20},"end":{"line":106,"column":21}},"loc":{"start":{"line":107,"column":10},"end":{"line":131,"column":17}},"line":107},"17":{"name":"(anonymous_17)","decl":{"start":{"line":110,"column":23},"end":{"line":110,"column":24}},"loc":{"start":{"line":110,"column":29},"end":{"line":110,"column":50}},"line":110},"18":{"name":"(anonymous_18)","decl":{"start":{"line":120,"column":23},"end":{"line":120,"column":24}},"loc":{"start":{"line":120,"column":29},"end":{"line":120,"column":58}},"line":120}},"branchMap":{"0":{"loc":{"start":{"line":40,"column":4},"end":{"line":40,"column":113}},"type":"cond-expr","locations":[{"start":{"line":40,"column":35},"end":{"line":40,"column":42}},{"start":{"line":40,"column":45},"end":{"line":40,"column":113}}],"line":40},"1":{"loc":{"start":{"line":64,"column":13},"end":{"line":75,"column":13}},"type":"binary-expr","locations":[{"start":{"line":64,"column":13},"end":{"line":64,"column":39}},{"start":{"line":65,"column":14},"end":{"line":74,"column":21}}],"line":64},"2":{"loc":{"start":{"line":76,"column":13},"end":{"line":87,"column":13}},"type":"binary-expr","locations":[{"start":{"line":76,"column":13},"end":{"line":76,"column":41}},{"start":{"line":77,"column":14},"end":{"line":86,"column":21}}],"line":76},"3":{"loc":{"start":{"line":94,"column":60},"end":{"line":94,"column":115}},"type":"cond-expr","locations":[{"start":{"line":94,"column":86},"end":{"line":94,"column":99}},{"start":{"line":94,"column":102},"end":{"line":94,"column":115}}],"line":94},"4":{"loc":{"start":{"line":97,"column":60},"end":{"line":97,"column":114}},"type":"cond-expr","locations":[{"start":{"line":97,"column":86},"end":{"line":97,"column":101}},{"start":{"line":97,"column":104},"end":{"line":97,"column":114}}],"line":97},"5":{"loc":{"start":{"line":124,"column":16},"end":{"line":126,"column":58}},"type":"cond-expr","locations":[{"start":{"line":125,"column":20},"end":{"line":125,"column":56}},{"start":{"line":126,"column":20},"end":{"line":126,"column":58}}],"line":124},"6":{"loc":{"start":{"line":129,"column":77},"end":{"line":129,"column":118}},"type":"cond-expr","locations":[{"start":{"line":129,"column":109},"end":{"line":129,"column":112}},{"start":{"line":129,"column":115},"end":{"line":129,"column":118}}],"line":129}},"s":{"0":1,"1":33,"2":33,"3":33,"4":33,"5":33,"6":33,"7":33,"8":9,"9":9,"10":33,"11":0,"12":33,"13":3,"14":3,"15":3,"16":33,"17":161,"18":2,"19":2,"20":3,"21":33,"22":171,"23":3,"24":0,"25":4,"26":0,"27":162,"28":0,"29":161,"30":2,"31":3,"32":1},"f":{"0":33,"1":9,"2":0,"3":3,"4":3,"5":3,"6":161,"7":2,"8":3,"9":171,"10":3,"11":0,"12":4,"13":0,"14":162,"15":0,"16":161,"17":2,"18":3},"b":{"0":[33,0],"1":[33,3],"2":[33,4],"3":[33,129],"4":[33,129],"5":[4,157],"6":[4,157]},"_coverageSchema":"1a1c01bbd47fc00a2c39e90264f33305004495a9","hash":"c33143016a762bae3ea2f7b193dbfbd21dcf4ecf"}
,"C:\\Users\\victo\\Documents\\projects_github\\Gym_execution\\app\\src\\screens\\GoalsScreen.tsx": {"path":"C:\\Users\\victo\\Documents\\projects_github\\Gym_execution\\app\\src\\screens\\GoalsScreen.tsx","statementMap":{"0":{"start":{"line":16,"column":16},"end":{"line":16,"column":26}},"1":{"start":{"line":17,"column":24},"end":{"line":17,"column":44}},"2":{"start":{"line":18,"column":28},"end":{"line":18,"column":56}},"3":{"start":{"line":21,"column":38},"end":{"line":21,"column":70}},"4":{"start":{"line":22,"column":40},"end":{"line":22,"column":52}},"5":{"start":{"line":23,"column":42},"end":{"line":23,"column":54}},"6":{"start":{"line":25,"column":15},"end":{"line":27,"column":8}},"7":{"start":{"line":26,"column":4},"end":{"line":26,"column":31}},"8":{"start":{"line":29,"column":2},"end":{"line":29,"column":23}},"9":{"start":{"line":32,"column":18},"end":{"line":32,"column":90}},"10":{"start":{"line":33,"column":19},"end":{"line":33,"column":93}},"11":{"start":{"line":34,"column":20},"end":{"line":38,"column":6}},"12":{"start":{"line":39,"column":4},"end":{"line":39,"column":22}},"13":{"start":{"line":40,"column":4},"end":{"line":40,"column":23}},"14":{"start":{"line":41,"column":4},"end":{"line":41,"column":24}},"15":{"start":{"line":45,"column":4},"end":{"line":45,"column":35}},"16":{"start":{"line":48,"column":2},"end":{"line":118,"column":4}},"17":{"start":{"line":54,"column":27},"end":{"line":54,"column":53}},"18":{"start":{"line":55,"column":10},"end":{"line":66,"column":12}},"19":{"start":{"line":59,"column":29},"end":{"line":59,"column":55}},"20":{"start":{"line":96,"column":32},"end":{"line":96,"column":47}},"21":{"start":{"line":98,"column":10},"end":{"line":114,"column":17}},"22":{"start":{"line":108,"column":29},"end":{"line":108,"column":58}},"23":{"start":{"line":121,"column":15},"end":{"line":142,"column":2}}},"fnMap":{"0":{"name":"GoalsScreen","decl":{"start":{"line":15,"column":16},"end":{"line":15,"column":27}},"loc":{"start":{"line":15,"column":30},"end":{"line":119,"column":1}},"line":15},"1":{"name":"(anonymous_1)","decl":{"start":{"line":25,"column":27},"end":{"line":25,"column":28}},"loc":{"start":{"line":25,"column":33},"end":{"line":27,"column":3}},"line":25},"2":{"name":"handleSave","decl":{"start":{"line":31,"column":17},"end":{"line":31,"column":27}},"loc":{"start":{"line":31,"column":30},"end":{"line":42,"column":3}},"line":31},"3":{"name":"handleRemove","decl":{"start":{"line":44,"column":17},"end":{"line":44,"column":29}},"loc":{"start":{"line":44,"column":42},"end":{"line":46,"column":3}},"line":44},"4":{"name":"(anonymous_4)","decl":{"start":{"line":53,"column":23},"end":{"line":53,"column":24}},"loc":{"start":{"line":53,"column":37},"end":{"line":67,"column":9}},"line":53},"5":{"name":"(anonymous_5)","decl":{"start":{"line":59,"column":23},"end":{"line":59,"column":24}},"loc":{"start":{"line":59,"column":29},"end":{"line":59,"column":55}},"line":59},"6":{"name":"(anonymous_6)","decl":{"start":{"line":96,"column":22},"end":{"line":96,"column":23}},"loc":{"start":{"line":96,"column":32},"end":{"line":96,"column":47}},"line":96},"7":{"name":"(anonymous_7)","decl":{"start":{"line":97,"column":20},"end":{"line":97,"column":21}},"loc":{"start":{"line":98,"column":10},"end":{"line":114,"column":17}},"line":98},"8":{"name":"(anonymous_8)","decl":{"start":{"line":108,"column":23},"end":{"line":108,"column":24}},"loc":{"start":{"line":108,"column":29},"end":{"line":108,"column":58}},"line":108}},"branchMap":{"0":{"loc":{"start":{"line":21,"column":47},"end":{"line":21,"column":69}},"type":"binary-expr","locations":[{"start":{"line":21,"column":47},"end":{"line":21,"column":63}},{"start":{"line":21,"column":67},"end":{"line":21,"column":69}}],"line":21},"1":{"loc":{"start":{"line":32,"column":18},"end":{"line":32,"column":90}},"type":"cond-expr","locations":[{"start":{"line":32,"column":39},"end":{"line":32,"column":83}},{"start":{"line":32,"column":86},"end":{"line":32,"column":90}}],"line":32},"2":{"loc":{"start":{"line":33,"column":19},"end":{"line":33,"column":93}},"type":"cond-expr","locations":[{"start":{"line":33,"column":41},"end":{"line":33,"column":86}},{"start":{"line":33,"column":89},"end":{"line":33,"column":93}}],"line":33},"3":{"loc":{"start":{"line":36,"column":19},"end":{"line":36,"column":73}},"type":"cond-expr","locations":[{"start":{"line":36,"column":61},"end":{"line":36,"column":66}},{"start":{"line":36,"column":69},"end":{"line":36,"column":73}}],"line":36},"4":{"loc":{"start":{"line":36,"column":19},"end":{"line":36,"column":58}},"type":"binary-expr","locations":[{"start":{"line":36,"column":19},"end":{"line":36,"column":32}},{"start":{"line":36,"column":36},"end":{"line":36,"column":58}}],"line":36},"5":{"loc":{"start":{"line":37,"column":22},"end":{"line":37,"column":79}},"type":"cond-expr","locations":[{"start":{"line":37,"column":66},"end":{"line":37,"column":72}},{"start":{"line":37,"column":75},"end":{"line":37,"column":79}}],"line":37},"6":{"loc":{"start":{"line":37,"column":22},"end":{"line":37,"column":63}},"type":"binary-expr","locations":[{"start":{"line":37,"column":22},"end":{"line":37,"column":36}},{"start":{"line":37,"column":40},"end":{"line":37,"column":63}}],"line":37},"7":{"loc":{"start":{"line":58,"column":72},"end":{"line":58,"column":146}},"type":"binary-expr","locations":[{"start":{"line":58,"column":72},"end":{"line":58,"column":80}},{"start":{"line":58,"column":84},"end":{"line":58,"column":146}}],"line":58},"8":{"loc":{"start":{"line":64,"column":56},"end":{"line":64,"column":95}},"type":"cond-expr","locations":[{"start":{"line":64,"column":67},"end":{"line":64,"column":82}},{"start":{"line":64,"column":85},"end":{"line":64,"column":95}}],"line":64},"9":{"loc":{"start":{"line":102,"column":17},"end":{"line":102,"column":82}},"type":"cond-expr","locations":[{"start":{"line":102,"column":44},"end":{"line":102,"column":77}},{"start":{"line":102,"column":80},"end":{"line":102,"column":82}}],"line":102},"10":{"loc":{"start":{"line":103,"column":17},"end":{"line":103,"column":85}},"type":"cond-expr","locations":[{"start":{"line":103,"column":75},"end":{"line":103,"column":80}},{"start":{"line":103,"column":83},"end":{"line":103,"column":85}}],"line":103},"11":{"loc":{"start":{"line":103,"column":17},"end":{"line":103,"column":72}},"type":"binary-expr","locations":[{"start":{"line":103,"column":17},"end":{"line":103,"column":41}},{"start":{"line":103,"column":45},"end":{"line":103,"column":72}}],"line":103},"12":{"loc":{"start":{"line":104,"column":17},"end":{"line":104,"column":85}},"type":"cond-expr","locations":[{"start":{"line":104,"column":47},"end":{"line":104,"column":80}},{"start":{"line":104,"column":83},"end":{"line":104,"column":85}}],"line":104}},"s":{"0":0,"1":0,"2":0,"3":0,"4":0,"5":0,"6":0,"7":0,"8":0,"9":0,"10":0,"11":0,"12":0,"13":0,"14":0,"15":0,"16":0,"17":0,"18":0,"19":0,"20":0,"21":0,"22":0,"23":0},"f":{"0":0,"1":0,"2":0,"3":0,"4":0,"5":0,"6":0,"7":0,"8":0},"b":{"0":[0,0],"1":[0,0],"2":[0,0],"3":[0,0],"4":[0,0],"5":[0,0],"6":[0,0],"7":[0,0],"8":[0,0],"9":[0,0],"10":[0,0],"11":[0,0],"12":[0,0]}}
,"C:\\Users\\victo\\Documents\\projects_github\\Gym_execution\\app\\src\\screens\\HistoryScreen.tsx": {"path":"C:\\Users\\victo\\Documents\\projects_github\\Gym_execution\\app\\src\\screens\\HistoryScreen.tsx","statementMap":{"0":{"start":{"line":16,"column":2},"end":{"line":22,"column":5}},"1":{"start":{"line":31,"column":20},"end":{"line":31,"column":29}},"2":{"start":{"line":32,"column":16},"end":{"line":32,"column":26}},"3":{"start":{"line":33,"column":34},"end":{"line":33,"column":71}},"4":{"start":{"line":34,"column":32},"end":{"line":34,"column":46}},"5":{"start":{"line":35,"column":40},"end":{"line":35,"column":55}},"6":{"start":{"line":36,"column":32},"end":{"line":36,"column":46}},"7":{"start":{"line":37,"column":28},"end":{"line":37,"column":57}},"8":{"start":{"line":38,"column":42},"end":{"line":38,"column":53}},"9":{"start":{"line":41,"column":15},"end":{"line":58,"column":13}},"10":{"start":{"line":42,"column":4},"end":{"line":42,"column":23}},"11":{"start":{"line":42,"column":16},"end":{"line":42,"column":23}},"12":{"start":{"line":43,"column":4},"end":{"line":43,"column":19}},"13":{"start":{"line":44,"column":4},"end":{"line":57,"column":5}},"14":{"start":{"line":48,"column":6},"end":{"line":48,"column":56}},"15":{"start":{"line":49,"column":6},"end":{"line":49,"column":52}},"16":{"start":{"line":50,"column":19},"end":{"line":50,"column":61}},"17":{"start":{"line":51,"column":6},"end":{"line":51,"column":24}},"18":{"start":{"line":52,"column":6},"end":{"line":52,"column":53}},"19":{"start":{"line":54,"column":6},"end":{"line":54,"column":97}},"20":{"start":{"line":56,"column":6},"end":{"line":56,"column":24}},"21":{"start":{"line":64,"column":19},"end":{"line":77,"column":61}},"22":{"start":{"line":65,"column":4},"end":{"line":65,"column":61}},"23":{"start":{"line":65,"column":54},"end":{"line":65,"column":61}},"24":{"start":{"line":66,"column":4},"end":{"line":66,"column":25}},"25":{"start":{"line":67,"column":4},"end":{"line":76,"column":5}},"26":{"start":{"line":68,"column":19},"end":{"line":68,"column":75}},"27":{"start":{"line":69,"column":6},"end":{"line":69,"column":54}},"28":{"start":{"line":69,"column":31},"end":{"line":69,"column":52}},"29":{"start":{"line":70,"column":6},"end":{"line":70,"column":53}},"30":{"start":{"line":75,"column":6},"end":{"line":75,"column":28}},"31":{"start":{"line":79,"column":2},"end":{"line":83,"column":4}},"32":{"start":{"line":81,"column":6},"end":{"line":81,"column":13}},"33":{"start":{"line":85,"column":2},"end":{"line":91,"column":3}},"34":{"start":{"line":86,"column":4},"end":{"line":90,"column":6}},"35":{"start":{"line":93,"column":2},"end":{"line":99,"column":3}},"36":{"start":{"line":94,"column":4},"end":{"line":98,"column":6}},"37":{"start":{"line":101,"column":24},"end":{"line":110,"column":10}},"38":{"start":{"line":112,"column":2},"end":{"line":119,"column":3}},"39":{"start":{"line":113,"column":4},"end":{"line":118,"column":6}},"40":{"start":{"line":121,"column":2},"end":{"line":152,"column":4}},"41":{"start":{"line":125,"column":32},"end":{"line":125,"column":39}},"42":{"start":{"line":136,"column":10},"end":{"line":148,"column":17}},"43":{"start":{"line":155,"column":15},"end":{"line":168,"column":2}}},"fnMap":{"0":{"name":"formatDateTime","decl":{"start":{"line":15,"column":9},"end":{"line":15,"column":23}},"loc":{"start":{"line":15,"column":49},"end":{"line":23,"column":1}},"line":15},"1":{"name":"HistoryScreen","decl":{"start":{"line":30,"column":16},"end":{"line":30,"column":29}},"loc":{"start":{"line":30,"column":32},"end":{"line":153,"column":1}},"line":30},"2":{"name":"(anonymous_2)","decl":{"start":{"line":41,"column":27},"end":{"line":41,"column":28}},"loc":{"start":{"line":41,"column":39},"end":{"line":58,"column":3}},"line":41},"3":{"name":"(anonymous_3)","decl":{"start":{"line":48,"column":46},"end":{"line":48,"column":47}},"loc":{"start":{"line":48,"column":52},"end":{"line":48,"column":54}},"line":48},"4":{"name":"(anonymous_4)","decl":{"start":{"line":64,"column":31},"end":{"line":64,"column":32}},"loc":{"start":{"line":64,"column":43},"end":{"line":77,"column":3}},"line":64},"5":{"name":"(anonymous_5)","decl":{"start":{"line":69,"column":18},"end":{"line":69,"column":19}},"loc":{"start":{"line":69,"column":31},"end":{"line":69,"column":52}},"line":69},"6":{"name":"(anonymous_6)","decl":{"start":{"line":80,"column":16},"end":{"line":80,"column":17}},"loc":{"start":{"line":80,"column":22},"end":{"line":82,"column":5}},"line":80},"7":{"name":"(anonymous_7)","decl":{"start":{"line":125,"column":22},"end":{"line":125,"column":23}},"loc":{"start":{"line":125,"column":32},"end":{"line":125,"column":39}},"line":125},"8":{"name":"(anonymous_8)","decl":{"start":{"line":135,"column":20},"end":{"line":135,"column":21}},"loc":{"start":{"line":136,"column":10},"end":{"line":148,"column":17}},"line":136}},"branchMap":{"0":{"loc":{"start":{"line":42,"column":4},"end":{"line":42,"column":23}},"type":"if","locations":[{"start":{"line":42,"column":4},"end":{"line":42,"column":23}},{"start":{},"end":{}}],"line":42},"1":{"loc":{"start":{"line":54,"column":15},"end":{"line":54,"column":95}},"type":"cond-expr","locations":[{"start":{"line":54,"column":41},"end":{"line":54,"column":52}},{"start":{"line":54,"column":55},"end":{"line":54,"column":95}}],"line":54},"2":{"loc":{"start":{"line":65,"column":4},"end":{"line":65,"column":61}},"type":"if","locations":[{"start":{"line":65,"column":4},"end":{"line":65,"column":61}},{"start":{},"end":{}}],"line":65},"3":{"loc":{"start":{"line":65,"column":8},"end":{"line":65,"column":52}},"type":"binary-expr","locations":[{"start":{"line":65,"column":8},"end":{"line":65,"column":14}},{"start":{"line":65,"column":18},"end":{"line":65,"column":25}},{"start":{"line":65,"column":29},"end":{"line":65,"column":40}},{"start":{"line":65,"column":44},"end":{"line":65,"column":52}}],"line":65},"4":{"loc":{"start":{"line":85,"column":2},"end":{"line":91,"column":3}},"type":"if","locations":[{"start":{"line":85,"column":2},"end":{"line":91,"column":3}},{"start":{},"end":{}}],"line":85},"5":{"loc":{"start":{"line":93,"column":2},"end":{"line":99,"column":3}},"type":"if","locations":[{"start":{"line":93,"column":2},"end":{"line":99,"column":3}},{"start":{},"end":{}}],"line":93},"6":{"loc":{"start":{"line":101,"column":24},"end":{"line":110,"column":10}},"type":"cond-expr","locations":[{"start":{"line":102,"column":4},"end":{"line":109,"column":11}},{"start":{"line":110,"column":6},"end":{"line":110,"column":10}}],"line":101},"7":{"loc":{"start":{"line":104,"column":9},"end":{"line":106,"column":68}},"type":"cond-expr","locations":[{"start":{"line":105,"column":12},"end":{"line":105,"column":50}},{"start":{"line":106,"column":12},"end":{"line":106,"column":68}}],"line":104},"8":{"loc":{"start":{"line":112,"column":2},"end":{"line":119,"column":3}},"type":"if","locations":[{"start":{"line":112,"column":2},"end":{"line":119,"column":3}},{"start":{},"end":{}}],"line":112},"9":{"loc":{"start":{"line":131,"column":10},"end":{"line":133,"column":18}},"type":"cond-expr","locations":[{"start":{"line":132,"column":12},"end":{"line":132,"column":97}},{"start":{"line":133,"column":14},"end":{"line":133,"column":18}}],"line":131},"10":{"loc":{"start":{"line":138,"column":130},"end":{"line":138,"column":193}},"type":"cond-expr","locations":[{"start":{"line":138,"column":155},"end":{"line":138,"column":188}},{"start":{"line":138,"column":191},"end":{"line":138,"column":193}}],"line":138},"11":{"loc":{"start":{"line":146,"column":15},"end":{"line":146,"column":70}},"type":"cond-expr","locations":[{"start":{"line":146,"column":40},"end":{"line":146,"column":65}},{"start":{"line":146,"column":68},"end":{"line":146,"column":70}}],"line":146}},"s":{"0":6,"1":33,"2":33,"3":33,"4":33,"5":33,"6":33,"7":33,"8":33,"9":33,"10":8,"11":0,"12":8,"13":8,"14":8,"15":8,"16":8,"17":7,"18":7,"19":1,"20":8,"21":33,"22":0,"23":0,"24":0,"25":0,"26":0,"27":0,"28":0,"29":0,"30":0,"31":33,"32":8,"33":33,"34":25,"35":8,"36":1,"37":7,"38":7,"39":4,"40":3,"41":6,"42":3,"43":1},"f":{"0":6,"1":33,"2":8,"3":1,"4":0,"5":0,"6":8,"7":6,"8":3},"b":{"0":[0,8],"1":[1,0],"2":[0,0],"3":[0,0,0,0],"4":[25,8],"5":[1,7],"6":[2,5],"7":[1,1],"8":[4,3],"9":[0,3],"10":[1,2],"11":[1,2]},"_coverageSchema":"1a1c01bbd47fc00a2c39e90264f33305004495a9","hash":"93523b0b5e5a6c618f18badeb90d26942fd0e64f"}
[...]
4},"end":{"line":38,"column":98}},"13":{"start":{"line":41,"column":2},"end":{"line":41,"column":52}},"14":{"start":{"line":42,"column":2},"end":{"line":42,"column":26}}},"fnMap":{"0":{"name":"buildResultShareText","decl":{"start":{"line":19,"column":16},"end":{"line":19,"column":36}},"loc":{"start":{"line":19,"column":68},"end":{"line":43,"column":1}},"line":19}},"branchMap":{"0":{"loc":{"start":{"line":22,"column":2},"end":{"line":24,"column":3}},"type":"if","locations":[{"start":{"line":22,"column":2},"end":{"line":24,"column":3}},{"start":{},"end":{}}],"line":22},"1":{"loc":{"start":{"line":22,"column":6},"end":{"line":22,"column":48}},"type":"binary-expr","locations":[{"start":{"line":22,"column":6},"end":{"line":22,"column":27}},{"start":{"line":22,"column":31},"end":{"line":22,"column":48}}],"line":22},"2":{"loc":{"start":{"line":25,"column":2},"end":{"line":27,"column":3}},"type":"if","locations":[{"start":{"line":25,"column":2},"end":{"line":27,"column":3}},{"start":{},"end":{}}],"line":25},"3":{"loc":{"start":{"line":28,"column":2},"end":{"line":30,"column":3}},"type":"if","locations":[{"start":{"line":28,"column":2},"end":{"line":30,"column":3}},{"start":{},"end":{}}],"line":28},"4":{"loc":{"start":{"line":31,"column":2},"end":{"line":33,"column":3}},"type":"if","locations":[{"start":{"line":31,"column":2},"end":{"line":33,"column":3}},{"start":{},"end":{}}],"line":31},"5":{"loc":{"start":{"line":34,"column":2},"end":{"line":36,"column":3}},"type":"if","locations":[{"start":{"line":34,"column":2},"end":{"line":36,"column":3}},{"start":{},"end":{}}],"line":34},"6":{"loc":{"start":{"line":37,"column":2},"end":{"line":39,"column":3}},"type":"if","locations":[{"start":{"line":37,"column":2},"end":{"line":39,"column":3}},{"start":{},"end":{}}],"line":37}},"s":{"0":3,"1":3,"2":1,"3":3,"4":1,"5":3,"6":1,"7":3,"8":1,"9":3,"10":1,"11":3,"12":1,"13":3,"14":3},"f":{"0":3},"b":{"0":[1,2],"1":[3,2],"2":[1,2],"3":[1,2],"4":[1,2],"5":[1,2],"6":[1,2]},"_coverageSchema":"1a1c01bbd47fc00a2c39e90264f33305004495a9","hash":"3135ef6ff6e781e7bfce2751aef91b17580e9734"}
,"C:\\Users\\victo\\Documents\\projects_github\\Gym_execution\\app\\src\\services\\sessionInsights.ts": {"path":"C:\\Users\\victo\\Documents\\projects_github\\Gym_execution\\app\\src\\services\\sessionInsights.ts","statementMap":{"0":{"start":{"line":13,"column":19},"end":{"line":13,"column":83}},"1":{"start":{"line":13,"column":48},"end":{"line":13,"column":82}},"2":{"start":{"line":14,"column":2},"end":{"line":14,"column":41}},"3":{"start":{"line":14,"column":29},"end":{"line":14,"column":41}},"4":{"start":{"line":16,"column":20},"end":{"line":16,"column":73}},"5":{"start":{"line":16,"column":58},"end":{"line":16,"column":71}},"6":{"start":{"line":17,"column":18},"end":{"line":17,"column":115}},"7":{"start":{"line":17,"column":44},"end":{"line":17,"column":61}},"8":{"start":{"line":17,"column":100},"end":{"line":17,"column":114}},"9":{"start":{"line":18,"column":23},"end":{"line":18,"column":71}},"10":{"start":{"line":20,"column":2},"end":{"line":20,"column":37}},"11":{"start":{"line":33,"column":2},"end":{"line":38,"column":4}},"12":{"start":{"line":42,"column":41},"end":{"line":42,"column":43}},"13":{"start":{"line":45,"column":33},"end":{"line":45,"column":34}},"14":{"start":{"line":63,"column":2},"end":{"line":63,"column":44}},"15":{"start":{"line":63,"column":32},"end":{"line":63,"column":44}},"16":{"start":{"line":65,"column":24},"end":{"line":69,"column":50}},"17":{"start":{"line":66,"column":25},"end":{"line":66,"column":88}},"18":{"start":{"line":67,"column":20},"end":{"line":67,"column":89}},"19":{"start":{"line":69,"column":22},"end":{"line":69,"column":49}},"20":{"start":{"line":71,"column":2},"end":{"line":71,"column":46}},"21":{"start":{"line":71,"column":34},"end":{"line":71,"column":46}},"22":{"start":{"line":73,"column":32},"end":{"line":73,"column":109}},"23":{"start":{"line":73,"column":70},"end":{"line":73,"column":82}},"24":{"start":{"line":74,"column":2},"end":{"line":74,"column":46}},"25":{"start":{"line":74,"column":34},"end":{"line":74,"column":46}},"26":{"start":{"line":76,"column":26},"end":{"line":76,"column":111}},"27":{"start":{"line":77,"column":2},"end":{"line":77,"column":63}},"28":{"start":{"line":77,"column":51},"end":{"line":77,"column":63}},"29":{"start":{"line":79,"column":2},"end":{"line":79,"column":52}}},"fnMap":{"0":{"name":"computePersonalRecord","decl":{"start":{"line":12,"column":16},"end":{"line":12,"column":37}},"loc":{"start":{"line":12,"column":116},"end":{"line":21,"column":1}},"line":12},"1":{"name":"(anonymous_1)","decl":{"start":{"line":13,"column":35},"end":{"line":13,"column":36}},"loc":{"start":{"line":13,"column":48},"end":{"line":13,"column":82}},"line":13},"2":{"name":"(anonymous_2)","decl":{"start":{"line":16,"column":45},"end":{"line":16,"column":46}},"loc":{"start":{"line":16,"column":58},"end":{"line":16,"column":71}},"line":16},"3":{"name":"(anonymous_3)","decl":{"start":{"line":17,"column":31},"end":{"line":17,"column":32}},"loc":{"start":{"line":17,"column":44},"end":{"line":17,"column":61}},"line":17},"4":{"name":"(anonymous_4)","decl":{"start":{"line":17,"column":70},"end":{"line":17,"column":71}},"loc":{"start":{"line":17,"column":100},"end":{"line":17,"column":114}},"line":17},"5":{"name":"detectNewRecords","decl":{"start":{"line":29,"column":16},"end":{"line":29,"column":32}},"loc":{"start":{"line":32,"column":14},"end":{"line":39,"column":1}},"line":32},"6":{"name":"detectOverload","decl":{"start":{"line":58,"column":16},"end":{"line":58,"column":30}},"loc":{"start":{"line":62,"column":26},"end":{"line":80,"column":1}},"line":62},"7":{"name":"(anonymous_7)","decl":{"start":{"line":66,"column":12},"end":{"line":66,"column":13}},"loc":{"start":{"line":66,"column":25},"end":{"line":66,"column":88}},"line":66},"8":{"name":"(anonymous_8)","decl":{"start":{"line":67,"column":10},"end":{"line":67,"column":11}},"loc":{"start":{"line":67,"column":20},"end":{"line":67,"column":89}},"line":67},"9":{"name":"(anonymous_9)","decl":{"start":{"line":69,"column":9},"end":{"line":69,"column":10}},"loc":{"start":{"line":69,"column":22},"end":{"line":69,"column":49}},"line":69},"10":{"name":"(anonymous_10)","decl":{"start":{"line":73,"column":53},"end":{"line":73,"column":54}},"loc":{"start":{"line":73,"column":70},"end":{"line":73,"column":82}},"line":73}},"branchMap":{"0":{"loc":{"start":{"line":14,"column":2},"end":{"line":14,"column":41}},"type":"if","locations":[{"start":{"line":14,"column":2},"end":{"line":14,"column":41}},{"start":{},"end":{}}],"line":14},"1":{"loc":{"start":{"line":18,"column":23},"end":{"line":18,"column":71}},"type":"cond-expr","locations":[{"start":{"line":18,"column":44},"end":{"line":18,"column":64}},{"start":{"line":18,"column":67},"end":{"line":18,"column":71}}],"line":18},"2":{"loc":{"start":{"line":34,"column":11},"end":{"line":34,"column":66}},"type":"binary-expr","locations":[{"start":{"line":34,"column":11},"end":{"line":34,"column":28}},{"start":{"line":34,"column":32},"end":{"line":34,"column":66}}],"line":34},"3":{"loc":{"start":{"line":36,"column":6},"end":{"line":37,"column":103}},"type":"binary-expr","locations":[{"start":{"line":36,"column":6},"end":{"line":36,"column":30}},{"start":{"line":37,"column":7},"end":{"line":37,"column":24}},{"start":{"line":37,"column":28},"end":{"line":37,"column":58}},{"start":{"line":37,"column":62},"end":{"line":37,"column":102}}],"line":36},"4":{"loc":{"start":{"line":63,"column":2},"end":{"line":63,"column":44}},"type":"if","locations":[{"start":{"line":63,"column":2},"end":{"line":63,"column":44}},{"start":{},"end":{}}],"line":63},"5":{"loc":{"start":{"line":66,"column":25},"end":{"line":66,"column":88}},"type":"binary-expr","locations":[{"start":{"line":66,"column":25},"end":{"line":66,"column":59}},{"start":{"line":66,"column":63},"end":{"line":66,"column":88}}],"line":66},"6":{"loc":{"start":{"line":71,"column":2},"end":{"line":71,"column":46}},"type":"if","locations":[{"start":{"line":71,"column":2},"end":{"line":71,"column":46}},{"start":{},"end":{}}],"line":71},"7":{"loc":{"start":{"line":74,"column":2},"end":{"line":74,"column":46}},"type":"if","locations":[{"start":{"line":74,"column":2},"end":{"line":74,"column":46}},{"start":{},"end":{}}],"line":74},"8":{"loc":{"start":{"line":77,"column":2},"end":{"line":77,"column":63}},"type":"if","locations":[{"start":{"line":77,"column":2},"end":{"line":77,"column":63}},{"start":{},"end":{}}],"line":77}},"s":{"0":4,"1":7,"2":4,"3":2,"4":2,"5":5,"6":2,"7":5,"8":5,"9":2,"10":2,"11":5,"12":1,"13":1,"14":5,"15":1,"16":4,"17":11,"18":7,"19":9,"20":4,"21":1,"22":3,"23":9,"24":3,"25":0,"26":3,"27":3,"28":1,"29":2},"f":{"0":4,"1":7,"2":5,"3":5,"4":5,"5":5,"6":5,"7":11,"8":7,"9":9,"10":9},"b":{"0":[2,2],"1":[1,1],"2":[5,3],"3":[5,4,3,3],"4":[1,4],"5":[11,10],"6":[1,3],"7":[0,3],"8":[1,2]},"_coverageSchema":"1a1c01bbd47fc00a2c39e90264f33305004495a9","hash":"878695ce131399cc68f40e0959254bc7e545ac54"}
,"C:\\Users\\victo\\Documents\\projects_github\\Gym_execution\\app\\src\\services\\sessionsService.ts": {"path":"C:\\Users\\victo\\Documents\\projects_github\\Gym_execution\\app\\src\\services\\sessionsService.ts","statementMap":{"0":{"start":{"line":20,"column":34},"end":{"line":20,"column":36}},"1":{"start":{"line":26,"column":53},"end":{"line":26,"column":60}},"2":{"start":{"line":27,"column":2},"end":{"line":27,"column":101}},"3":{"start":{"line":36,"column":19},"end":{"line":36,"column":22}},"4":{"start":{"line":37,"column":39},"end":{"line":37,"column":41}},"5":{"start":{"line":38,"column":15},"end":{"line":38,"column":16}},"6":{"start":{"line":40,"column":2},"end":{"line":45,"column":3}},"7":{"start":{"line":41,"column":17},"end":{"line":41,"column":73}},"8":{"start":{"line":42,"column":4},"end":{"line":42,"column":22}},"9":{"start":{"line":43,"column":4},"end":{"line":43,"column":43}},"10":{"start":{"line":43,"column":32},"end":{"line":43,"column":43}},"11":{"start":{"line":44,"column":4},"end":{"line":44,"column":23}},"12":{"start":{"line":53,"column":2},"end":{"line":53,"column":64}},"13":{"start":{"line":72,"column":2},"end":{"line":72,"column":80}},"14":{"start":{"line":82,"column":2},"end":{"line":92,"column":5}}},"fnMap":{"0":{"name":"listMySessions","decl":{"start":{"line":22,"column":16},"end":{"line":22,"column":30}},"loc":{"start":{"line":25,"column":36},"end":{"line":28,"column":1}},"line":25},"1":{"name":"listAllMySessions","decl":{"start":{"line":35,"column":22},"end":{"line":35,"column":39}},"loc":{"start":{"line":35,"column":89},"end":{"line":46,"column":1}},"line":35},"2":{"name":"getMyStats","decl":{"start":{"line":52,"column":16},"end":{"line":52,"column":26}},"loc":{"start":{"line":52,"column":65},"end":{"line":54,"column":1}},"line":52},"3":{"name":"buildIdempotencyKey","decl":{"start":{"line":66,"column":16},"end":{"line":66,"column":35}},"loc":{"start":{"line":71,"column":10},"end":{"line":73,"column":1}},"line":71},"4":{"name":"recordSession","decl":{"start":{"line":75,"column":16},"end":{"line":75,"column":29}},"loc":{"start":{"line":81,"column":34},"end":{"line":93,"column":1}},"line":81}},"branchMap":{"0":{"loc":{"start":{"line":24,"column":2},"end":{"line":24,"column":51}},"type":"default-arg","locations":[{"start":{"line":24,"column":49},"end":{"line":24,"column":51}}],"line":24},"1":{"loc":{"start":{"line":26,"column":10},"end":{"line":26,"column":20}},"type":"default-arg","locations":[{"start":{"line":26,"column":19},"end":{"line":26,"column":20}}],"line":26},"2":{"loc":{"start":{"line":26,"column":22},"end":{"line":26,"column":48}},"type":"default-arg","locations":[{"start":{"line":26,"column":30},"end":{"line":26,"column":48}}],"line":26},"3":{"loc":{"start":{"line":43,"column":4},"end":{"line":43,"column":43}},"type":"if","locations":[{"start":{"line":43,"column":4},"end":{"line":43,"column":43}},{"start":{},"end":{}}],"line":43},"4":{"loc":{"start":{"line":72,"column":63},"end":{"line":72,"column":77}},"type":"binary-expr","locations":[{"start":{"line":72,"column":63},"end":{"line":72,"column":71}},{"start":{"line":72,"column":75},"end":{"line":72,"column":77}}],"line":72},"5":{"loc":{"start":{"line":90,"column":17},"end":{"line":90,"column":33}},"type":"binary-expr","locations":[{"start":{"line":90,"column":17},"end":{"line":90,"column":25}},{"start":{"line":90,"column":29},"end":{"line":90,"column":33}}],"line":90}},"s":{"0":0,"1":0,"2":0,"3":0,"4":0,"5":0,"6":0,"7":0,"8":0,"9":0,"10":0,"11":0,"12":0,"13":0,"14":0},"f":{"0":0,"1":0,"2":0,"3":0,"4":0},"b":{"0":[0],"1":[0],"2":[0],"3":[0,0],"4":[0,0],"5":[0,0]}}
,"C:\\Users\\victo\\Documents\\projects_github\\Gym_execution\\app\\src\\services\\theme.ts": {"path":"C:\\Users\\victo\\Documents\\projects_github\\Gym_execution\\app\\src\\services\\theme.ts","statementMap":{"0":{"start":{"line":27,"column":14},"end":{"line":37,"column":1}},"1":{"start":{"line":41,"column":13},"end":{"line":51,"column":1}},"2":{"start":{"line":66,"column":15},"end":{"line":66,"column":50}},"3":{"start":{"line":67,"column":22},"end":{"line":67,"column":64}},"4":{"start":{"line":69,"column":2},"end":{"line":83,"column":3}},"5":{"start":{"line":70,"column":21},"end":{"line":70,"column":44}},"6":{"start":{"line":71,"column":4},"end":{"line":82,"column":6}},"7":{"start":{"line":85,"column":2},"end":{"line":85,"column":67}}},"fnMap":{"0":{"name":"getTheme","decl":{"start":{"line":65,"column":16},"end":{"line":65,"column":24}},"loc":{"start":{"line":65,"column":58},"end":{"line":86,"column":1}},"line":65}},"branchMap":{"0":{"loc":{"start":{"line":66,"column":15},"end":{"line":66,"column":50}},"type":"cond-expr","locations":[{"start":{"line":66,"column":38},"end":{"line":66,"column":42}},{"start":{"line":66,"column":45},"end":{"line":66,"column":50}}],"line":66},"1":{"loc":{"start":{"line":69,"column":2},"end":{"line":83,"column":3}},"type":"if","locations":[{"start":{"line":69,"column":2},"end":{"line":83,"column":3}},{"start":{},"end":{}}],"line":69}},"s":{"0":7,"1":7,"2":67,"3":67,"4":67,"5":6,"6":6,"7":61},"f":{"0":67},"b":{"0":[9,58],"1":[6,61]},"_coverageSchema":"1a1c01bbd47fc00a2c39e90264f33305004495a9","hash":"aae4b84269f88dfaf01676ee152b62830cdfdf2e"}
,"C:\\Users\\victo\\Documents\\projects_github\\Gym_execution\\app\\src\\services\\trainingReport.ts": {"path":"C:\\Users\\victo\\Documents\\projects_github\\Gym_execution\\app\\src\\services\\trainingReport.ts","statementMap":{"0":{"start":{"line":18,"column":17},"end":{"line":18,"column":30}},"1":{"start":{"line":19,"column":2},"end":{"line":19,"column":42}},"2":{"start":{"line":21,"column":17},"end":{"line":24,"column":4}},"3":{"start":{"line":22,"column":23},"end":{"line":22,"column":52}},"4":{"start":{"line":23,"column":4},"end":{"line":23,"column":53}},"5":{"start":{"line":26,"column":24},"end":{"line":26,"column":90}},"6":{"start":{"line":26,"column":56},"end":{"line":26,"column":86}},"7":{"start":{"line":28,"column":4},"end":{"line":28,"column":114}},"8":{"start":{"line":28,"column":67},"end":{"line":28,"column":86}},"9":{"start":{"line":30,"column":2},"end":{"line":30,"column":71}},"10":{"start":{"line":37,"column":2},"end":{"line":40,"column":83}},"11":{"start":{"line":38,"column":20},"end":{"line":38,"column":89}},"12":{"start":{"line":40,"column":23},"end":{"line":40,"column":80}}},"fnMap":{"0":{"name":"computePeriodReport","decl":{"start":{"line":13,"column":16},"end":{"line":13,"column":35}},"loc":{"start":{"line":17,"column":16},"end":{"line":31,"column":1}},"line":17},"1":{"name":"(anonymous_1)","decl":{"start":{"line":21,"column":33},"end":{"line":21,"column":34}},"loc":{"start":{"line":21,"column":46},"end":{"line":24,"column":3}},"line":21},"2":{"name":"(anonymous_2)","decl":{"start":{"line":26,"column":38},"end":{"line":26,"column":39}},"loc":{"start":{"line":26,"column":56},"end":{"line":26,"column":86}},"line":26},"3":{"name":"(anonymous_3)","decl":{"start":{"line":28,"column":49},"end":{"line":28,"column":50}},"loc":{"start":{"line":28,"column":67},"end":{"line":28,"column":86}},"line":28},"4":{"name":"computeScoreSeries","decl":{"start":{"line":36,"column":16},"end":{"line":36,"column":34}},"loc":{"start":{"line":36,"column":96},"end":{"line":41,"column":1}},"line":36},"5":{"name":"(anonymous_5)","decl":{"start":{"line":38,"column":10},"end":{"line":38,"column":11}},"loc":{"start":{"line":38,"column":20},"end":{"line":38,"column":89}},"line":38},"6":{"name":"(anonymous_6)","decl":{"start":{"line":40,"column":9},"end":{"line":40,"column":10}},"loc":{"start":{"line":40,"column":23},"end":{"line":40,"column":80}},"line":40}},"branchMap":{"0":{"loc":{"start":{"line":16,"column":2},"end":{"line":16,"column":24}},"type":"default-arg","locations":[{"start":{"line":16,"column":14},"end":{"line":16,"column":24}}],"line":16},"1":{"loc":{"start":{"line":23,"column":11},"end":{"line":23,"column":52}},"type":"binary-expr","locations":[{"start":{"line":23,"column":11},"end":{"line":23,"column":31}},{"start":{"line":23,"column":35},"end":{"line":23,"column":52}}],"line":23},"2":{"loc":{"start":{"line":26,"column":63},"end":{"line":26,"column":85}},"type":"binary-expr","locations":[{"start":{"line":26,"column":63},"end":{"line":26,"column":80}},{"start":{"line":26,"column":84},"end":{"line":26,"column":85}}],"line":26},"3":{"loc":{"start":{"line":28,"column":4},"end":{"line":28,"column":114}},"type":"cond-expr","locations":[{"start":{"line":28,"column":24},"end":{"line":28,"column":107}},{"start":{"line":28,"column":110},"end":{"line":28,"column":114}}],"line":28},"4":{"loc":{"start":{"line":36,"column":70},"end":{"line":36,"column":80}},"type":"default-arg","locations":[{"start":{"line":36,"column":78},"end":{"line":36,"column":80}}],"line":36}},"s":{"0":3,"1":3,"2":3,"3":4,"4":4,"5":3,"6":3,"7":3,"8":3,"9":3,"10":2,"11":4,"12":2},"f":{"0":3,"1":4,"2":3,"3":3,"4":2,"5":4,"6":2},"b":{"0":[0],"1":[4,3],"2":[3,1],"3":[2,1],"4":[1]},"_coverageSchema":"1a1c01bbd47fc00a2c39e90264f33305004495a9","hash":"a07d8fd71d2974152d714f746ce600e1d339fb40"}
,"C:\\Users\\victo\\Documents\\projects_github\\Gym_execution\\app\\src\\services\\userService.ts": {"path":"C:\\Users\\victo\\Documents\\projects_github\\Gym_execution\\app\\src\\services\\userService.ts","statementMap":{"0":{"start":{"line":13,"column":2},"end":{"line":13,"column":56}},"1":{"start":{"line":19,"column":2},"end":{"line":19,"column":88}},"2":{"start":{"line":27,"column":2},"end":{"line":27,"column":68}}},"fnMap":{"0":{"name":"getMyProfile","decl":{"start":{"line":12,"column":16},"end":{"line":12,"column":28}},"loc":{"start":{"line":12,"column":65},"end":{"line":14,"column":1}},"line":12},"1":{"name":"updateMyProfile","decl":{"start":{"line":18,"column":16},"end":{"line":18,"column":31}},"loc":{"start":{"line":18,"column":92},"end":{"line":20,"column":1}},"line":18},"2":{"name":"deleteMyAccount","decl":{"start":{"line":26,"column":16},"end":{"line":26,"column":31}},"loc":{"start":{"line":26,"column":62},"end":{"line":28,"column":1}},"line":26}},"branchMap":{},"s":{"0":0,"1":0,"2":0},"f":{"0":0,"1":0,"2":0},"b":{}}
,"C:\\Users\\victo\\Documents\\projects_github\\Gym_execution\\app\\src\\services\\warmupTips.ts": {"path":"C:\\Users\\victo\\Documents\\projects_github\\Gym_execution\\app\\src\\services\\warmupTips.ts","statementMap":{"0":{"start":{"line":9,"column":44},"end":{"line":15,"column":1}},"1":{"start":{"line":17,"column":27},"end":{"line":17,"column":97}},"2":{"start":{"line":20,"column":2},"end":{"line":20,"column":55}}},"fnMap":{"0":{"name":"getWarmupTip","decl":{"start":{"line":19,"column":16},"end":{"line":19,"column":28}},"loc":{"start":{"line":19,"column":57},"end":{"line":21,"column":1}},"line":19}},"branchMap":{"0":{"loc":{"start":{"line":20,"column":9},"end":{"line":20,"column":54}},"type":"binary-expr","locations":[{"start":{"line":20,"column":9},"end":{"line":20,"column":32}},{"start":{"line":20,"column":36},"end":{"line":20,"column":54}}],"line":20}},"s":{"0":0,"1":0,"2":0},"f":{"0":0},"b":{"0":[0,0]}}
}
